#! /usr/bin/vvp
:ivl_version "10.1 (stable)" "(v10_1)";
:ivl_delay_selection "TYPICAL";
:vpi_time_precision + 0;
:vpi_module "system";
:vpi_module "vhdl_sys";
:vpi_module "v2005_math";
:vpi_module "va_math";
S_0x7fffe920b820 .scope module, "testbanch" "testbanch" 2 1;
 .timescale 0 0;
v0x7fffe923d3d0_0 .var "clk", 0 0;
v0x7fffe923d470_0 .var "rst", 0 0;
S_0x7fffe91e9840 .scope module, "single_cpu" "single_cpu" 2 11, 3 1 0, S_0x7fffe920b820;
 .timescale 0 0;
    .port_info 0 /INPUT 1 "clk"
    .port_info 1 /INPUT 1 "rst"
v0x7fffe923cad0_0 .net "ConOut", 8 0, L_0x7fffe924ca00;  1 drivers
v0x7fffe923cbb0_0 .net "OpCode", 5 0, L_0x7fffe925d7e0;  1 drivers
v0x7fffe923cd00_0 .net "addi", 0 0, L_0x7fffe9248f80;  1 drivers
v0x7fffe923cda0_0 .net "andi", 0 0, L_0x7fffe9245900;  1 drivers
v0x7fffe923ce40_0 .net "bne", 0 0, L_0x7fffe9242a70;  1 drivers
v0x7fffe923cf80_0 .net "clk", 0 0, v0x7fffe923d3d0_0;  1 drivers
v0x7fffe923d020_0 .net "imm", 0 0, L_0x7fffe92493a0;  1 drivers
o0x7f1512944c98 .functor BUFZ 1, C4<z>; HiZ drive
v0x7fffe923d0c0_0 .net "imm_command", 0 0, o0x7f1512944c98;  0 drivers
v0x7fffe923d160_0 .net "jump", 0 0, L_0x7fffe9244200;  1 drivers
v0x7fffe923d200_0 .net "ori", 0 0, L_0x7fffe9247170;  1 drivers
v0x7fffe923d2a0_0 .net "rst", 0 0, v0x7fffe923d470_0;  1 drivers
S_0x7fffe91e94c0 .scope module, "control_flow" "control_flow" 3 7, 4 1 0, S_0x7fffe91e9840;
 .timescale 0 0;
    .port_info 0 /INPUT 6 "Op"
    .port_info 1 /OUTPUT 9 "Out"
    .port_info 2 /OUTPUT 1 "j"
    .port_info 3 /OUTPUT 1 "bne"
    .port_info 4 /OUTPUT 1 "imm"
    .port_info 5 /OUTPUT 1 "andi"
    .port_info 6 /OUTPUT 1 "ori"
    .port_info 7 /OUTPUT 1 "addi"
L_0x7fffe923d5d0 .functor NOT 1, L_0x7fffe923d530, C4<0>, C4<0>, C4<0>;
L_0x7fffe923d6e0 .functor NOT 1, L_0x7fffe923d640, C4<0>, C4<0>, C4<0>;
L_0x7fffe923d7a0 .functor AND 1, L_0x7fffe923d5d0, L_0x7fffe923d6e0, C4<1>, C4<1>;
L_0x7fffe923d950 .functor NOT 1, L_0x7fffe923d8b0, C4<0>, C4<0>, C4<0>;
L_0x7fffe923da10 .functor AND 1, L_0x7fffe923d7a0, L_0x7fffe923d950, C4<1>, C4<1>;
L_0x7fffe923dcd0 .functor NOT 1, L_0x7fffe923db20, C4<0>, C4<0>, C4<0>;
L_0x7fffe923ddd0 .functor AND 1, L_0x7fffe923da10, L_0x7fffe923dcd0, C4<1>, C4<1>;
L_0x7fffe923df80 .functor NOT 1, L_0x7fffe923dee0, C4<0>, C4<0>, C4<0>;
L_0x7fffe923e090 .functor AND 1, L_0x7fffe923ddd0, L_0x7fffe923df80, C4<1>, C4<1>;
L_0x7fffe923e280 .functor NOT 1, L_0x7fffe923e1a0, C4<0>, C4<0>, C4<0>;
L_0x7fffe923e3a0 .functor AND 1, L_0x7fffe923e090, L_0x7fffe923e280, C4<1>, C4<1>;
L_0x7fffe923e5f0 .functor NOT 1, L_0x7fffe923e500, C4<0>, C4<0>, C4<0>;
L_0x7fffe923e720 .functor AND 1, L_0x7fffe923e460, L_0x7fffe923e5f0, C4<1>, C4<1>;
L_0x7fffe923e8d0 .functor NOT 1, L_0x7fffe923e830, C4<0>, C4<0>, C4<0>;
L_0x7fffe923e6b0 .functor AND 1, L_0x7fffe923e720, L_0x7fffe923e8d0, C4<1>, C4<1>;
L_0x7fffe923ebb0 .functor NOT 1, L_0x7fffe923eab0, C4<0>, C4<0>, C4<0>;
L_0x7fffe923ecb0 .functor AND 1, L_0x7fffe923e6b0, L_0x7fffe923ebb0, C4<1>, C4<1>;
L_0x7fffe923ee60 .functor AND 1, L_0x7fffe923ecb0, L_0x7fffe923edc0, C4<1>, C4<1>;
L_0x7fffe923f120 .functor AND 1, L_0x7fffe923ee60, L_0x7fffe923f010, C4<1>, C4<1>;
L_0x7fffe923f0b0 .functor NOT 1, L_0x7fffe923f2d0, C4<0>, C4<0>, C4<0>;
L_0x7fffe923f4f0 .functor AND 1, L_0x7fffe923f230, L_0x7fffe923f0b0, C4<1>, C4<1>;
L_0x7fffe923f600 .functor AND 1, L_0x7fffe923f4f0, L_0x7fffe923ef70, C4<1>, C4<1>;
L_0x7fffe923f900 .functor NOT 1, L_0x7fffe923f7d0, C4<0>, C4<0>, C4<0>;
L_0x7fffe923f9c0 .functor AND 1, L_0x7fffe923f600, L_0x7fffe923f900, C4<1>, C4<1>;
L_0x7fffe923fc40 .functor AND 1, L_0x7fffe923f9c0, L_0x7fffe923fba0, C4<1>, C4<1>;
L_0x7fffe923fe90 .functor AND 1, L_0x7fffe923fc40, L_0x7fffe923fd50, C4<1>, C4<1>;
L_0x7fffe9240120 .functor NOT 1, L_0x7fffe9240080, C4<0>, C4<0>, C4<0>;
L_0x7fffe9240330 .functor NOT 1, L_0x7fffe92401e0, C4<0>, C4<0>, C4<0>;
L_0x7fffe92404e0 .functor AND 1, L_0x7fffe9240120, L_0x7fffe9240330, C4<1>, C4<1>;
L_0x7fffe92405f0 .functor NOT 1, L_0x7fffe923fdf0, C4<0>, C4<0>, C4<0>;
L_0x7fffe92407b0 .functor AND 1, L_0x7fffe92404e0, L_0x7fffe92405f0, C4<1>, C4<1>;
L_0x7fffe9240a20 .functor AND 1, L_0x7fffe92407b0, L_0x7fffe92408c0, C4<1>, C4<1>;
L_0x7fffe9240ce0 .functor NOT 1, L_0x7fffe9240c40, C4<0>, C4<0>, C4<0>;
L_0x7fffe9240da0 .functor AND 1, L_0x7fffe9240a20, L_0x7fffe9240ce0, C4<1>, C4<1>;
L_0x7fffe9241140 .functor NOT 1, L_0x7fffe9240fd0, C4<0>, C4<0>, C4<0>;
L_0x7fffe9241200 .functor AND 1, L_0x7fffe9240da0, L_0x7fffe9241140, C4<1>, C4<1>;
L_0x7fffe9240f50 .functor NOT 1, L_0x7fffe9240eb0, C4<0>, C4<0>, C4<0>;
L_0x7fffe9241610 .functor NOT 1, L_0x7fffe9241490, C4<0>, C4<0>, C4<0>;
L_0x7fffe9241810 .functor AND 1, L_0x7fffe9240f50, L_0x7fffe9241610, C4<1>, C4<1>;
L_0x7fffe92419c0 .functor NOT 1, L_0x7fffe9241920, C4<0>, C4<0>, C4<0>;
L_0x7fffe9241bd0 .functor AND 1, L_0x7fffe9241810, L_0x7fffe92419c0, C4<1>, C4<1>;
L_0x7fffe9242280 .functor AND 1, L_0x7fffe9241bd0, L_0x7fffe9241ce0, C4<1>, C4<1>;
L_0x7fffe9242590 .functor NOT 1, L_0x7fffe92424f0, C4<0>, C4<0>, C4<0>;
L_0x7fffe9242650 .functor AND 1, L_0x7fffe9242280, L_0x7fffe9242590, C4<1>, C4<1>;
L_0x7fffe9242a70 .functor AND 1, L_0x7fffe9242650, L_0x7fffe92428d0, C4<1>, C4<1>;
L_0x7fffe9242c20 .functor NOT 1, L_0x7fffe9242b80, C4<0>, C4<0>, C4<0>;
L_0x7fffe9243010 .functor NOT 1, L_0x7fffe9242e60, C4<0>, C4<0>, C4<0>;
L_0x7fffe92430d0 .functor AND 1, L_0x7fffe9242c20, L_0x7fffe9243010, C4<1>, C4<1>;
L_0x7fffe9243410 .functor NOT 1, L_0x7fffe9243370, C4<0>, C4<0>, C4<0>;
L_0x7fffe92434d0 .functor AND 1, L_0x7fffe92430d0, L_0x7fffe9243410, C4<1>, C4<1>;
L_0x7fffe9243940 .functor NOT 1, L_0x7fffe9243780, C4<0>, C4<0>, C4<0>;
L_0x7fffe9243a00 .functor AND 1, L_0x7fffe92434d0, L_0x7fffe9243940, C4<1>, C4<1>;
L_0x7fffe9243d60 .functor AND 1, L_0x7fffe9243a00, L_0x7fffe9243cc0, C4<1>, C4<1>;
L_0x7fffe9243820 .functor NOT 1, L_0x7fffe9243e70, C4<0>, C4<0>, C4<0>;
L_0x7fffe9244200 .functor AND 1, L_0x7fffe9243d60, L_0x7fffe9243820, C4<1>, C4<1>;
L_0x7fffe9244310 .functor NOT 1, L_0x7fffe9244270, C4<0>, C4<0>, C4<0>;
L_0x7fffe9244780 .functor NOT 1, L_0x7fffe92445a0, C4<0>, C4<0>, C4<0>;
L_0x7fffe9244840 .functor AND 1, L_0x7fffe9244310, L_0x7fffe9244780, C4<1>, C4<1>;
L_0x7fffe9244bd0 .functor AND 1, L_0x7fffe9244840, L_0x7fffe9244b30, C4<1>, C4<1>;
L_0x7fffe9244ed0 .functor AND 1, L_0x7fffe9244bd0, L_0x7fffe9244ce0, C4<1>, C4<1>;
L_0x7fffe9245270 .functor NOT 1, L_0x7fffe92451d0, C4<0>, C4<0>, C4<0>;
L_0x7fffe9245330 .functor AND 1, L_0x7fffe9244ed0, L_0x7fffe9245270, C4<1>, C4<1>;
L_0x7fffe9245840 .functor NOT 1, L_0x7fffe9245640, C4<0>, C4<0>, C4<0>;
L_0x7fffe9245900 .functor AND 1, L_0x7fffe9245330, L_0x7fffe9245840, C4<1>, C4<1>;
L_0x7fffe9245cc0 .functor NOT 1, L_0x7fffe9245c20, C4<0>, C4<0>, C4<0>;
L_0x7fffe9245f90 .functor NOT 1, L_0x7fffe9245d80, C4<0>, C4<0>, C4<0>;
L_0x7fffe9246270 .functor AND 1, L_0x7fffe9245cc0, L_0x7fffe9245f90, C4<1>, C4<1>;
L_0x7fffe9246420 .functor AND 1, L_0x7fffe9246270, L_0x7fffe9246380, C4<1>, C4<1>;
L_0x7fffe9246980 .functor AND 1, L_0x7fffe9246420, L_0x7fffe9246760, C4<1>, C4<1>;
L_0x7fffe9246b30 .functor NOT 1, L_0x7fffe9246a90, C4<0>, C4<0>, C4<0>;
L_0x7fffe9246e30 .functor AND 1, L_0x7fffe9246980, L_0x7fffe9246b30, C4<1>, C4<1>;
L_0x7fffe9247170 .functor AND 1, L_0x7fffe9246e30, L_0x7fffe9246f40, C4<1>, C4<1>;
L_0x7fffe9247570 .functor NOT 1, L_0x7fffe92474d0, C4<0>, C4<0>, C4<0>;
L_0x7fffe9247870 .functor NOT 1, L_0x7fffe9247630, C4<0>, C4<0>, C4<0>;
L_0x7fffe9247b90 .functor AND 1, L_0x7fffe9247570, L_0x7fffe9247870, C4<1>, C4<1>;
L_0x7fffe9247d40 .functor AND 1, L_0x7fffe9247b90, L_0x7fffe9247ca0, C4<1>, C4<1>;
L_0x7fffe9248310 .functor NOT 1, L_0x7fffe92480c0, C4<0>, C4<0>, C4<0>;
L_0x7fffe92483d0 .functor AND 1, L_0x7fffe9247d40, L_0x7fffe9248310, C4<1>, C4<1>;
L_0x7fffe9248800 .functor NOT 1, L_0x7fffe9248760, C4<0>, C4<0>, C4<0>;
L_0x7fffe92488c0 .functor AND 1, L_0x7fffe92483d0, L_0x7fffe9248800, C4<1>, C4<1>;
L_0x7fffe9248ec0 .functor NOT 1, L_0x7fffe9248c60, C4<0>, C4<0>, C4<0>;
L_0x7fffe9248f80 .functor AND 1, L_0x7fffe92488c0, L_0x7fffe9248ec0, C4<1>, C4<1>;
L_0x7fffe9249330 .functor OR 1, L_0x7fffe9245900, L_0x7fffe9247170, C4<0>, C4<0>;
L_0x7fffe92493a0 .functor OR 1, L_0x7fffe9249330, L_0x7fffe9248f80, C4<0>, C4<0>;
L_0x7fffe9249750 .functor BUFZ 1, L_0x7fffe923e3a0, C4<0>, C4<0>, C4<0>;
L_0x7fffe92497c0 .functor OR 1, L_0x7fffe923f120, L_0x7fffe923fe90, C4<0>, C4<0>;
L_0x7fffe9249b90 .functor OR 1, L_0x7fffe92497c0, L_0x7fffe92493a0, C4<0>, C4<0>;
L_0x7fffe9249c50 .functor BUFZ 1, L_0x7fffe923f120, C4<0>, C4<0>, C4<0>;
L_0x7fffe9249f90 .functor OR 1, L_0x7fffe923e3a0, L_0x7fffe923f120, C4<0>, C4<0>;
L_0x7fffe924a090 .functor OR 1, L_0x7fffe9249f90, L_0x7fffe92493a0, C4<0>, C4<0>;
L_0x7fffe924a470 .functor BUFZ 1, L_0x7fffe923f120, C4<0>, C4<0>, C4<0>;
L_0x7fffe924a4e0 .functor BUFZ 1, L_0x7fffe923fe90, C4<0>, C4<0>, C4<0>;
L_0x7fffe924a840 .functor BUFZ 1, L_0x7fffe9241200, C4<0>, C4<0>, C4<0>;
L_0x7fffe924a8b0 .functor BUFZ 1, L_0x7fffe9249750, C4<0>, C4<0>, C4<0>;
L_0x7fffe924ac70 .functor BUFZ 1, L_0x7fffe9249b90, C4<0>, C4<0>, C4<0>;
L_0x7fffe924ad30 .functor BUFZ 1, L_0x7fffe923e3a0, C4<0>, C4<0>, C4<0>;
L_0x7fffe924b280 .functor BUFZ 1, L_0x7fffe9241200, C4<0>, C4<0>, C4<0>;
L_0x7fffe924b340 .functor BUFZ 1, L_0x7fffe924a840, C4<0>, C4<0>, C4<0>;
L_0x7fffe924b720 .functor BUFZ 1, L_0x7fffe924a470, C4<0>, C4<0>, C4<0>;
L_0x7fffe924baf0 .functor BUFZ 1, L_0x7fffe924a4e0, C4<0>, C4<0>, C4<0>;
L_0x7fffe924bf30 .functor BUFZ 1, L_0x7fffe9249c50, C4<0>, C4<0>, C4<0>;
L_0x7fffe924c0e0 .functor BUFZ 1, L_0x7fffe924a090, C4<0>, C4<0>, C4<0>;
L_0x7fffe924c530 .functor BUFZ 2, L_0x7fffe924bff0, C4<00>, C4<00>, C4<00>;
L_0x7fffe924c5f0 .functor BUFZ 3, L_0x7fffe924b7e0, C4<000>, C4<000>, C4<000>;
L_0x7fffe924cd20 .functor BUFZ 4, L_0x7fffe924b140, C4<0000>, C4<0000>, C4<0000>;
v0x7fffe9202740_0 .net "EXE", 3 0, L_0x7fffe924b140;  1 drivers
v0x7fffe9202810_0 .net "M", 2 0, L_0x7fffe924b7e0;  1 drivers
v0x7fffe9202910_0 .net "Op", 5 0, L_0x7fffe925d7e0;  alias, 1 drivers
v0x7fffe9204490_0 .net "Out", 8 0, L_0x7fffe924ca00;  alias, 1 drivers
v0x7fffe91f2750_0 .net "WB", 1 0, L_0x7fffe924bff0;  1 drivers
v0x7fffe91fb9d0_0 .net *"_s1", 0 0, L_0x7fffe923d530;  1 drivers
v0x7fffe91f9e90_0 .net *"_s100", 0 0, L_0x7fffe92405f0;  1 drivers
v0x7fffe9221340_0 .net *"_s102", 0 0, L_0x7fffe92407b0;  1 drivers
v0x7fffe9221420_0 .net *"_s105", 0 0, L_0x7fffe92408c0;  1 drivers
v0x7fffe9221500_0 .net *"_s106", 0 0, L_0x7fffe9240a20;  1 drivers
v0x7fffe92215e0_0 .net *"_s109", 0 0, L_0x7fffe9240c40;  1 drivers
v0x7fffe92216c0_0 .net *"_s11", 0 0, L_0x7fffe923d8b0;  1 drivers
v0x7fffe92217a0_0 .net *"_s110", 0 0, L_0x7fffe9240ce0;  1 drivers
v0x7fffe9221880_0 .net *"_s112", 0 0, L_0x7fffe9240da0;  1 drivers
v0x7fffe9221960_0 .net *"_s115", 0 0, L_0x7fffe9240fd0;  1 drivers
v0x7fffe9221a40_0 .net *"_s116", 0 0, L_0x7fffe9241140;  1 drivers
v0x7fffe9221b20_0 .net *"_s12", 0 0, L_0x7fffe923d950;  1 drivers
v0x7fffe9221c00_0 .net *"_s121", 0 0, L_0x7fffe9240eb0;  1 drivers
v0x7fffe9221ce0_0 .net *"_s122", 0 0, L_0x7fffe9240f50;  1 drivers
v0x7fffe9221dc0_0 .net *"_s125", 0 0, L_0x7fffe9241490;  1 drivers
v0x7fffe9221ea0_0 .net *"_s126", 0 0, L_0x7fffe9241610;  1 drivers
v0x7fffe9221f80_0 .net *"_s128", 0 0, L_0x7fffe9241810;  1 drivers
v0x7fffe9222060_0 .net *"_s131", 0 0, L_0x7fffe9241920;  1 drivers
v0x7fffe9222140_0 .net *"_s132", 0 0, L_0x7fffe92419c0;  1 drivers
v0x7fffe9222220_0 .net *"_s134", 0 0, L_0x7fffe9241bd0;  1 drivers
v0x7fffe9222300_0 .net *"_s137", 0 0, L_0x7fffe9241ce0;  1 drivers
v0x7fffe92223e0_0 .net *"_s138", 0 0, L_0x7fffe9242280;  1 drivers
v0x7fffe92224c0_0 .net *"_s14", 0 0, L_0x7fffe923da10;  1 drivers
v0x7fffe92225a0_0 .net *"_s141", 0 0, L_0x7fffe92424f0;  1 drivers
v0x7fffe9222680_0 .net *"_s142", 0 0, L_0x7fffe9242590;  1 drivers
v0x7fffe9222760_0 .net *"_s144", 0 0, L_0x7fffe9242650;  1 drivers
v0x7fffe9222840_0 .net *"_s147", 0 0, L_0x7fffe92428d0;  1 drivers
v0x7fffe9222920_0 .net *"_s151", 0 0, L_0x7fffe9242b80;  1 drivers
v0x7fffe9222c10_0 .net *"_s152", 0 0, L_0x7fffe9242c20;  1 drivers
v0x7fffe9222cf0_0 .net *"_s155", 0 0, L_0x7fffe9242e60;  1 drivers
v0x7fffe9222dd0_0 .net *"_s156", 0 0, L_0x7fffe9243010;  1 drivers
v0x7fffe9222eb0_0 .net *"_s158", 0 0, L_0x7fffe92430d0;  1 drivers
v0x7fffe9222f90_0 .net *"_s161", 0 0, L_0x7fffe9243370;  1 drivers
v0x7fffe9223070_0 .net *"_s162", 0 0, L_0x7fffe9243410;  1 drivers
v0x7fffe9223150_0 .net *"_s164", 0 0, L_0x7fffe92434d0;  1 drivers
v0x7fffe9223230_0 .net *"_s167", 0 0, L_0x7fffe9243780;  1 drivers
v0x7fffe9223310_0 .net *"_s168", 0 0, L_0x7fffe9243940;  1 drivers
v0x7fffe92233f0_0 .net *"_s17", 0 0, L_0x7fffe923db20;  1 drivers
v0x7fffe92234d0_0 .net *"_s170", 0 0, L_0x7fffe9243a00;  1 drivers
v0x7fffe92235b0_0 .net *"_s173", 0 0, L_0x7fffe9243cc0;  1 drivers
v0x7fffe9223690_0 .net *"_s174", 0 0, L_0x7fffe9243d60;  1 drivers
v0x7fffe9223770_0 .net *"_s177", 0 0, L_0x7fffe9243e70;  1 drivers
v0x7fffe9223850_0 .net *"_s178", 0 0, L_0x7fffe9243820;  1 drivers
v0x7fffe9223930_0 .net *"_s18", 0 0, L_0x7fffe923dcd0;  1 drivers
v0x7fffe9223a10_0 .net *"_s183", 0 0, L_0x7fffe9244270;  1 drivers
v0x7fffe9223af0_0 .net *"_s184", 0 0, L_0x7fffe9244310;  1 drivers
v0x7fffe9223bd0_0 .net *"_s187", 0 0, L_0x7fffe92445a0;  1 drivers
v0x7fffe9223cb0_0 .net *"_s188", 0 0, L_0x7fffe9244780;  1 drivers
v0x7fffe9223d90_0 .net *"_s190", 0 0, L_0x7fffe9244840;  1 drivers
v0x7fffe9223e70_0 .net *"_s193", 0 0, L_0x7fffe9244b30;  1 drivers
v0x7fffe9223f50_0 .net *"_s194", 0 0, L_0x7fffe9244bd0;  1 drivers
v0x7fffe9224030_0 .net *"_s197", 0 0, L_0x7fffe9244ce0;  1 drivers
v0x7fffe9224110_0 .net *"_s198", 0 0, L_0x7fffe9244ed0;  1 drivers
v0x7fffe92241f0_0 .net *"_s2", 0 0, L_0x7fffe923d5d0;  1 drivers
v0x7fffe92242d0_0 .net *"_s20", 0 0, L_0x7fffe923ddd0;  1 drivers
v0x7fffe92243b0_0 .net *"_s201", 0 0, L_0x7fffe92451d0;  1 drivers
v0x7fffe9224490_0 .net *"_s202", 0 0, L_0x7fffe9245270;  1 drivers
v0x7fffe9224570_0 .net *"_s204", 0 0, L_0x7fffe9245330;  1 drivers
v0x7fffe9224650_0 .net *"_s207", 0 0, L_0x7fffe9245640;  1 drivers
v0x7fffe9224730_0 .net *"_s208", 0 0, L_0x7fffe9245840;  1 drivers
v0x7fffe9224c20_0 .net *"_s213", 0 0, L_0x7fffe9245c20;  1 drivers
v0x7fffe9224d00_0 .net *"_s214", 0 0, L_0x7fffe9245cc0;  1 drivers
v0x7fffe9224de0_0 .net *"_s217", 0 0, L_0x7fffe9245d80;  1 drivers
v0x7fffe9224ec0_0 .net *"_s218", 0 0, L_0x7fffe9245f90;  1 drivers
v0x7fffe9224fa0_0 .net *"_s220", 0 0, L_0x7fffe9246270;  1 drivers
v0x7fffe9225080_0 .net *"_s223", 0 0, L_0x7fffe9246380;  1 drivers
v0x7fffe9225160_0 .net *"_s224", 0 0, L_0x7fffe9246420;  1 drivers
v0x7fffe9225240_0 .net *"_s227", 0 0, L_0x7fffe9246760;  1 drivers
v0x7fffe9225320_0 .net *"_s228", 0 0, L_0x7fffe9246980;  1 drivers
v0x7fffe9225400_0 .net *"_s23", 0 0, L_0x7fffe923dee0;  1 drivers
v0x7fffe92254e0_0 .net *"_s231", 0 0, L_0x7fffe9246a90;  1 drivers
v0x7fffe92255c0_0 .net *"_s232", 0 0, L_0x7fffe9246b30;  1 drivers
v0x7fffe92256a0_0 .net *"_s234", 0 0, L_0x7fffe9246e30;  1 drivers
v0x7fffe9225780_0 .net *"_s237", 0 0, L_0x7fffe9246f40;  1 drivers
v0x7fffe9225860_0 .net *"_s24", 0 0, L_0x7fffe923df80;  1 drivers
v0x7fffe9225940_0 .net *"_s241", 0 0, L_0x7fffe92474d0;  1 drivers
v0x7fffe9225a20_0 .net *"_s242", 0 0, L_0x7fffe9247570;  1 drivers
v0x7fffe9225b00_0 .net *"_s245", 0 0, L_0x7fffe9247630;  1 drivers
v0x7fffe9225be0_0 .net *"_s246", 0 0, L_0x7fffe9247870;  1 drivers
v0x7fffe9225cc0_0 .net *"_s248", 0 0, L_0x7fffe9247b90;  1 drivers
v0x7fffe9225da0_0 .net *"_s251", 0 0, L_0x7fffe9247ca0;  1 drivers
v0x7fffe9225e80_0 .net *"_s252", 0 0, L_0x7fffe9247d40;  1 drivers
v0x7fffe9225f60_0 .net *"_s255", 0 0, L_0x7fffe92480c0;  1 drivers
v0x7fffe9226040_0 .net *"_s256", 0 0, L_0x7fffe9248310;  1 drivers
v0x7fffe9226120_0 .net *"_s258", 0 0, L_0x7fffe92483d0;  1 drivers
v0x7fffe9226200_0 .net *"_s26", 0 0, L_0x7fffe923e090;  1 drivers
v0x7fffe92262e0_0 .net *"_s261", 0 0, L_0x7fffe9248760;  1 drivers
v0x7fffe92263c0_0 .net *"_s262", 0 0, L_0x7fffe9248800;  1 drivers
v0x7fffe92264a0_0 .net *"_s264", 0 0, L_0x7fffe92488c0;  1 drivers
v0x7fffe9226580_0 .net *"_s267", 0 0, L_0x7fffe9248c60;  1 drivers
v0x7fffe9226660_0 .net *"_s268", 0 0, L_0x7fffe9248ec0;  1 drivers
v0x7fffe9226740_0 .net *"_s272", 0 0, L_0x7fffe9249330;  1 drivers
v0x7fffe9226820_0 .net *"_s278", 0 0, L_0x7fffe92497c0;  1 drivers
v0x7fffe9226900_0 .net *"_s284", 0 0, L_0x7fffe9249f90;  1 drivers
v0x7fffe92269e0_0 .net *"_s29", 0 0, L_0x7fffe923e1a0;  1 drivers
v0x7fffe9226ac0_0 .net *"_s297", 0 0, L_0x7fffe924a8b0;  1 drivers
v0x7fffe9226ba0_0 .net *"_s30", 0 0, L_0x7fffe923e280;  1 drivers
v0x7fffe9226c80_0 .net *"_s301", 0 0, L_0x7fffe924ac70;  1 drivers
v0x7fffe9226d60_0 .net *"_s305", 0 0, L_0x7fffe924ad30;  1 drivers
v0x7fffe9226e40_0 .net *"_s310", 0 0, L_0x7fffe924b280;  1 drivers
v0x7fffe9226f20_0 .net *"_s314", 0 0, L_0x7fffe924b340;  1 drivers
v0x7fffe9227000_0 .net *"_s318", 0 0, L_0x7fffe924b720;  1 drivers
v0x7fffe92270e0_0 .net *"_s323", 0 0, L_0x7fffe924baf0;  1 drivers
v0x7fffe92271c0_0 .net *"_s327", 0 0, L_0x7fffe924bf30;  1 drivers
v0x7fffe92272a0_0 .net *"_s332", 0 0, L_0x7fffe924c0e0;  1 drivers
v0x7fffe9227380_0 .net *"_s336", 1 0, L_0x7fffe924c530;  1 drivers
v0x7fffe9227460_0 .net *"_s340", 2 0, L_0x7fffe924c5f0;  1 drivers
v0x7fffe9227540_0 .net *"_s345", 3 0, L_0x7fffe924cd20;  1 drivers
v0x7fffe9227620_0 .net *"_s35", 0 0, L_0x7fffe923e460;  1 drivers
v0x7fffe9227700_0 .net *"_s37", 0 0, L_0x7fffe923e500;  1 drivers
v0x7fffe92277e0_0 .net *"_s38", 0 0, L_0x7fffe923e5f0;  1 drivers
v0x7fffe92278c0_0 .net *"_s40", 0 0, L_0x7fffe923e720;  1 drivers
v0x7fffe92279a0_0 .net *"_s43", 0 0, L_0x7fffe923e830;  1 drivers
v0x7fffe9227a80_0 .net *"_s44", 0 0, L_0x7fffe923e8d0;  1 drivers
v0x7fffe9227b60_0 .net *"_s46", 0 0, L_0x7fffe923e6b0;  1 drivers
v0x7fffe9227c40_0 .net *"_s49", 0 0, L_0x7fffe923eab0;  1 drivers
v0x7fffe9227d20_0 .net *"_s5", 0 0, L_0x7fffe923d640;  1 drivers
v0x7fffe9227e00_0 .net *"_s50", 0 0, L_0x7fffe923ebb0;  1 drivers
v0x7fffe9227ee0_0 .net *"_s52", 0 0, L_0x7fffe923ecb0;  1 drivers
v0x7fffe9227fc0_0 .net *"_s55", 0 0, L_0x7fffe923edc0;  1 drivers
v0x7fffe92280a0_0 .net *"_s56", 0 0, L_0x7fffe923ee60;  1 drivers
v0x7fffe9228180_0 .net *"_s59", 0 0, L_0x7fffe923f010;  1 drivers
v0x7fffe9228260_0 .net *"_s6", 0 0, L_0x7fffe923d6e0;  1 drivers
v0x7fffe9228340_0 .net *"_s63", 0 0, L_0x7fffe923f230;  1 drivers
v0x7fffe9228c30_0 .net *"_s65", 0 0, L_0x7fffe923f2d0;  1 drivers
v0x7fffe9228d10_0 .net *"_s66", 0 0, L_0x7fffe923f0b0;  1 drivers
v0x7fffe9228df0_0 .net *"_s68", 0 0, L_0x7fffe923f4f0;  1 drivers
v0x7fffe9228ed0_0 .net *"_s71", 0 0, L_0x7fffe923ef70;  1 drivers
v0x7fffe9228fb0_0 .net *"_s72", 0 0, L_0x7fffe923f600;  1 drivers
v0x7fffe9229090_0 .net *"_s75", 0 0, L_0x7fffe923f7d0;  1 drivers
v0x7fffe9229170_0 .net *"_s76", 0 0, L_0x7fffe923f900;  1 drivers
v0x7fffe9229250_0 .net *"_s78", 0 0, L_0x7fffe923f9c0;  1 drivers
v0x7fffe9229330_0 .net *"_s8", 0 0, L_0x7fffe923d7a0;  1 drivers
v0x7fffe9229410_0 .net *"_s81", 0 0, L_0x7fffe923fba0;  1 drivers
v0x7fffe92294f0_0 .net *"_s82", 0 0, L_0x7fffe923fc40;  1 drivers
v0x7fffe92295d0_0 .net *"_s85", 0 0, L_0x7fffe923fd50;  1 drivers
v0x7fffe92296b0_0 .net *"_s89", 0 0, L_0x7fffe9240080;  1 drivers
v0x7fffe9229790_0 .net *"_s90", 0 0, L_0x7fffe9240120;  1 drivers
v0x7fffe9229870_0 .net *"_s93", 0 0, L_0x7fffe92401e0;  1 drivers
v0x7fffe9229950_0 .net *"_s94", 0 0, L_0x7fffe9240330;  1 drivers
v0x7fffe9229a30_0 .net *"_s96", 0 0, L_0x7fffe92404e0;  1 drivers
v0x7fffe9229b10_0 .net *"_s99", 0 0, L_0x7fffe923fdf0;  1 drivers
v0x7fffe9229bf0_0 .net "addi", 0 0, L_0x7fffe9248f80;  alias, 1 drivers
v0x7fffe9229cb0_0 .net "alusrc", 0 0, L_0x7fffe9249b90;  1 drivers
v0x7fffe9229d70_0 .net "andi", 0 0, L_0x7fffe9245900;  alias, 1 drivers
v0x7fffe9229e30_0 .net "beq", 0 0, L_0x7fffe9241200;  1 drivers
v0x7fffe9229ef0_0 .net "bne", 0 0, L_0x7fffe9242a70;  alias, 1 drivers
v0x7fffe9229fb0_0 .net "branch", 0 0, L_0x7fffe924a840;  1 drivers
v0x7fffe922a070_0 .net "imm", 0 0, L_0x7fffe92493a0;  alias, 1 drivers
v0x7fffe922a130_0 .net "j", 0 0, L_0x7fffe9244200;  alias, 1 drivers
v0x7fffe922a1f0_0 .net "lw", 0 0, L_0x7fffe923f120;  1 drivers
v0x7fffe922a2b0_0 .net "memread", 0 0, L_0x7fffe924a470;  1 drivers
v0x7fffe922a370_0 .net "memtoreg", 0 0, L_0x7fffe9249c50;  1 drivers
v0x7fffe922a430_0 .net "memwrite", 0 0, L_0x7fffe924a4e0;  1 drivers
v0x7fffe922a4f0_0 .net "ori", 0 0, L_0x7fffe9247170;  alias, 1 drivers
v0x7fffe922a5b0_0 .net "r", 0 0, L_0x7fffe923e3a0;  1 drivers
v0x7fffe922a670_0 .net "regdst", 0 0, L_0x7fffe9249750;  1 drivers
v0x7fffe922a730_0 .net "regwrite", 0 0, L_0x7fffe924a090;  1 drivers
v0x7fffe922a7f0_0 .net "sw", 0 0, L_0x7fffe923fe90;  1 drivers
L_0x7fffe923d530 .part L_0x7fffe925d7e0, 5, 1;
L_0x7fffe923d640 .part L_0x7fffe925d7e0, 4, 1;
L_0x7fffe923d8b0 .part L_0x7fffe925d7e0, 3, 1;
L_0x7fffe923db20 .part L_0x7fffe925d7e0, 2, 1;
L_0x7fffe923dee0 .part L_0x7fffe925d7e0, 1, 1;
L_0x7fffe923e1a0 .part L_0x7fffe925d7e0, 0, 1;
L_0x7fffe923e460 .part L_0x7fffe925d7e0, 5, 1;
L_0x7fffe923e500 .part L_0x7fffe925d7e0, 4, 1;
L_0x7fffe923e830 .part L_0x7fffe925d7e0, 3, 1;
L_0x7fffe923eab0 .part L_0x7fffe925d7e0, 2, 1;
L_0x7fffe923edc0 .part L_0x7fffe925d7e0, 1, 1;
L_0x7fffe923f010 .part L_0x7fffe925d7e0, 0, 1;
L_0x7fffe923f230 .part L_0x7fffe925d7e0, 5, 1;
L_0x7fffe923f2d0 .part L_0x7fffe925d7e0, 4, 1;
L_0x7fffe923ef70 .part L_0x7fffe925d7e0, 3, 1;
L_0x7fffe923f7d0 .part L_0x7fffe925d7e0, 2, 1;
L_0x7fffe923fba0 .part L_0x7fffe925d7e0, 1, 1;
L_0x7fffe923fd50 .part L_0x7fffe925d7e0, 0, 1;
L_0x7fffe9240080 .part L_0x7fffe925d7e0, 5, 1;
L_0x7fffe92401e0 .part L_0x7fffe925d7e0, 4, 1;
L_0x7fffe923fdf0 .part L_0x7fffe925d7e0, 3, 1;
L_0x7fffe92408c0 .part L_0x7fffe925d7e0, 2, 1;
L_0x7fffe9240c40 .part L_0x7fffe925d7e0, 1, 1;
L_0x7fffe9240fd0 .part L_0x7fffe925d7e0, 0, 1;
L_0x7fffe9240eb0 .part L_0x7fffe925d7e0, 5, 1;
L_0x7fffe9241490 .part L_0x7fffe925d7e0, 4, 1;
L_0x7fffe9241920 .part L_0x7fffe925d7e0, 3, 1;
L_0x7fffe9241ce0 .part L_0x7fffe925d7e0, 2, 1;
L_0x7fffe92424f0 .part L_0x7fffe925d7e0, 1, 1;
L_0x7fffe92428d0 .part L_0x7fffe925d7e0, 0, 1;
L_0x7fffe9242b80 .part L_0x7fffe925d7e0, 5, 1;
L_0x7fffe9242e60 .part L_0x7fffe925d7e0, 4, 1;
L_0x7fffe9243370 .part L_0x7fffe925d7e0, 3, 1;
L_0x7fffe9243780 .part L_0x7fffe925d7e0, 2, 1;
L_0x7fffe9243cc0 .part L_0x7fffe925d7e0, 1, 1;
L_0x7fffe9243e70 .part L_0x7fffe925d7e0, 0, 1;
L_0x7fffe9244270 .part L_0x7fffe925d7e0, 5, 1;
L_0x7fffe92445a0 .part L_0x7fffe925d7e0, 4, 1;
L_0x7fffe9244b30 .part L_0x7fffe925d7e0, 3, 1;
L_0x7fffe9244ce0 .part L_0x7fffe925d7e0, 2, 1;
L_0x7fffe92451d0 .part L_0x7fffe925d7e0, 1, 1;
L_0x7fffe9245640 .part L_0x7fffe925d7e0, 0, 1;
L_0x7fffe9245c20 .part L_0x7fffe925d7e0, 5, 1;
L_0x7fffe9245d80 .part L_0x7fffe925d7e0, 4, 1;
L_0x7fffe9246380 .part L_0x7fffe925d7e0, 3, 1;
L_0x7fffe9246760 .part L_0x7fffe925d7e0, 2, 1;
L_0x7fffe9246a90 .part L_0x7fffe925d7e0, 1, 1;
L_0x7fffe9246f40 .part L_0x7fffe925d7e0, 0, 1;
L_0x7fffe92474d0 .part L_0x7fffe925d7e0, 5, 1;
L_0x7fffe9247630 .part L_0x7fffe925d7e0, 4, 1;
L_0x7fffe9247ca0 .part L_0x7fffe925d7e0, 3, 1;
L_0x7fffe92480c0 .part L_0x7fffe925d7e0, 2, 1;
L_0x7fffe9248760 .part L_0x7fffe925d7e0, 1, 1;
L_0x7fffe9248c60 .part L_0x7fffe925d7e0, 0, 1;
L_0x7fffe924b140 .concat8 [ 1 1 1 1], L_0x7fffe924b280, L_0x7fffe924ad30, L_0x7fffe924ac70, L_0x7fffe924a8b0;
L_0x7fffe924b7e0 .concat8 [ 1 1 1 0], L_0x7fffe924baf0, L_0x7fffe924b720, L_0x7fffe924b340;
L_0x7fffe924bff0 .concat8 [ 1 1 0 0], L_0x7fffe924c0e0, L_0x7fffe924bf30;
L_0x7fffe924ca00 .concat8 [ 4 3 2 0], L_0x7fffe924cd20, L_0x7fffe924c5f0, L_0x7fffe924c530;
S_0x7fffe922a9b0 .scope module, "data_flow" "data_flow" 3 8, 5 1 0, S_0x7fffe91e9840;
 .timescale 0 0;
    .port_info 0 /INPUT 1 "clk"
    .port_info 1 /INPUT 1 "rst"
    .port_info 2 /INPUT 9 "ConOut"
    .port_info 3 /INPUT 1 "jump"
    .port_info 4 /INPUT 1 "bne"
    .port_info 5 /INPUT 1 "imm_command"
    .port_info 6 /INPUT 1 "andi"
    .port_info 7 /INPUT 1 "ori"
    .port_info 8 /INPUT 1 "addi"
    .port_info 9 /OUTPUT 6 "OpCode"
L_0x7fffe925d290 .functor AND 1, L_0x7fffe925d100, L_0x7fffe925d1a0, C4<1>, C4<1>;
L_0x7fffe925d560 .functor AND 1, L_0x7fffe925d3a0, L_0x7fffe9242a70, C4<1>, C4<1>;
L_0x7fffe925d660 .functor OR 1, L_0x7fffe925d290, L_0x7fffe925d560, C4<0>, C4<0>;
L_0x7fffe925d720 .functor OR 1, L_0x7fffe925d660, L_0x7fffe9244200, C4<0>, C4<0>;
v0x7fffe9238c10_0 .net "ALUSrc", 0 0, L_0x7fffe924ce30;  1 drivers
v0x7fffe9238cb0_0 .net "ALUreg", 31 0, v0x7fffe922af60_0;  1 drivers
v0x7fffe9238d50_0 .net "ALUreg_mem_wb", 31 0, v0x7fffe9230750_0;  1 drivers
v0x7fffe9238e40_0 .net "ConOut", 8 0, L_0x7fffe924ca00;  alias, 1 drivers
v0x7fffe9238f00_0 .net "DataAreg", 31 0, v0x7fffe922e540_0;  1 drivers
v0x7fffe9239040_0 .net "DataBreg", 31 0, v0x7fffe922e700_0;  1 drivers
v0x7fffe9239150_0 .net "EXreg", 3 0, v0x7fffe922e8f0_0;  1 drivers
L_0x7f15128f0018 .functor BUFT 1, C4<1>, C4<0>, C4<0>, C4<0>;
v0x7fffe9239210_0 .net "ExtSel", 0 0, L_0x7f15128f0018;  1 drivers
v0x7fffe92392b0_0 .net "ForwardA", 1 0, v0x7fffe922bdc0_0;  1 drivers
v0x7fffe9239350_0 .net "ForwardB", 1 0, v0x7fffe922be80_0;  1 drivers
v0x7fffe9239440_0 .net "HazMuxCon", 0 0, v0x7fffe922dae0_0;  1 drivers
v0x7fffe92394e0_0 .net "IDcontrol", 8 0, L_0x7fffe925cfc0;  1 drivers
v0x7fffe92395a0_0 .net "IFFlush", 0 0, L_0x7fffe925d720;  1 drivers
v0x7fffe9239640_0 .net "IFIDWrite", 0 0, v0x7fffe922dd10_0;  1 drivers
v0x7fffe9239730_0 .net "InstReg", 31 0, v0x7fffe922fe20_0;  1 drivers
v0x7fffe9239820_0 .net "MUX3_forwardRD1_out", 31 0, v0x7fffe9231340_0;  1 drivers
v0x7fffe9239930_0 .net "MUX3_forwardRD2_out", 31 0, v0x7fffe9231bb0_0;  1 drivers
v0x7fffe9239b00_0 .net "Memreg", 31 0, v0x7fffe9230900_0;  1 drivers
v0x7fffe9239c10_0 .net "Mreg", 2 0, v0x7fffe922b100_0;  1 drivers
v0x7fffe9239cd0_0 .net "Mreg_idex", 2 0, v0x7fffe922eab0_0;  1 drivers
v0x7fffe9239dc0_0 .net "OpCode", 5 0, L_0x7fffe925d7e0;  alias, 1 drivers
v0x7fffe9239e80_0 .net "PCSrc", 0 0, L_0x7fffe925d660;  1 drivers
v0x7fffe9239f20_0 .net "PCWrite", 0 0, v0x7fffe922ddb0_0;  1 drivers
v0x7fffe923a010_0 .net "PC_Plus4Reg", 31 0, v0x7fffe922ffc0_0;  1 drivers
v0x7fffe923a100_0 .net "RegOpCode", 5 0, v0x7fffe922ec40_0;  1 drivers
v0x7fffe923a210_0 .net "RegRDreg", 4 0, v0x7fffe922b310_0;  1 drivers
v0x7fffe923a2d0_0 .net "RegRDreg_mem_wb", 4 0, v0x7fffe9230b40_0;  1 drivers
v0x7fffe923a3e0_0 .net "RegRdreg", 4 0, v0x7fffe922ede0_0;  1 drivers
v0x7fffe923a4f0_0 .net "RegRsreg", 4 0, v0x7fffe922ef80_0;  1 drivers
v0x7fffe923a600_0 .net "RegRtreg", 4 0, v0x7fffe922f130_0;  1 drivers
v0x7fffe923a6c0_0 .net "WBreg", 1 0, v0x7fffe922b4d0_0;  1 drivers
v0x7fffe923a780_0 .net "WBreg_idex", 1 0, v0x7fffe922f430_0;  1 drivers
v0x7fffe923a840_0 .net "WBreg_mem_wb", 1 0, v0x7fffe9230ca0_0;  1 drivers
v0x7fffe923a900_0 .net "WriteDataOut", 31 0, v0x7fffe922b690_0;  1 drivers
v0x7fffe923a9f0_0 .net *"_s11", 0 0, L_0x7fffe925d1a0;  1 drivers
v0x7fffe923aad0_0 .net *"_s12", 0 0, L_0x7fffe925d290;  1 drivers
v0x7fffe923abb0_0 .net *"_s14", 0 0, L_0x7fffe925d3a0;  1 drivers
v0x7fffe923ac70_0 .net *"_s16", 0 0, L_0x7fffe925d560;  1 drivers
L_0x7f15128f0060 .functor BUFT 1, C4<000000000>, C4<0>, C4<0>, C4<0>;
v0x7fffe923ad50_0 .net/2u *"_s4", 8 0, L_0x7f15128f0060;  1 drivers
v0x7fffe923ae30_0 .net *"_s8", 0 0, L_0x7fffe925d100;  1 drivers
v0x7fffe923aef0_0 .net "addi", 0 0, L_0x7fffe9248f80;  alias, 1 drivers
v0x7fffe923af90_0 .net "address", 25 0, v0x7fffe9234e30_0;  1 drivers
v0x7fffe923b080_0 .net "alu_res", 31 0, v0x7fffe9233c20_0;  1 drivers
v0x7fffe923b190_0 .net "andi", 0 0, L_0x7fffe9245900;  alias, 1 drivers
v0x7fffe923b230_0 .net "bne", 0 0, L_0x7fffe9242a70;  alias, 1 drivers
v0x7fffe923b2d0_0 .net "br", 31 0, L_0x7fffe925f040;  1 drivers
v0x7fffe923b3c0_0 .net "clk", 0 0, v0x7fffe923d3d0_0;  alias, 1 drivers
v0x7fffe923b460_0 .net "command", 31 0, v0x7fffe92376f0_0;  1 drivers
v0x7fffe923b550_0 .net "ext", 31 0, L_0x7fffe925e960;  1 drivers
v0x7fffe923b610_0 .net "funct", 5 0, v0x7fffe9234ff0_0;  1 drivers
v0x7fffe923b6d0_0 .net "imm", 15 0, v0x7fffe92350c0_0;  1 drivers
v0x7fffe923b7c0_0 .net "imm_command", 0 0, o0x7f1512944c98;  alias, 0 drivers
v0x7fffe923b880_0 .net "imm_valuereg", 31 0, v0x7fffe922f6a0_0;  1 drivers
v0x7fffe923b990_0 .net "jabs", 31 0, L_0x7fffe925f0e0;  1 drivers
v0x7fffe923baa0_0 .net "jump", 0 0, L_0x7fffe9244200;  alias, 1 drivers
v0x7fffe923bb90_0 .net "ori", 0 0, L_0x7fffe9247170;  alias, 1 drivers
v0x7fffe923bc30_0 .net "pc_in", 31 0, v0x7fffe9232b50_0;  1 drivers
v0x7fffe923bd20_0 .net "pc_out", 31 0, v0x7fffe9237d10_0;  1 drivers
v0x7fffe923bde0_0 .net "plus_4_out", 31 0, L_0x7fffe925ed50;  1 drivers
v0x7fffe923bea0_0 .net "rd1", 31 0, L_0x7fffe925da60;  1 drivers
v0x7fffe923bfb0_0 .net "rd2", 31 0, L_0x7fffe925dd00;  1 drivers
v0x7fffe923c0c0_0 .net "rd2_imm_out", 31 0, L_0x7fffe925e6f0;  1 drivers
v0x7fffe923c1d0_0 .net "rdata", 31 0, v0x7fffe9236020_0;  1 drivers
v0x7fffe923c2e0_0 .net "rs1", 4 0, v0x7fffe9235300_0;  1 drivers
v0x7fffe923c430_0 .net "rs2", 4 0, v0x7fffe92353c0_0;  1 drivers
v0x7fffe923c580_0 .net "rs3", 4 0, v0x7fffe9235560_0;  1 drivers
v0x7fffe923c640_0 .net "rst", 0 0, v0x7fffe923d470_0;  alias, 1 drivers
v0x7fffe923c6e0_0 .net "shamt", 4 0, v0x7fffe9235480_0;  1 drivers
v0x7fffe923c7a0_0 .net "wd", 31 0, v0x7fffe9233440_0;  1 drivers
v0x7fffe923c8d0_0 .net "ws", 4 0, v0x7fffe9234940_0;  1 drivers
L_0x7fffe924ce30 .part L_0x7fffe924ca00, 3, 1;
L_0x7fffe925cfc0 .functor MUXZ 9, L_0x7f15128f0060, L_0x7fffe924ca00, v0x7fffe922dae0_0, C4<>;
L_0x7fffe925d100 .cmp/eq 32, L_0x7fffe925da60, L_0x7fffe925dd00;
L_0x7fffe925d1a0 .part L_0x7fffe925cfc0, 6, 1;
L_0x7fffe925d3a0 .cmp/ne 32, L_0x7fffe925da60, L_0x7fffe925dd00;
L_0x7fffe925ddc0 .part v0x7fffe9230ca0_0, 0, 1;
L_0x7fffe925e330 .part L_0x7fffe925cfc0, 7, 2;
L_0x7fffe925e3d0 .part L_0x7fffe925cfc0, 4, 3;
L_0x7fffe925e550 .part L_0x7fffe925cfc0, 0, 4;
L_0x7fffe925e5f0 .part v0x7fffe922e8f0_0, 3, 1;
L_0x7fffe925e820 .part v0x7fffe922b100_0, 0, 1;
L_0x7fffe925e8c0 .part v0x7fffe922b100_0, 1, 1;
L_0x7fffe925e9d0 .part v0x7fffe922b4d0_0, 0, 1;
L_0x7fffe925eb00 .part v0x7fffe9230ca0_0, 0, 1;
L_0x7fffe925ec20 .part v0x7fffe922b100_0, 1, 1;
S_0x7fffe922ac50 .scope module, "EXMEM" "EXMEM" 5 205, 6 1 0, S_0x7fffe922a9b0;
 .timescale 0 0;
    .port_info 0 /INPUT 1 "clock"
    .port_info 1 /INPUT 2 "WB"
    .port_info 2 /INPUT 3 "M"
    .port_info 3 /INPUT 32 "ALUOut"
    .port_info 4 /INPUT 5 "RegRD"
    .port_info 5 /INPUT 32 "WriteDataIn"
    .port_info 6 /OUTPUT 3 "Mreg"
    .port_info 7 /OUTPUT 2 "WBreg"
    .port_info 8 /OUTPUT 32 "ALUreg"
    .port_info 9 /OUTPUT 5 "RegRDreg"
    .port_info 10 /OUTPUT 32 "WriteDataOut"
v0x7fffe922ae60_0 .net "ALUOut", 31 0, v0x7fffe9233c20_0;  alias, 1 drivers
v0x7fffe922af60_0 .var "ALUreg", 31 0;
v0x7fffe922b040_0 .net "M", 2 0, v0x7fffe922eab0_0;  alias, 1 drivers
v0x7fffe922b100_0 .var "Mreg", 2 0;
v0x7fffe922b1e0_0 .net "RegRD", 4 0, v0x7fffe9234940_0;  alias, 1 drivers
v0x7fffe922b310_0 .var "RegRDreg", 4 0;
v0x7fffe922b3f0_0 .net "WB", 1 0, v0x7fffe922f430_0;  alias, 1 drivers
v0x7fffe922b4d0_0 .var "WBreg", 1 0;
v0x7fffe922b5b0_0 .net "WriteDataIn", 31 0, v0x7fffe9231bb0_0;  alias, 1 drivers
v0x7fffe922b690_0 .var "WriteDataOut", 31 0;
v0x7fffe922b770_0 .net "clock", 0 0, v0x7fffe923d3d0_0;  alias, 1 drivers
E_0x7fffe913b5b0 .event posedge, v0x7fffe922b770_0;
S_0x7fffe922b990 .scope module, "ForwardUnit" "ForwardUnit" 5 254, 7 1 0, S_0x7fffe922a9b0;
 .timescale 0 0;
    .port_info 0 /INPUT 5 "MEMRegRd"
    .port_info 1 /INPUT 5 "WBRegRd"
    .port_info 2 /INPUT 5 "EXRegRs"
    .port_info 3 /INPUT 5 "EXRegRt"
    .port_info 4 /INPUT 1 "MEM_RegWrite"
    .port_info 5 /INPUT 1 "WB_RegWrite"
    .port_info 6 /OUTPUT 2 "ForwardA"
    .port_info 7 /OUTPUT 2 "ForwardB"
v0x7fffe922bbe0_0 .net "EXRegRs", 4 0, v0x7fffe922ef80_0;  alias, 1 drivers
v0x7fffe922bce0_0 .net "EXRegRt", 4 0, v0x7fffe922f130_0;  alias, 1 drivers
v0x7fffe922bdc0_0 .var "ForwardA", 1 0;
v0x7fffe922be80_0 .var "ForwardB", 1 0;
v0x7fffe922bf60_0 .net "MEMRegRd", 4 0, v0x7fffe922b310_0;  alias, 1 drivers
v0x7fffe922c070_0 .net "MEM_RegWrite", 0 0, L_0x7fffe925e9d0;  1 drivers
v0x7fffe922c110_0 .net "WBRegRd", 4 0, v0x7fffe9230b40_0;  alias, 1 drivers
v0x7fffe922c1f0_0 .net "WB_RegWrite", 0 0, L_0x7fffe925eb00;  1 drivers
E_0x7fffe913b390/0 .event edge, v0x7fffe922c070_0, v0x7fffe922b310_0, v0x7fffe922bce0_0, v0x7fffe922c110_0;
E_0x7fffe913b390/1 .event edge, v0x7fffe922c1f0_0;
E_0x7fffe913b390 .event/or E_0x7fffe913b390/0, E_0x7fffe913b390/1;
E_0x7fffe913bb90/0 .event edge, v0x7fffe922c110_0, v0x7fffe922c1f0_0, v0x7fffe922bbe0_0, v0x7fffe922b310_0;
E_0x7fffe913bb90/1 .event edge, v0x7fffe922c070_0;
E_0x7fffe913bb90 .event/or E_0x7fffe913bb90/0, E_0x7fffe913bb90/1;
S_0x7fffe922c400 .scope module, "GPRs" "GPRs" 5 89, 8 1 0, S_0x7fffe922a9b0;
 .timescale 0 0;
    .port_info 0 /INPUT 1 "clk"
    .port_info 1 /INPUT 1 "rst"
    .port_info 2 /INPUT 5 "rs1"
    .port_info 3 /INPUT 5 "rs2"
    .port_info 4 /INPUT 5 "ws"
    .port_info 5 /INPUT 32 "wd"
    .port_info 6 /INPUT 1 "RegWrite"
    .port_info 7 /OUTPUT 32 "rd1"
    .port_info 8 /OUTPUT 32 "rd2"
L_0x7fffe925da60 .functor BUFZ 32, L_0x7fffe925d880, C4<00000000000000000000000000000000>, C4<00000000000000000000000000000000>, C4<00000000000000000000000000000000>;
L_0x7fffe925dd00 .functor BUFZ 32, L_0x7fffe925db20, C4<00000000000000000000000000000000>, C4<00000000000000000000000000000000>, C4<00000000000000000000000000000000>;
v0x7fffe922c6d0_0 .net "RegWrite", 0 0, L_0x7fffe925ddc0;  1 drivers
v0x7fffe922c7b0_0 .net *"_s0", 31 0, L_0x7fffe925d880;  1 drivers
v0x7fffe922c890_0 .net *"_s10", 6 0, L_0x7fffe925dbc0;  1 drivers
L_0x7f15128f00f0 .functor BUFT 1, C4<00>, C4<0>, C4<0>, C4<0>;
v0x7fffe922c950_0 .net *"_s13", 1 0, L_0x7f15128f00f0;  1 drivers
v0x7fffe922ca30_0 .net *"_s2", 6 0, L_0x7fffe925d920;  1 drivers
L_0x7f15128f00a8 .functor BUFT 1, C4<00>, C4<0>, C4<0>, C4<0>;
v0x7fffe922cb60_0 .net *"_s5", 1 0, L_0x7f15128f00a8;  1 drivers
v0x7fffe922cc40_0 .net *"_s8", 31 0, L_0x7fffe925db20;  1 drivers
v0x7fffe922cd20_0 .net "clk", 0 0, v0x7fffe923d3d0_0;  alias, 1 drivers
v0x7fffe922cdc0_0 .var/i "i", 31 0;
v0x7fffe922ce80_0 .net "rd1", 31 0, L_0x7fffe925da60;  alias, 1 drivers
v0x7fffe922cf60_0 .net "rd2", 31 0, L_0x7fffe925dd00;  alias, 1 drivers
v0x7fffe922d040 .array "rf", 0 31, 31 0;
v0x7fffe922d100_0 .net "rs1", 4 0, v0x7fffe9235300_0;  alias, 1 drivers
v0x7fffe922d1e0_0 .net "rs2", 4 0, v0x7fffe92353c0_0;  alias, 1 drivers
v0x7fffe922d2c0_0 .net "rst", 0 0, v0x7fffe923d470_0;  alias, 1 drivers
v0x7fffe922d380_0 .net "wd", 31 0, v0x7fffe9233440_0;  alias, 1 drivers
v0x7fffe922d460_0 .net "ws", 4 0, v0x7fffe9234940_0;  alias, 1 drivers
E_0x7fffe913a910 .event posedge, v0x7fffe922d2c0_0, v0x7fffe922b770_0;
L_0x7fffe925d880 .array/port v0x7fffe922d040, L_0x7fffe925d920;
L_0x7fffe925d920 .concat [ 5 2 0 0], v0x7fffe9235300_0, L_0x7f15128f00a8;
L_0x7fffe925db20 .array/port v0x7fffe922d040, L_0x7fffe925dbc0;
L_0x7fffe925dbc0 .concat [ 5 2 0 0], v0x7fffe92353c0_0, L_0x7f15128f00f0;
S_0x7fffe922d730 .scope module, "HazardUnit" "HazardUnit" 5 268, 9 1 0, S_0x7fffe922a9b0;
 .timescale 0 0;
    .port_info 0 /INPUT 5 "IDRegRs"
    .port_info 1 /INPUT 5 "IDRegRt"
    .port_info 2 /INPUT 5 "EXRegRt"
    .port_info 3 /INPUT 1 "EXMemRead"
    .port_info 4 /OUTPUT 1 "PCWrite"
    .port_info 5 /OUTPUT 1 "IFIDWrite"
    .port_info 6 /OUTPUT 1 "HazMuxCon"
v0x7fffe922d940_0 .net "EXMemRead", 0 0, L_0x7fffe925ec20;  1 drivers
v0x7fffe922da20_0 .net "EXRegRt", 4 0, v0x7fffe922f130_0;  alias, 1 drivers
v0x7fffe922dae0_0 .var "HazMuxCon", 0 0;
v0x7fffe922db80_0 .net "IDRegRs", 4 0, v0x7fffe9235300_0;  alias, 1 drivers
v0x7fffe922dc20_0 .net "IDRegRt", 4 0, v0x7fffe92353c0_0;  alias, 1 drivers
v0x7fffe922dd10_0 .var "IFIDWrite", 0 0;
v0x7fffe922ddb0_0 .var "PCWrite", 0 0;
E_0x7fffe922d8b0 .event edge, v0x7fffe922d940_0, v0x7fffe922bce0_0, v0x7fffe922d1e0_0, v0x7fffe922d100_0;
S_0x7fffe922df90 .scope module, "IDEX" "IDEX" 5 122, 10 1 0, S_0x7fffe922a9b0;
 .timescale 0 0;
    .port_info 0 /INPUT 1 "clock"
    .port_info 1 /INPUT 2 "WB"
    .port_info 2 /INPUT 3 "M"
    .port_info 3 /INPUT 4 "EX"
    .port_info 4 /INPUT 32 "DataA"
    .port_info 5 /INPUT 32 "DataB"
    .port_info 6 /INPUT 32 "imm_value"
    .port_info 7 /INPUT 5 "RegRs"
    .port_info 8 /INPUT 5 "RegRt"
    .port_info 9 /INPUT 5 "RegRd"
    .port_info 10 /INPUT 6 "OpCode"
    .port_info 11 /OUTPUT 2 "WBreg"
    .port_info 12 /OUTPUT 3 "Mreg"
    .port_info 13 /OUTPUT 4 "EXreg"
    .port_info 14 /OUTPUT 32 "DataAreg"
    .port_info 15 /OUTPUT 32 "DataBreg"
    .port_info 16 /OUTPUT 32 "imm_valuereg"
    .port_info 17 /OUTPUT 5 "RegRsreg"
    .port_info 18 /OUTPUT 5 "RegRtreg"
    .port_info 19 /OUTPUT 5 "RegRdreg"
    .port_info 20 /OUTPUT 6 "RegOpCode"
v0x7fffe922e460_0 .net "DataA", 31 0, L_0x7fffe925da60;  alias, 1 drivers
v0x7fffe922e540_0 .var "DataAreg", 31 0;
v0x7fffe922e600_0 .net "DataB", 31 0, L_0x7fffe925dd00;  alias, 1 drivers
v0x7fffe922e700_0 .var "DataBreg", 31 0;
v0x7fffe922e7c0_0 .net "EX", 3 0, L_0x7fffe925e550;  1 drivers
v0x7fffe922e8f0_0 .var "EXreg", 3 0;
v0x7fffe922e9d0_0 .net "M", 2 0, L_0x7fffe925e3d0;  1 drivers
v0x7fffe922eab0_0 .var "Mreg", 2 0;
v0x7fffe922eb70_0 .net "OpCode", 5 0, L_0x7fffe925d7e0;  alias, 1 drivers
v0x7fffe922ec40_0 .var "RegOpCode", 5 0;
v0x7fffe922ed00_0 .net "RegRd", 4 0, v0x7fffe9235560_0;  alias, 1 drivers
v0x7fffe922ede0_0 .var "RegRdreg", 4 0;
v0x7fffe922eec0_0 .net "RegRs", 4 0, v0x7fffe9235300_0;  alias, 1 drivers
v0x7fffe922ef80_0 .var "RegRsreg", 4 0;
v0x7fffe922f040_0 .net "RegRt", 4 0, v0x7fffe92353c0_0;  alias, 1 drivers
v0x7fffe922f130_0 .var "RegRtreg", 4 0;
v0x7fffe922f240_0 .net "WB", 1 0, L_0x7fffe925e330;  1 drivers
v0x7fffe922f430_0 .var "WBreg", 1 0;
v0x7fffe922f4f0_0 .net "clock", 0 0, v0x7fffe923d3d0_0;  alias, 1 drivers
v0x7fffe922f5e0_0 .net "imm_value", 31 0, L_0x7fffe925e960;  alias, 1 drivers
v0x7fffe922f6a0_0 .var "imm_valuereg", 31 0;
S_0x7fffe922fad0 .scope module, "IFID" "IFID" 5 56, 11 1 0, S_0x7fffe922a9b0;
 .timescale 0 0;
    .port_info 0 /INPUT 1 "flush"
    .port_info 1 /INPUT 1 "clock"
    .port_info 2 /INPUT 1 "IFIDWrite"
    .port_info 3 /INPUT 32 "PC_Plus4"
    .port_info 4 /INPUT 32 "Inst"
    .port_info 5 /OUTPUT 32 "InstReg"
    .port_info 6 /OUTPUT 32 "PC_Plus4Reg"
v0x7fffe922fca0_0 .net "IFIDWrite", 0 0, v0x7fffe922dd10_0;  alias, 1 drivers
v0x7fffe922fd60_0 .net "Inst", 31 0, v0x7fffe92376f0_0;  alias, 1 drivers
v0x7fffe922fe20_0 .var "InstReg", 31 0;
v0x7fffe922fee0_0 .net "PC_Plus4", 31 0, L_0x7fffe925ed50;  alias, 1 drivers
v0x7fffe922ffc0_0 .var "PC_Plus4Reg", 31 0;
v0x7fffe92300f0_0 .net "clock", 0 0, v0x7fffe923d3d0_0;  alias, 1 drivers
v0x7fffe9230190_0 .net "flush", 0 0, L_0x7fffe925d720;  alias, 1 drivers
S_0x7fffe9230370 .scope module, "MEMWB" "MEMWB" 5 239, 12 1 0, S_0x7fffe922a9b0;
 .timescale 0 0;
    .port_info 0 /INPUT 1 "clock"
    .port_info 1 /INPUT 2 "WB"
    .port_info 2 /INPUT 32 "Memout"
    .port_info 3 /INPUT 32 "ALUOut"
    .port_info 4 /INPUT 5 "RegRD"
    .port_info 5 /OUTPUT 2 "WBreg"
    .port_info 6 /OUTPUT 32 "Memreg"
    .port_info 7 /OUTPUT 32 "ALUreg"
    .port_info 8 /OUTPUT 5 "RegRDreg"
v0x7fffe9230670_0 .net "ALUOut", 31 0, v0x7fffe922af60_0;  alias, 1 drivers
v0x7fffe9230750_0 .var "ALUreg", 31 0;
v0x7fffe9230810_0 .net "Memout", 31 0, v0x7fffe9236020_0;  alias, 1 drivers
v0x7fffe9230900_0 .var "Memreg", 31 0;
v0x7fffe92309e0_0 .net "RegRD", 4 0, v0x7fffe922b310_0;  alias, 1 drivers
v0x7fffe9230b40_0 .var "RegRDreg", 4 0;
v0x7fffe9230c00_0 .net "WB", 1 0, v0x7fffe922b4d0_0;  alias, 1 drivers
v0x7fffe9230ca0_0 .var "WBreg", 1 0;
v0x7fffe9230d60_0 .net "clock", 0 0, v0x7fffe923d3d0_0;  alias, 1 drivers
S_0x7fffe9230fb0 .scope module, "MUX3_forwardRD1" "MUX3" 5 160, 13 1 0, S_0x7fffe922a9b0;
 .timescale 0 0;
    .port_info 0 /INPUT 2 "A"
    .port_info 1 /INPUT 32 "X0"
    .port_info 2 /INPUT 32 "X1"
    .port_info 3 /INPUT 32 "X2"
    .port_info 4 /OUTPUT 32 "Out"
v0x7fffe9231230_0 .net "A", 1 0, v0x7fffe922bdc0_0;  alias, 1 drivers
v0x7fffe9231340_0 .var "Out", 31 0;
v0x7fffe9231400_0 .net "X0", 31 0, v0x7fffe922e540_0;  alias, 1 drivers
v0x7fffe9231500_0 .net "X1", 31 0, v0x7fffe9233440_0;  alias, 1 drivers
v0x7fffe92315d0_0 .net "X2", 31 0, v0x7fffe922af60_0;  alias, 1 drivers
E_0x7fffe920d520 .event edge, v0x7fffe922e540_0, v0x7fffe922d380_0, v0x7fffe922af60_0, v0x7fffe922bdc0_0;
S_0x7fffe9231760 .scope module, "MUX3_forwardRD2" "MUX3" 5 170, 13 1 0, S_0x7fffe922a9b0;
 .timescale 0 0;
    .port_info 0 /INPUT 2 "A"
    .port_info 1 /INPUT 32 "X0"
    .port_info 2 /INPUT 32 "X1"
    .port_info 3 /INPUT 32 "X2"
    .port_info 4 /OUTPUT 32 "Out"
v0x7fffe9231ad0_0 .net "A", 1 0, v0x7fffe922be80_0;  alias, 1 drivers
v0x7fffe9231bb0_0 .var "Out", 31 0;
v0x7fffe9231c80_0 .net "X0", 31 0, v0x7fffe922e700_0;  alias, 1 drivers
v0x7fffe9231d80_0 .net "X1", 31 0, v0x7fffe9233440_0;  alias, 1 drivers
v0x7fffe9231e20_0 .net "X2", 31 0, v0x7fffe922af60_0;  alias, 1 drivers
E_0x7fffe9231a40 .event edge, v0x7fffe922e700_0, v0x7fffe922d380_0, v0x7fffe922af60_0, v0x7fffe922be80_0;
S_0x7fffe9231fb0 .scope module, "PCcontrol" "PCcontrol" 5 312, 14 1 0, S_0x7fffe922a9b0;
 .timescale 0 0;
    .port_info 0 /INPUT 32 "br"
    .port_info 1 /INPUT 32 "rind"
    .port_info 2 /INPUT 32 "jabs"
    .port_info 3 /INPUT 32 "pc_plus_4"
    .port_info 4 /INPUT 1 "PCSrc"
    .port_info 5 /INPUT 1 "jump"
    .port_info 6 /OUTPUT 32 "out"
v0x7fffe9232270_0 .net "PCMuxOut", 0 0, L_0x7fffe925f2b0;  1 drivers
v0x7fffe9232350_0 .net "PCSrc", 0 0, L_0x7fffe925d660;  alias, 1 drivers
v0x7fffe9232410_0 .net *"_s0", 31 0, L_0x7fffe925f180;  1 drivers
v0x7fffe92324d0_0 .net *"_s4", 31 0, L_0x7fffe925f350;  1 drivers
L_0x7f15128f0258 .functor BUFT 1, C4<0000000000000000000000000000000>, C4<0>, C4<0>, C4<0>;
v0x7fffe92325b0_0 .net *"_s7", 30 0, L_0x7f15128f0258;  1 drivers
v0x7fffe92326e0_0 .net *"_s8", 31 0, L_0x7fffe925f480;  1 drivers
v0x7fffe92327c0_0 .net "br", 31 0, L_0x7fffe925f040;  alias, 1 drivers
v0x7fffe92328a0_0 .net "jabs", 31 0, L_0x7fffe925f0e0;  alias, 1 drivers
v0x7fffe9232980_0 .net "jump", 0 0, L_0x7fffe9244200;  alias, 1 drivers
v0x7fffe9232ab0_0 .net "nextpc", 0 0, L_0x7fffe925f640;  1 drivers
v0x7fffe9232b50_0 .var "out", 31 0;
v0x7fffe9232c30_0 .net "pc_plus_4", 31 0, L_0x7fffe925ed50;  alias, 1 drivers
o0x7f1512943c48 .functor BUFZ 32, C4<zzzzzzzzzzzzzzzzzzzzzzzzzzzzzzzz>; HiZ drive
v0x7fffe9232cf0_0 .net "rind", 31 0, o0x7f1512943c48;  0 drivers
L_0x7fffe925f180 .functor MUXZ 32, L_0x7fffe925ed50, L_0x7fffe925f0e0, L_0x7fffe9244200, C4<>;
L_0x7fffe925f2b0 .part L_0x7fffe925f180, 0, 1;
L_0x7fffe925f350 .concat [ 1 31 0 0], L_0x7fffe925f2b0, L_0x7f15128f0258;
L_0x7fffe925f480 .functor MUXZ 32, L_0x7fffe925f350, L_0x7fffe925f040, L_0x7fffe925d660, C4<>;
L_0x7fffe925f640 .part L_0x7fffe925f480, 0, 1;
S_0x7fffe9232ed0 .scope module, "WRcontrol" "WRcontrol" 5 280, 15 1 0, S_0x7fffe922a9b0;
 .timescale 0 0;
    .port_info 0 /INPUT 32 "data_memory_out"
    .port_info 1 /INPUT 32 "alu_out"
    .port_info 2 /INPUT 32 "plus_4_out"
    .port_info 3 /INPUT 2 "WBSrc"
    .port_info 4 /OUTPUT 32 "out"
v0x7fffe9233150_0 .net "WBSrc", 1 0, v0x7fffe922b4d0_0;  alias, 1 drivers
v0x7fffe9233280_0 .net "alu_out", 31 0, v0x7fffe9230750_0;  alias, 1 drivers
v0x7fffe9233340_0 .net "data_memory_out", 31 0, v0x7fffe9230900_0;  alias, 1 drivers
v0x7fffe9233440_0 .var "out", 31 0;
o0x7f1512943dc8 .functor BUFZ 32, C4<zzzzzzzzzzzzzzzzzzzzzzzzzzzzzzzz>; HiZ drive
v0x7fffe92334e0_0 .net "plus_4_out", 31 0, o0x7f1512943dc8;  0 drivers
E_0x7fffe9232180 .event edge, v0x7fffe922b4d0_0, v0x7fffe92334e0_0, v0x7fffe9230750_0, v0x7fffe9230900_0;
S_0x7fffe9233690 .scope module, "alu" "alu" 5 192, 16 1 0, S_0x7fffe922a9b0;
 .timescale 0 0;
    .port_info 0 /INPUT 32 "in1"
    .port_info 1 /INPUT 32 "in2"
    .port_info 2 /INPUT 6 "op_code"
    .port_info 3 /OUTPUT 32 "out"
v0x7fffe9233950_0 .net "in1", 31 0, v0x7fffe9231340_0;  alias, 1 drivers
v0x7fffe9233a60_0 .net "in2", 31 0, L_0x7fffe925e6f0;  alias, 1 drivers
v0x7fffe9233b20_0 .net "op_code", 5 0, v0x7fffe922ec40_0;  alias, 1 drivers
v0x7fffe9233c20_0 .var "out", 31 0;
E_0x7fffe92338d0 .event edge, v0x7fffe922ec40_0, v0x7fffe9231340_0, v0x7fffe9233a60_0;
S_0x7fffe9233d80 .scope module, "choose_rd2_imm" "choose_rd2_imm" 5 180, 17 1 0, S_0x7fffe922a9b0;
 .timescale 0 0;
    .port_info 0 /INPUT 32 "rd2"
    .port_info 1 /INPUT 32 "imm"
    .port_info 2 /INPUT 1 "BSrc"
    .port_info 3 /OUTPUT 32 "out"
v0x7fffe9233fc0_0 .net "BSrc", 0 0, L_0x7fffe924ce30;  alias, 1 drivers
v0x7fffe92340a0_0 .net "imm", 31 0, v0x7fffe922f6a0_0;  alias, 1 drivers
v0x7fffe9234190_0 .net "out", 31 0, L_0x7fffe925e6f0;  alias, 1 drivers
v0x7fffe9234290_0 .net "rd2", 31 0, v0x7fffe9231bb0_0;  alias, 1 drivers
L_0x7fffe925e6f0 .functor MUXZ 32, v0x7fffe9231bb0_0, v0x7fffe922f6a0_0, L_0x7fffe924ce30, C4<>;
S_0x7fffe92343e0 .scope module, "choose_write_reg" "choose_write_reg" 5 147, 18 1 0, S_0x7fffe922a9b0;
 .timescale 0 0;
    .port_info 0 /INPUT 5 "rs2"
    .port_info 1 /INPUT 5 "rs3"
    .port_info 2 /INPUT 1 "RegDst"
    .port_info 3 /OUTPUT 5 "ws"
v0x7fffe92346a0_0 .net "RegDst", 0 0, L_0x7fffe925e5f0;  1 drivers
v0x7fffe9234780_0 .net "rs2", 4 0, v0x7fffe922f130_0;  alias, 1 drivers
v0x7fffe9234840_0 .net "rs3", 4 0, v0x7fffe922ede0_0;  alias, 1 drivers
v0x7fffe9234940_0 .var "ws", 4 0;
E_0x7fffe9234620 .event edge, v0x7fffe92346a0_0, v0x7fffe922bce0_0, v0x7fffe922ede0_0;
S_0x7fffe9234ab0 .scope module, "comand_parser" "comand_parser" 5 76, 19 1 0, S_0x7fffe922a9b0;
 .timescale 0 0;
    .port_info 0 /INPUT 32 "command"
    .port_info 1 /OUTPUT 6 "op_code"
    .port_info 2 /OUTPUT 5 "rs1"
    .port_info 3 /OUTPUT 5 "rs2"
    .port_info 4 /OUTPUT 5 "ws"
    .port_info 5 /OUTPUT 16 "imm"
    .port_info 6 /OUTPUT 5 "shamt"
    .port_info 7 /OUTPUT 6 "funct"
    .port_info 8 /OUTPUT 26 "address"
v0x7fffe9234e30_0 .var "address", 25 0;
v0x7fffe9234f30_0 .net "command", 31 0, v0x7fffe922fe20_0;  alias, 1 drivers
v0x7fffe9234ff0_0 .var "funct", 5 0;
v0x7fffe92350c0_0 .var "imm", 15 0;
v0x7fffe92351a0_0 .net "op_code", 5 0, L_0x7fffe925d7e0;  alias, 1 drivers
v0x7fffe9235300_0 .var "rs1", 4 0;
v0x7fffe92353c0_0 .var "rs2", 4 0;
v0x7fffe9235480_0 .var "shamt", 4 0;
v0x7fffe9235560_0 .var "ws", 4 0;
E_0x7fffe9234db0 .event edge, v0x7fffe9202910_0, v0x7fffe922fe20_0;
L_0x7fffe925d7e0 .part v0x7fffe922fe20_0, 26, 6;
S_0x7fffe92357b0 .scope module, "data_memory" "data_memory" 5 223, 20 1 0, S_0x7fffe922a9b0;
 .timescale 0 0;
    .port_info 0 /INPUT 1 "clk"
    .port_info 1 /INPUT 1 "rst"
    .port_info 2 /INPUT 32 "addr"
    .port_info 3 /INPUT 32 "wdata"
    .port_info 4 /INPUT 1 "MemWrite"
    .port_info 5 /INPUT 1 "MemRead"
    .port_info 6 /OUTPUT 32 "rdata"
v0x7fffe9235b10_0 .net "MemRead", 0 0, L_0x7fffe925e8c0;  1 drivers
v0x7fffe9235bf0_0 .net "MemWrite", 0 0, L_0x7fffe925e820;  1 drivers
v0x7fffe9235cb0_0 .net "addr", 31 0, v0x7fffe922af60_0;  alias, 1 drivers
v0x7fffe9235de0_0 .net "clk", 0 0, v0x7fffe923d3d0_0;  alias, 1 drivers
v0x7fffe9235e80 .array "data", 0 31, 31 0;
v0x7fffe9235f40_0 .var/i "i", 31 0;
v0x7fffe9236020_0 .var "rdata", 31 0;
v0x7fffe92360e0_0 .net "rst", 0 0, v0x7fffe923d470_0;  alias, 1 drivers
v0x7fffe92361b0_0 .net "wdata", 31 0, v0x7fffe922b690_0;  alias, 1 drivers
E_0x7fffe9235a20 .event edge, v0x7fffe9235b10_0, v0x7fffe9235bf0_0, v0x7fffe922b690_0, v0x7fffe922af60_0;
E_0x7fffe9235ab0 .event posedge, v0x7fffe922d2c0_0;
S_0x7fffe92363f0 .scope module, "extend" "extend" 5 307, 21 1 0, S_0x7fffe922a9b0;
 .timescale 0 0;
    .port_info 0 /INPUT 26 "in"
    .port_info 1 /OUTPUT 32 "out"
L_0x7f15128f0210 .functor BUFT 1, C4<000000>, C4<0>, C4<0>, C4<0>;
v0x7fffe92366a0_0 .net/2u *"_s0", 5 0, L_0x7f15128f0210;  1 drivers
v0x7fffe92367a0_0 .net "in", 25 0, v0x7fffe9234e30_0;  alias, 1 drivers
v0x7fffe9236890_0 .net "out", 31 0, L_0x7fffe925f0e0;  alias, 1 drivers
L_0x7fffe925f0e0 .concat [ 26 6 0 0], v0x7fffe9234e30_0, L_0x7f15128f0210;
S_0x7fffe92369b0 .scope module, "imm_ext" "imm_ext" 5 104, 22 1 0, S_0x7fffe922a9b0;
 .timescale 0 0;
    .port_info 0 /INPUT 16 "imm"
    .port_info 1 /INPUT 1 "ExtSel"
    .port_info 2 /OUTPUT 32 "ext"
L_0x7fffe925e960 .functor BUFT 32, L_0x7fffe925e1a0, C4<00000000000000000000000000000000>, C4<00000000000000000000000000000000>, C4<00000000000000000000000000000000>;
v0x7fffe9236bd0_0 .net "ExtSel", 0 0, L_0x7f15128f0018;  alias, 1 drivers
v0x7fffe9236cb0_0 .net *"_s1", 0 0, L_0x7fffe925def0;  1 drivers
v0x7fffe9236d90_0 .net *"_s2", 15 0, L_0x7fffe925df90;  1 drivers
v0x7fffe9236e80_0 .net *"_s4", 31 0, L_0x7fffe925e1a0;  1 drivers
L_0x7f15128f0138 .functor BUFT 1, C4<0000000000000000>, C4<0>, C4<0>, C4<0>;
v0x7fffe9236f60_0 .net/2u *"_s6", 15 0, L_0x7f15128f0138;  1 drivers
v0x7fffe9237090_0 .net *"_s8", 31 0, L_0x7fffe925e240;  1 drivers
v0x7fffe9237170_0 .net "ext", 31 0, L_0x7fffe925e960;  alias, 1 drivers
v0x7fffe9237230_0 .net "imm", 15 0, v0x7fffe92350c0_0;  alias, 1 drivers
L_0x7fffe925def0 .part v0x7fffe92350c0_0, 15, 1;
LS_0x7fffe925df90_0_0 .concat [ 1 1 1 1], L_0x7fffe925def0, L_0x7fffe925def0, L_0x7fffe925def0, L_0x7fffe925def0;
LS_0x7fffe925df90_0_4 .concat [ 1 1 1 1], L_0x7fffe925def0, L_0x7fffe925def0, L_0x7fffe925def0, L_0x7fffe925def0;
LS_0x7fffe925df90_0_8 .concat [ 1 1 1 1], L_0x7fffe925def0, L_0x7fffe925def0, L_0x7fffe925def0, L_0x7fffe925def0;
LS_0x7fffe925df90_0_12 .concat [ 1 1 1 1], L_0x7fffe925def0, L_0x7fffe925def0, L_0x7fffe925def0, L_0x7fffe925def0;
L_0x7fffe925df90 .concat [ 4 4 4 4], LS_0x7fffe925df90_0_0, LS_0x7fffe925df90_0_4, LS_0x7fffe925df90_0_8, LS_0x7fffe925df90_0_12;
L_0x7fffe925e1a0 .concat [ 16 16 0 0], v0x7fffe92350c0_0, L_0x7fffe925df90;
L_0x7fffe925e240 .concat [ 16 16 0 0], v0x7fffe92350c0_0, L_0x7f15128f0138;
S_0x7fffe9237360 .scope module, "inst_memory" "inst_memory" 5 45, 23 1 0, S_0x7fffe922a9b0;
 .timescale 0 0;
    .port_info 0 /INPUT 32 "addr"
    .port_info 1 /OUTPUT 32 "inst"
v0x7fffe92375f0_0 .net "addr", 31 0, v0x7fffe9237d10_0;  alias, 1 drivers
v0x7fffe92376f0_0 .var "inst", 31 0;
E_0x7fffe9237570 .event edge, v0x7fffe92375f0_0;
S_0x7fffe9237820 .scope module, "pc" "pc" 5 35, 24 1 0, S_0x7fffe922a9b0;
 .timescale 0 0;
    .port_info 0 /INPUT 1 "clk"
    .port_info 1 /INPUT 1 "rst"
    .port_info 2 /INPUT 1 "PCWrite"
    .port_info 3 /INPUT 32 "in"
    .port_info 4 /OUTPUT 32 "out"
v0x7fffe9237aa0_0 .net "PCWrite", 0 0, v0x7fffe922ddb0_0;  alias, 1 drivers
v0x7fffe9237b70_0 .net "clk", 0 0, v0x7fffe923d3d0_0;  alias, 1 drivers
v0x7fffe9237c10_0 .net "in", 31 0, v0x7fffe9232b50_0;  alias, 1 drivers
v0x7fffe9237d10_0 .var "out", 31 0;
v0x7fffe9237de0_0 .net "rst", 0 0, v0x7fffe923d470_0;  alias, 1 drivers
S_0x7fffe9237f80 .scope module, "plus_4" "plus_4" 5 289, 25 1 0, S_0x7fffe922a9b0;
 .timescale 0 0;
    .port_info 0 /INPUT 32 "in"
    .port_info 1 /OUTPUT 32 "out"
L_0x7f15128f0180 .functor BUFT 1, C4<00000000000000000000000000000100>, C4<0>, C4<0>, C4<0>;
v0x7fffe92381b0_0 .net/2u *"_s0", 31 0, L_0x7f15128f0180;  1 drivers
v0x7fffe92382b0_0 .net "in", 31 0, v0x7fffe9237d10_0;  alias, 1 drivers
v0x7fffe92383c0_0 .net "out", 31 0, L_0x7fffe925ed50;  alias, 1 drivers
L_0x7fffe925ed50 .arith/sum 32, v0x7fffe9237d10_0, L_0x7f15128f0180;
S_0x7fffe9238510 .scope module, "two_in_sum" "two_in_sum" 5 298, 26 1 0, S_0x7fffe922a9b0;
 .timescale 0 0;
    .port_info 0 /INPUT 32 "in1"
    .port_info 1 /INPUT 32 "imm"
    .port_info 2 /OUTPUT 32 "out"
L_0x7f15128f01c8 .functor BUFT 1, C4<00000000000000000000000000000100>, C4<0>, C4<0>, C4<0>;
v0x7fffe9238730_0 .net/2u *"_s0", 31 0, L_0x7f15128f01c8;  1 drivers
v0x7fffe9238830_0 .net *"_s3", 31 0, L_0x7fffe925ef10;  1 drivers
v0x7fffe9238910_0 .net "imm", 31 0, L_0x7fffe925e960;  alias, 1 drivers
v0x7fffe9238a00_0 .net "in1", 31 0, v0x7fffe922ffc0_0;  alias, 1 drivers
v0x7fffe9238ac0_0 .net "out", 31 0, L_0x7fffe925f040;  alias, 1 drivers
L_0x7fffe925ef10 .arith/mult 32, L_0x7fffe925e960, L_0x7f15128f01c8;
L_0x7fffe925f040 .arith/sum 32, v0x7fffe922ffc0_0, L_0x7fffe925ef10;
    .scope S_0x7fffe9237820;
T_0 ;
    %wait E_0x7fffe913a910;
    %load/vec4 v0x7fffe9237de0_0;
    %flag_set/vec4 8;
    %jmp/0xz  T_0.0, 8;
    %pushi/vec4 0, 0, 32;
    %store/vec4 v0x7fffe9237d10_0, 0, 32;
    %jmp T_0.1;
T_0.0 ;
    %load/vec4 v0x7fffe9237aa0_0;
    %flag_set/vec4 8;
    %jmp/0xz  T_0.2, 8;
    %load/vec4 v0x7fffe9237c10_0;
    %store/vec4 v0x7fffe9237d10_0, 0, 32;
T_0.2 ;
T_0.1 ;
    %jmp T_0;
    .thread T_0;
    .scope S_0x7fffe9237360;
T_1 ;
    %wait E_0x7fffe9237570;
    %load/vec4 v0x7fffe92375f0_0;
    %dup/vec4;
    %pushi/vec4 0, 0, 32;
    %cmp/u;
    %jmp/1 T_1.0, 6;
    %dup/vec4;
    %pushi/vec4 4, 0, 32;
    %cmp/u;
    %jmp/1 T_1.1, 6;
    %dup/vec4;
    %pushi/vec4 8, 0, 32;
    %cmp/u;
    %jmp/1 T_1.2, 6;
    %dup/vec4;
    %pushi/vec4 16, 0, 32;
    %cmp/u;
    %jmp/1 T_1.3, 6;
    %dup/vec4;
    %pushi/vec4 24, 0, 32;
    %cmp/u;
    %jmp/1 T_1.4, 6;
    %dup/vec4;
    %pushi/vec4 28, 0, 32;
    %cmp/u;
    %jmp/1 T_1.5, 6;
    %pushi/vec4 0, 0, 32;
    %assign/vec4 v0x7fffe92376f0_0, 0;
    %jmp T_1.7;
T_1.0 ;
    %pushi/vec4 2348875777, 0, 32;
    %store/vec4 v0x7fffe92376f0_0, 0, 32;
    %jmp T_1.7;
T_1.1 ;
    %pushi/vec4 604045317, 0, 32;
    %store/vec4 v0x7fffe92376f0_0, 0, 32;
    %jmp T_1.7;
T_1.2 ;
    %pushi/vec4 270598145, 0, 32;
    %store/vec4 v0x7fffe92376f0_0, 0, 32;
    %jmp T_1.7;
T_1.3 ;
    %pushi/vec4 134217752, 0, 32;
    %store/vec4 v0x7fffe92376f0_0, 0, 32;
    %jmp T_1.7;
T_1.4 ;
    %pushi/vec4 69665, 0, 32;
    %store/vec4 v0x7fffe92376f0_0, 0, 32;
    %jmp T_1.7;
T_1.5 ;
    %pushi/vec4 2892103681, 0, 32;
    %store/vec4 v0x7fffe92376f0_0, 0, 32;
    %jmp T_1.7;
T_1.7 ;
    %pop/vec4 1;
    %jmp T_1;
    .thread T_1, $push;
    .scope S_0x7fffe922fad0;
T_2 ;
    %pushi/vec4 0, 0, 32;
    %store/vec4 v0x7fffe922fe20_0, 0, 32;
    %pushi/vec4 0, 0, 32;
    %store/vec4 v0x7fffe922ffc0_0, 0, 32;
    %end;
    .thread T_2;
    .scope S_0x7fffe922fad0;
T_3 ;
    %wait E_0x7fffe913b5b0;
    %load/vec4 v0x7fffe9230190_0;
    %flag_set/vec4 8;
    %jmp/0xz  T_3.0, 8;
    %pushi/vec4 0, 0, 32;
    %assign/vec4 v0x7fffe922fe20_0, 0;
    %pushi/vec4 0, 0, 32;
    %assign/vec4 v0x7fffe922ffc0_0, 0;
    %jmp T_3.1;
T_3.0 ;
    %load/vec4 v0x7fffe922fca0_0;
    %flag_set/vec4 8;
    %jmp/0xz  T_3.2, 8;
    %load/vec4 v0x7fffe922fd60_0;
    %assign/vec4 v0x7fffe922fe20_0, 0;
    %load/vec4 v0x7fffe922fee0_0;
    %assign/vec4 v0x7fffe922ffc0_0, 0;
T_3.2 ;
T_3.1 ;
    %jmp T_3;
    .thread T_3;
    .scope S_0x7fffe9234ab0;
T_4 ;
    %wait E_0x7fffe9234db0;
    %load/vec4 v0x7fffe92351a0_0;
    %dup/vec4;
    %pushi/vec4 0, 0, 6;
    %cmp/u;
    %jmp/1 T_4.0, 6;
    %dup/vec4;
    %pushi/vec4 16, 0, 6;
    %cmp/u;
    %jmp/1 T_4.1, 6;
    %dup/vec4;
    %pushi/vec4 2, 0, 6;
    %cmp/u;
    %jmp/1 T_4.2, 6;
    %dup/vec4;
    %pushi/vec4 19, 0, 6;
    %cmp/u;
    %jmp/1 T_4.3, 6;
    %load/vec4 v0x7fffe9234f30_0;
    %parti/s 5, 21, 6;
    %store/vec4 v0x7fffe9235300_0, 0, 5;
    %load/vec4 v0x7fffe9234f30_0;
    %parti/s 5, 16, 6;
    %store/vec4 v0x7fffe92353c0_0, 0, 5;
    %pushi/vec4 0, 0, 5;
    %store/vec4 v0x7fffe9235560_0, 0, 5;
    %pushi/vec4 0, 0, 5;
    %store/vec4 v0x7fffe9235480_0, 0, 5;
    %pushi/vec4 0, 0, 6;
    %store/vec4 v0x7fffe9234ff0_0, 0, 6;
    %load/vec4 v0x7fffe9234f30_0;
    %parti/s 16, 0, 2;
    %store/vec4 v0x7fffe92350c0_0, 0, 16;
    %pushi/vec4 0, 0, 26;
    %store/vec4 v0x7fffe9234e30_0, 0, 26;
    %jmp T_4.5;
T_4.0 ;
    %load/vec4 v0x7fffe9234f30_0;
    %parti/s 5, 21, 6;
    %store/vec4 v0x7fffe9235300_0, 0, 5;
    %load/vec4 v0x7fffe9234f30_0;
    %parti/s 5, 16, 6;
    %store/vec4 v0x7fffe92353c0_0, 0, 5;
    %load/vec4 v0x7fffe9234f30_0;
    %parti/s 5, 11, 5;
    %store/vec4 v0x7fffe9235560_0, 0, 5;
    %load/vec4 v0x7fffe9234f30_0;
    %parti/s 5, 6, 4;
    %store/vec4 v0x7fffe9235480_0, 0, 5;
    %load/vec4 v0x7fffe9234f30_0;
    %parti/s 6, 0, 2;
    %store/vec4 v0x7fffe9234ff0_0, 0, 6;
    %jmp T_4.5;
T_4.1 ;
    %load/vec4 v0x7fffe9234f30_0;
    %parti/s 5, 21, 6;
    %store/vec4 v0x7fffe9235300_0, 0, 5;
    %load/vec4 v0x7fffe9234f30_0;
    %parti/s 5, 16, 6;
    %store/vec4 v0x7fffe92353c0_0, 0, 5;
    %load/vec4 v0x7fffe9234f30_0;
    %parti/s 5, 11, 5;
    %store/vec4 v0x7fffe9235560_0, 0, 5;
    %load/vec4 v0x7fffe9234f30_0;
    %parti/s 5, 6, 4;
    %store/vec4 v0x7fffe9235480_0, 0, 5;
    %load/vec4 v0x7fffe9234f30_0;
    %parti/s 6, 0, 2;
    %store/vec4 v0x7fffe9234ff0_0, 0, 6;
    %jmp T_4.5;
T_4.2 ;
    %load/vec4 v0x7fffe9234f30_0;
    %parti/s 26, 0, 2;
    %store/vec4 v0x7fffe9234e30_0, 0, 26;
    %jmp T_4.5;
T_4.3 ;
    %load/vec4 v0x7fffe9234f30_0;
    %parti/s 26, 0, 2;
    %store/vec4 v0x7fffe9234e30_0, 0, 26;
    %jmp T_4.5;
T_4.5 ;
    %pop/vec4 1;
    %jmp T_4;
    .thread T_4, $push;
    .scope S_0x7fffe922c400;
T_5 ;
    %wait E_0x7fffe913a910;
    %load/vec4 v0x7fffe922d2c0_0;
    %flag_set/vec4 8;
    %jmp/0xz  T_5.0, 8;
    %pushi/vec4 0, 0, 32;
    %store/vec4 v0x7fffe922cdc0_0, 0, 32;
T_5.2 ;
    %load/vec4 v0x7fffe922cdc0_0;
    %cmpi/s 32, 0, 32;
    %jmp/0xz T_5.3, 5;
    %pushi/vec4 2, 0, 32;
    %ix/getv/s 3, v0x7fffe922cdc0_0;
    %ix/load 4, 0, 0; Constant delay
    %assign/vec4/a/d v0x7fffe922d040, 0, 4;
    %load/vec4 v0x7fffe922cdc0_0;
    %addi 1, 0, 32;
    %store/vec4 v0x7fffe922cdc0_0, 0, 32;
    %jmp T_5.2;
T_5.3 ;
    %jmp T_5.1;
T_5.0 ;
    %load/vec4 v0x7fffe922c6d0_0;
    %flag_set/vec4 8;
    %jmp/0xz  T_5.4, 8;
    %load/vec4 v0x7fffe922d380_0;
    %load/vec4 v0x7fffe922d460_0;
    %pad/u 7;
    %ix/vec4 3;
    %ix/load 4, 0, 0; Constant delay
    %assign/vec4/a/d v0x7fffe922d040, 0, 4;
T_5.4 ;
T_5.1 ;
    %jmp T_5;
    .thread T_5;
    .scope S_0x7fffe922df90;
T_6 ;
    %pushi/vec4 0, 0, 2;
    %store/vec4 v0x7fffe922f430_0, 0, 2;
    %pushi/vec4 0, 0, 3;
    %store/vec4 v0x7fffe922eab0_0, 0, 3;
    %pushi/vec4 0, 0, 4;
    %store/vec4 v0x7fffe922e8f0_0, 0, 4;
    %pushi/vec4 0, 0, 32;
    %store/vec4 v0x7fffe922e540_0, 0, 32;
    %pushi/vec4 0, 0, 32;
    %store/vec4 v0x7fffe922e700_0, 0, 32;
    %pushi/vec4 0, 0, 32;
    %store/vec4 v0x7fffe922f6a0_0, 0, 32;
    %pushi/vec4 0, 0, 5;
    %store/vec4 v0x7fffe922ef80_0, 0, 5;
    %pushi/vec4 0, 0, 5;
    %store/vec4 v0x7fffe922f130_0, 0, 5;
    %pushi/vec4 0, 0, 5;
    %store/vec4 v0x7fffe922ede0_0, 0, 5;
    %pushi/vec4 0, 0, 6;
    %store/vec4 v0x7fffe922ec40_0, 0, 6;
    %end;
    .thread T_6;
    .scope S_0x7fffe922df90;
T_7 ;
    %wait E_0x7fffe913b5b0;
    %load/vec4 v0x7fffe922f240_0;
    %assign/vec4 v0x7fffe922f430_0, 0;
    %load/vec4 v0x7fffe922e9d0_0;
    %assign/vec4 v0x7fffe922eab0_0, 0;
    %load/vec4 v0x7fffe922e7c0_0;
    %assign/vec4 v0x7fffe922e8f0_0, 0;
    %load/vec4 v0x7fffe922e460_0;
    %assign/vec4 v0x7fffe922e540_0, 0;
    %load/vec4 v0x7fffe922e600_0;
    %assign/vec4 v0x7fffe922e700_0, 0;
    %load/vec4 v0x7fffe922f5e0_0;
    %assign/vec4 v0x7fffe922f6a0_0, 0;
    %load/vec4 v0x7fffe922eec0_0;
    %assign/vec4 v0x7fffe922ef80_0, 0;
    %load/vec4 v0x7fffe922f040_0;
    %assign/vec4 v0x7fffe922f130_0, 0;
    %load/vec4 v0x7fffe922ed00_0;
    %assign/vec4 v0x7fffe922ede0_0, 0;
    %load/vec4 v0x7fffe922eb70_0;
    %assign/vec4 v0x7fffe922ec40_0, 0;
    %jmp T_7;
    .thread T_7;
    .scope S_0x7fffe92343e0;
T_8 ;
    %wait E_0x7fffe9234620;
    %load/vec4 v0x7fffe92346a0_0;
    %dup/vec4;
    %pushi/vec4 0, 0, 1;
    %cmp/u;
    %jmp/1 T_8.0, 6;
    %dup/vec4;
    %pushi/vec4 1, 0, 1;
    %cmp/u;
    %jmp/1 T_8.1, 6;
    %jmp T_8.2;
T_8.0 ;
    %load/vec4 v0x7fffe9234780_0;
    %store/vec4 v0x7fffe9234940_0, 0, 5;
    %jmp T_8.2;
T_8.1 ;
    %load/vec4 v0x7fffe9234840_0;
    %store/vec4 v0x7fffe9234940_0, 0, 5;
    %jmp T_8.2;
T_8.2 ;
    %pop/vec4 1;
    %jmp T_8;
    .thread T_8, $push;
    .scope S_0x7fffe9230fb0;
T_9 ;
    %wait E_0x7fffe920d520;
    %load/vec4 v0x7fffe9231230_0;
    %dup/vec4;
    %pushi/vec4 0, 0, 2;
    %cmp/u;
    %jmp/1 T_9.0, 6;
    %dup/vec4;
    %pushi/vec4 1, 0, 2;
    %cmp/u;
    %jmp/1 T_9.1, 6;
    %dup/vec4;
    %pushi/vec4 2, 0, 2;
    %cmp/u;
    %jmp/1 T_9.2, 6;
    %jmp T_9.3;
T_9.0 ;
    %load/vec4 v0x7fffe9231400_0;
    %assign/vec4 v0x7fffe9231340_0, 0;
    %jmp T_9.3;
T_9.1 ;
    %load/vec4 v0x7fffe9231500_0;
    %assign/vec4 v0x7fffe9231340_0, 0;
    %jmp T_9.3;
T_9.2 ;
    %load/vec4 v0x7fffe92315d0_0;
    %assign/vec4 v0x7fffe9231340_0, 0;
    %jmp T_9.3;
T_9.3 ;
    %pop/vec4 1;
    %jmp T_9;
    .thread T_9, $push;
    .scope S_0x7fffe9231760;
T_10 ;
    %wait E_0x7fffe9231a40;
    %load/vec4 v0x7fffe9231ad0_0;
    %dup/vec4;
    %pushi/vec4 0, 0, 2;
    %cmp/u;
    %jmp/1 T_10.0, 6;
    %dup/vec4;
    %pushi/vec4 1, 0, 2;
    %cmp/u;
    %jmp/1 T_10.1, 6;
    %dup/vec4;
    %pushi/vec4 2, 0, 2;
    %cmp/u;
    %jmp/1 T_10.2, 6;
    %jmp T_10.3;
T_10.0 ;
    %load/vec4 v0x7fffe9231c80_0;
    %assign/vec4 v0x7fffe9231bb0_0, 0;
    %jmp T_10.3;
T_10.1 ;
    %load/vec4 v0x7fffe9231d80_0;
    %assign/vec4 v0x7fffe9231bb0_0, 0;
    %jmp T_10.3;
T_10.2 ;
    %load/vec4 v0x7fffe9231e20_0;
    %assign/vec4 v0x7fffe9231bb0_0, 0;
    %jmp T_10.3;
T_10.3 ;
    %pop/vec4 1;
    %jmp T_10;
    .thread T_10, $push;
    .scope S_0x7fffe9233690;
T_11 ;
    %wait E_0x7fffe92338d0;
    %load/vec4 v0x7fffe9233b20_0;
    %dup/vec4;
    %pushi/vec4 0, 0, 6;
    %cmp/u;
    %jmp/1 T_11.0, 6;
    %dup/vec4;
    %pushi/vec4 9, 0, 6;
    %cmp/u;
    %jmp/1 T_11.1, 6;
    %dup/vec4;
    %pushi/vec4 35, 0, 6;
    %cmp/u;
    %jmp/1 T_11.2, 6;
    %dup/vec4;
    %pushi/vec4 43, 0, 6;
    %cmp/u;
    %jmp/1 T_11.3, 6;
    %dup/vec4;
    %pushi/vec4 4, 0, 6;
    %cmp/u;
    %jmp/1 T_11.4, 6;
    %pushi/vec4 0, 0, 32;
    %store/vec4 v0x7fffe9233c20_0, 0, 32;
    %jmp T_11.6;
T_11.0 ;
    %load/vec4 v0x7fffe9233950_0;
    %load/vec4 v0x7fffe9233a60_0;
    %add;
    %store/vec4 v0x7fffe9233c20_0, 0, 32;
    %jmp T_11.6;
T_11.1 ;
    %load/vec4 v0x7fffe9233950_0;
    %load/vec4 v0x7fffe9233a60_0;
    %add;
    %store/vec4 v0x7fffe9233c20_0, 0, 32;
    %jmp T_11.6;
T_11.2 ;
    %load/vec4 v0x7fffe9233950_0;
    %load/vec4 v0x7fffe9233a60_0;
    %add;
    %store/vec4 v0x7fffe9233c20_0, 0, 32;
    %jmp T_11.6;
T_11.3 ;
    %load/vec4 v0x7fffe9233950_0;
    %load/vec4 v0x7fffe9233a60_0;
    %add;
    %store/vec4 v0x7fffe9233c20_0, 0, 32;
    %jmp T_11.6;
T_11.4 ;
    %load/vec4 v0x7fffe9233950_0;
    %load/vec4 v0x7fffe9233a60_0;
    %sub;
    %store/vec4 v0x7fffe9233c20_0, 0, 32;
    %jmp T_11.6;
T_11.6 ;
    %pop/vec4 1;
    %jmp T_11;
    .thread T_11, $push;
    .scope S_0x7fffe922ac50;
T_12 ;
    %pushi/vec4 0, 0, 2;
    %store/vec4 v0x7fffe922b4d0_0, 0, 2;
    %pushi/vec4 0, 0, 3;
    %store/vec4 v0x7fffe922b100_0, 0, 3;
    %pushi/vec4 0, 0, 32;
    %store/vec4 v0x7fffe922af60_0, 0, 32;
    %pushi/vec4 0, 0, 32;
    %store/vec4 v0x7fffe922b690_0, 0, 32;
    %pushi/vec4 0, 0, 5;
    %store/vec4 v0x7fffe922b310_0, 0, 5;
    %end;
    .thread T_12;
    .scope S_0x7fffe922ac50;
T_13 ;
    %wait E_0x7fffe913b5b0;
    %load/vec4 v0x7fffe922b3f0_0;
    %assign/vec4 v0x7fffe922b4d0_0, 0;
    %load/vec4 v0x7fffe922b040_0;
    %assign/vec4 v0x7fffe922b100_0, 0;
    %load/vec4 v0x7fffe922ae60_0;
    %assign/vec4 v0x7fffe922af60_0, 0;
    %load/vec4 v0x7fffe922b1e0_0;
    %assign/vec4 v0x7fffe922b310_0, 0;
    %load/vec4 v0x7fffe922b5b0_0;
    %assign/vec4 v0x7fffe922b690_0, 0;
    %jmp T_13;
    .thread T_13;
    .scope S_0x7fffe92357b0;
T_14 ;
    %wait E_0x7fffe9235ab0;
    %load/vec4 v0x7fffe92360e0_0;
    %flag_set/vec4 8;
    %jmp/0xz  T_14.0, 8;
    %pushi/vec4 0, 0, 32;
    %store/vec4 v0x7fffe9235f40_0, 0, 32;
T_14.2 ;
    %load/vec4 v0x7fffe9235f40_0;
    %cmpi/s 32, 0, 32;
    %jmp/0xz T_14.3, 5;
    %load/vec4 v0x7fffe9235f40_0;
    %ix/getv/s 3, v0x7fffe9235f40_0;
    %ix/load 4, 0, 0; Constant delay
    %assign/vec4/a/d v0x7fffe9235e80, 0, 4;
    %load/vec4 v0x7fffe9235f40_0;
    %addi 1, 0, 32;
    %store/vec4 v0x7fffe9235f40_0, 0, 32;
    %jmp T_14.2;
T_14.3 ;
    %jmp T_14.1;
T_14.0 ;
    %load/vec4 v0x7fffe9235bf0_0;
    %flag_set/vec4 8;
    %jmp/0xz  T_14.4, 8;
    %load/vec4 v0x7fffe92361b0_0;
    %ix/getv 3, v0x7fffe9235cb0_0;
    %ix/load 4, 0, 0; Constant delay
    %assign/vec4/a/d v0x7fffe9235e80, 0, 4;
T_14.4 ;
T_14.1 ;
    %jmp T_14;
    .thread T_14;
    .scope S_0x7fffe92357b0;
T_15 ;
    %wait E_0x7fffe9235a20;
    %load/vec4 v0x7fffe9235bf0_0;
    %flag_set/vec4 8;
    %jmp/0xz  T_15.0, 8;
    %load/vec4 v0x7fffe92361b0_0;
    %ix/getv 3, v0x7fffe9235cb0_0;
    %ix/load 4, 0, 0; Constant delay
    %assign/vec4/a/d v0x7fffe9235e80, 0, 4;
T_15.0 ;
    %jmp T_15;
    .thread T_15, $push;
    .scope S_0x7fffe92357b0;
T_16 ;
    %wait E_0x7fffe9235a20;
    %load/vec4 v0x7fffe9235b10_0;
    %flag_set/vec4 8;
    %jmp/0xz  T_16.0, 8;
    %ix/getv 4, v0x7fffe9235cb0_0;
    %load/vec4a v0x7fffe9235e80, 4;
    %store/vec4 v0x7fffe9236020_0, 0, 32;
T_16.0 ;
    %jmp T_16;
    .thread T_16, $push;
    .scope S_0x7fffe9230370;
T_17 ;
    %pushi/vec4 0, 0, 2;
    %store/vec4 v0x7fffe9230ca0_0, 0, 2;
    %pushi/vec4 0, 0, 32;
    %store/vec4 v0x7fffe9230900_0, 0, 32;
    %pushi/vec4 0, 0, 32;
    %store/vec4 v0x7fffe9230750_0, 0, 32;
    %pushi/vec4 0, 0, 5;
    %store/vec4 v0x7fffe9230b40_0, 0, 5;
    %end;
    .thread T_17;
    .scope S_0x7fffe9230370;
T_18 ;
    %wait E_0x7fffe913b5b0;
    %load/vec4 v0x7fffe9230c00_0;
    %assign/vec4 v0x7fffe9230ca0_0, 0;
    %load/vec4 v0x7fffe9230810_0;
    %assign/vec4 v0x7fffe9230900_0, 0;
    %load/vec4 v0x7fffe9230670_0;
    %assign/vec4 v0x7fffe9230750_0, 0;
    %load/vec4 v0x7fffe92309e0_0;
    %assign/vec4 v0x7fffe9230b40_0, 0;
    %jmp T_18;
    .thread T_18;
    .scope S_0x7fffe922b990;
T_19 ;
    %wait E_0x7fffe913bb90;
    %load/vec4 v0x7fffe922c070_0;
    %load/vec4 v0x7fffe922bf60_0;
    %pad/u 32;
    %pushi/vec4 0, 0, 32;
    %cmp/e;
    %flag_get/vec4 4;
    %inv;
    %and;
    %load/vec4 v0x7fffe922bf60_0;
    %load/vec4 v0x7fffe922bbe0_0;
    %cmp/e;
    %flag_get/vec4 4;
    %and;
    %flag_set/vec4 8;
    %jmp/0xz  T_19.0, 8;
    %pushi/vec4 2, 0, 2;
    %store/vec4 v0x7fffe922bdc0_0, 0, 2;
    %jmp T_19.1;
T_19.0 ;
    %load/vec4 v0x7fffe922c1f0_0;
    %load/vec4 v0x7fffe922c110_0;
    %pad/u 32;
    %pushi/vec4 0, 0, 32;
    %cmp/e;
    %flag_get/vec4 4;
    %inv;
    %and;
    %load/vec4 v0x7fffe922c110_0;
    %load/vec4 v0x7fffe922bbe0_0;
    %cmp/e;
    %flag_get/vec4 4;
    %and;
    %load/vec4 v0x7fffe922bf60_0;
    %load/vec4 v0x7fffe922bbe0_0;
    %cmp/e;
    %flag_get/vec4 4;
    %inv;
    %and;
    %flag_set/vec4 8;
    %jmp/0xz  T_19.2, 8;
    %pushi/vec4 1, 0, 2;
    %store/vec4 v0x7fffe922bdc0_0, 0, 2;
    %jmp T_19.3;
T_19.2 ;
    %pushi/vec4 0, 0, 2;
    %store/vec4 v0x7fffe922bdc0_0, 0, 2;
T_19.3 ;
T_19.1 ;
    %jmp T_19;
    .thread T_19, $push;
    .scope S_0x7fffe922b990;
T_20 ;
    %wait E_0x7fffe913b390;
    %load/vec4 v0x7fffe922c1f0_0;
    %load/vec4 v0x7fffe922c110_0;
    %pad/u 32;
    %pushi/vec4 0, 0, 32;
    %cmp/e;
    %flag_get/vec4 4;
    %inv;
    %and;
    %load/vec4 v0x7fffe922c110_0;
    %load/vec4 v0x7fffe922bce0_0;
    %cmp/e;
    %flag_get/vec4 4;
    %and;
    %load/vec4 v0x7fffe922bf60_0;
    %load/vec4 v0x7fffe922bce0_0;
    %cmp/e;
    %flag_get/vec4 4;
    %inv;
    %and;
    %flag_set/vec4 8;
    %jmp/0xz  T_20.0, 8;
    %pushi/vec4 1, 0, 2;
    %store/vec4 v0x7fffe922be80_0, 0, 2;
    %jmp T_20.1;
T_20.0 ;
    %load/vec4 v0x7fffe922c070_0;
    %load/vec4 v0x7fffe922bf60_0;
    %pad/u 32;
    %pushi/vec4 0, 0, 32;
    %cmp/e;
    %flag_get/vec4 4;
    %inv;
    %and;
    %load/vec4 v0x7fffe922bf60_0;
    %load/vec4 v0x7fffe922bce0_0;
    %cmp/e;
    %flag_get/vec4 4;
    %and;
    %flag_set/vec4 8;
    %jmp/0xz  T_20.2, 8;
    %pushi/vec4 2, 0, 2;
    %store/vec4 v0x7fffe922be80_0, 0, 2;
    %jmp T_20.3;
T_20.2 ;
    %pushi/vec4 0, 0, 2;
    %store/vec4 v0x7fffe922be80_0, 0, 2;
T_20.3 ;
T_20.1 ;
    %jmp T_20;
    .thread T_20, $push;
    .scope S_0x7fffe922d730;
T_21 ;
    %wait E_0x7fffe922d8b0;
    %load/vec4 v0x7fffe922d940_0;
    %load/vec4 v0x7fffe922da20_0;
    %load/vec4 v0x7fffe922db80_0;
    %cmp/e;
    %flag_get/vec4 4;
    %load/vec4 v0x7fffe922da20_0;
    %load/vec4 v0x7fffe922dc20_0;
    %cmp/e;
    %flag_get/vec4 4;
    %or;
    %and;
    %flag_set/vec4 8;
    %jmp/0xz  T_21.0, 8;
    %pushi/vec4 0, 0, 1;
    %store/vec4 v0x7fffe922ddb0_0, 0, 1;
    %pushi/vec4 0, 0, 1;
    %store/vec4 v0x7fffe922dd10_0, 0, 1;
    %pushi/vec4 1, 0, 1;
    %store/vec4 v0x7fffe922dae0_0, 0, 1;
    %jmp T_21.1;
T_21.0 ;
    %pushi/vec4 1, 0, 1;
    %store/vec4 v0x7fffe922ddb0_0, 0, 1;
    %pushi/vec4 1, 0, 1;
    %store/vec4 v0x7fffe922dd10_0, 0, 1;
    %pushi/vec4 1, 0, 1;
    %store/vec4 v0x7fffe922dae0_0, 0, 1;
T_21.1 ;
    %jmp T_21;
    .thread T_21, $push;
    .scope S_0x7fffe9232ed0;
T_22 ;
    %wait E_0x7fffe9232180;
    %load/vec4 v0x7fffe9233150_0;
    %dup/vec4;
    %pushi/vec4 0, 0, 2;
    %cmp/u;
    %jmp/1 T_22.0, 6;
    %dup/vec4;
    %pushi/vec4 1, 0, 2;
    %cmp/u;
    %jmp/1 T_22.1, 6;
    %dup/vec4;
    %pushi/vec4 2, 0, 2;
    %cmp/u;
    %jmp/1 T_22.2, 6;
    %pushi/vec4 0, 0, 32;
    %store/vec4 v0x7fffe9233440_0, 0, 32;
    %jmp T_22.4;
T_22.0 ;
    %load/vec4 v0x7fffe92334e0_0;
    %store/vec4 v0x7fffe9233440_0, 0, 32;
    %jmp T_22.4;
T_22.1 ;
    %load/vec4 v0x7fffe9233280_0;
    %store/vec4 v0x7fffe9233440_0, 0, 32;
    %jmp T_22.4;
T_22.2 ;
    %load/vec4 v0x7fffe9233340_0;
    %store/vec4 v0x7fffe9233440_0, 0, 32;
    %jmp T_22.4;
T_22.4 ;
    %pop/vec4 1;
    %jmp T_22;
    .thread T_22, $push;
    .scope S_0x7fffe920b820;
T_23 ;
    %pushi/vec4 0, 0, 1;
    %store/vec4 v0x7fffe923d3d0_0, 0, 1;
    %end;
    .thread T_23;
    .scope S_0x7fffe920b820;
T_24 ;
    %pushi/vec4 1, 0, 1;
    %store/vec4 v0x7fffe923d470_0, 0, 1;
    %end;
    .thread T_24;
    .scope S_0x7fffe920b820;
T_25 ;
    %delay 2, 0;
    %pushi/vec4 0, 0, 1;
    %store/vec4 v0x7fffe923d470_0, 0, 1;
    %end;
    .thread T_25;
    .scope S_0x7fffe920b820;
T_26 ;
    %delay 20, 0;
    %vpi_call 2 8 "$finish" {0 0 0};
    %end;
    .thread T_26;
    .scope S_0x7fffe920b820;
T_27 ;
    %delay 1, 0;
    %load/vec4 v0x7fffe923d3d0_0;
    %nor/r;
    %store/vec4 v0x7fffe923d3d0_0, 0, 1;
    %jmp T_27;
    .thread T_27;
    .scope S_0x7fffe920b820;
T_28 ;
    %vpi_call 2 14 "$dumpfile", "test.vcd" {0 0 0};
    %vpi_call 2 15 "$dumpvars" {0 0 0};
    %end;
    .thread T_28;
# The file index is used to find the file name in the following table.
:file_names 27;
    "N/A";
    "<interactive>";
    "./testbanch.v";
    "./single_cpu.v";
    "./control_flow.v";
    "./data_flow.v";
    "./EXMEM.v";
    "./ForwardUnit.v";
    "./GPRs.v";
    "./HazardUnit.v";
    "./IDEX.v";
    "./IFID.v";
    "./MEMWB.v";
    "./MUX3.v";
    "./PCcontrol.v";
    "./WRcontrol.v";
    "./alu.v";
    "./choose_rd2_imm.v";
    "./choose_write_reg.v";
    "./comand_parser.v";
    "./data_memory.v";
    "./extend.v";
    "./imm_ext.v";
    "./inst_memory.v";
    "./pc.v";
    "./plus_4.v";
    "./two_in_sum.v";
