#! /usr/bin/vvp
:ivl_version "10.1 (stable)" "(v10_1)";
:ivl_delay_selection "TYPICAL";
:vpi_time_precision + 0;
:vpi_module "system";
:vpi_module "vhdl_sys";
:vpi_module "v2005_math";
:vpi_module "va_math";
S_0x7fffdb0929e0 .scope module, "testbanch" "testbanch" 2 1;
 .timescale 0 0;
v0x7fffdb0f0720_0 .var "clk", 0 0;
v0x7fffdb0f07c0_0 .var "rst", 0 0;
S_0x7fffdb092660 .scope module, "single_cpu" "single_cpu" 2 11, 3 1 0, S_0x7fffdb0929e0;
 .timescale 0 0;
    .port_info 0 /INPUT 1 "clk"
    .port_info 1 /INPUT 1 "rst"
v0x7fffdb0efe20_0 .net "ConOut", 8 0, L_0x7fffdb0ffd80;  1 drivers
v0x7fffdb0eff00_0 .net "OpCode", 5 0, L_0x7fffdb110b60;  1 drivers
v0x7fffdb0f0050_0 .net "addi", 0 0, L_0x7fffdb0fc300;  1 drivers
v0x7fffdb0f00f0_0 .net "andi", 0 0, L_0x7fffdb0f8c80;  1 drivers
v0x7fffdb0f0190_0 .net "bne", 0 0, L_0x7fffdb0f5df0;  1 drivers
v0x7fffdb0f02d0_0 .net "clk", 0 0, v0x7fffdb0f0720_0;  1 drivers
v0x7fffdb0f0370_0 .net "imm", 0 0, L_0x7fffdb0fc720;  1 drivers
o0x7fe760455478 .functor BUFZ 1, C4<z>; HiZ drive
v0x7fffdb0f0410_0 .net "imm_command", 0 0, o0x7fe760455478;  0 drivers
v0x7fffdb0f04b0_0 .net "jump", 0 0, L_0x7fffdb0f7580;  1 drivers
v0x7fffdb0f05e0_0 .net "ori", 0 0, L_0x7fffdb0fa4f0;  1 drivers
v0x7fffdb0f0680_0 .net "rst", 0 0, v0x7fffdb0f07c0_0;  1 drivers
S_0x7fffdb0922e0 .scope module, "control_flow" "control_flow" 3 7, 4 1 0, S_0x7fffdb092660;
 .timescale 0 0;
    .port_info 0 /INPUT 6 "Op"
    .port_info 1 /OUTPUT 9 "Out"
    .port_info 2 /OUTPUT 1 "j"
    .port_info 3 /OUTPUT 1 "bne"
    .port_info 4 /OUTPUT 1 "imm"
    .port_info 5 /OUTPUT 1 "andi"
    .port_info 6 /OUTPUT 1 "ori"
    .port_info 7 /OUTPUT 1 "addi"
L_0x7fffdb0f0900 .functor NOT 1, L_0x7fffdb0f0860, C4<0>, C4<0>, C4<0>;
L_0x7fffdb0f0a60 .functor NOT 1, L_0x7fffdb0f09c0, C4<0>, C4<0>, C4<0>;
L_0x7fffdb0f0b20 .functor AND 1, L_0x7fffdb0f0900, L_0x7fffdb0f0a60, C4<1>, C4<1>;
L_0x7fffdb0f0cd0 .functor NOT 1, L_0x7fffdb0f0c30, C4<0>, C4<0>, C4<0>;
L_0x7fffdb0f0d90 .functor AND 1, L_0x7fffdb0f0b20, L_0x7fffdb0f0cd0, C4<1>, C4<1>;
L_0x7fffdb0f1050 .functor NOT 1, L_0x7fffdb0f0ea0, C4<0>, C4<0>, C4<0>;
L_0x7fffdb0f1150 .functor AND 1, L_0x7fffdb0f0d90, L_0x7fffdb0f1050, C4<1>, C4<1>;
L_0x7fffdb0f1300 .functor NOT 1, L_0x7fffdb0f1260, C4<0>, C4<0>, C4<0>;
L_0x7fffdb0f1410 .functor AND 1, L_0x7fffdb0f1150, L_0x7fffdb0f1300, C4<1>, C4<1>;
L_0x7fffdb0f1600 .functor NOT 1, L_0x7fffdb0f1520, C4<0>, C4<0>, C4<0>;
L_0x7fffdb0f1720 .functor AND 1, L_0x7fffdb0f1410, L_0x7fffdb0f1600, C4<1>, C4<1>;
L_0x7fffdb0f1970 .functor NOT 1, L_0x7fffdb0f1880, C4<0>, C4<0>, C4<0>;
L_0x7fffdb0f1aa0 .functor AND 1, L_0x7fffdb0f17e0, L_0x7fffdb0f1970, C4<1>, C4<1>;
L_0x7fffdb0f1c50 .functor NOT 1, L_0x7fffdb0f1bb0, C4<0>, C4<0>, C4<0>;
L_0x7fffdb0f1a30 .functor AND 1, L_0x7fffdb0f1aa0, L_0x7fffdb0f1c50, C4<1>, C4<1>;
L_0x7fffdb0f1f30 .functor NOT 1, L_0x7fffdb0f1e30, C4<0>, C4<0>, C4<0>;
L_0x7fffdb0f2030 .functor AND 1, L_0x7fffdb0f1a30, L_0x7fffdb0f1f30, C4<1>, C4<1>;
L_0x7fffdb0f21e0 .functor AND 1, L_0x7fffdb0f2030, L_0x7fffdb0f2140, C4<1>, C4<1>;
L_0x7fffdb0f24a0 .functor AND 1, L_0x7fffdb0f21e0, L_0x7fffdb0f2390, C4<1>, C4<1>;
L_0x7fffdb0f2430 .functor NOT 1, L_0x7fffdb0f2650, C4<0>, C4<0>, C4<0>;
L_0x7fffdb0f2870 .functor AND 1, L_0x7fffdb0f25b0, L_0x7fffdb0f2430, C4<1>, C4<1>;
L_0x7fffdb0f2980 .functor AND 1, L_0x7fffdb0f2870, L_0x7fffdb0f22f0, C4<1>, C4<1>;
L_0x7fffdb0f2c80 .functor NOT 1, L_0x7fffdb0f2b50, C4<0>, C4<0>, C4<0>;
L_0x7fffdb0f2d40 .functor AND 1, L_0x7fffdb0f2980, L_0x7fffdb0f2c80, C4<1>, C4<1>;
L_0x7fffdb0f2fc0 .functor AND 1, L_0x7fffdb0f2d40, L_0x7fffdb0f2f20, C4<1>, C4<1>;
L_0x7fffdb0f3210 .functor AND 1, L_0x7fffdb0f2fc0, L_0x7fffdb0f30d0, C4<1>, C4<1>;
L_0x7fffdb0f34a0 .functor NOT 1, L_0x7fffdb0f3400, C4<0>, C4<0>, C4<0>;
L_0x7fffdb0f36b0 .functor NOT 1, L_0x7fffdb0f3560, C4<0>, C4<0>, C4<0>;
L_0x7fffdb0f3860 .functor AND 1, L_0x7fffdb0f34a0, L_0x7fffdb0f36b0, C4<1>, C4<1>;
L_0x7fffdb0f3970 .functor NOT 1, L_0x7fffdb0f3170, C4<0>, C4<0>, C4<0>;
L_0x7fffdb0f3b30 .functor AND 1, L_0x7fffdb0f3860, L_0x7fffdb0f3970, C4<1>, C4<1>;
L_0x7fffdb0f3da0 .functor AND 1, L_0x7fffdb0f3b30, L_0x7fffdb0f3c40, C4<1>, C4<1>;
L_0x7fffdb0f4060 .functor NOT 1, L_0x7fffdb0f3fc0, C4<0>, C4<0>, C4<0>;
L_0x7fffdb0f4120 .functor AND 1, L_0x7fffdb0f3da0, L_0x7fffdb0f4060, C4<1>, C4<1>;
L_0x7fffdb0f44c0 .functor NOT 1, L_0x7fffdb0f4350, C4<0>, C4<0>, C4<0>;
L_0x7fffdb0f4580 .functor AND 1, L_0x7fffdb0f4120, L_0x7fffdb0f44c0, C4<1>, C4<1>;
L_0x7fffdb0f42d0 .functor NOT 1, L_0x7fffdb0f4230, C4<0>, C4<0>, C4<0>;
L_0x7fffdb0f4990 .functor NOT 1, L_0x7fffdb0f4810, C4<0>, C4<0>, C4<0>;
L_0x7fffdb0f4b90 .functor AND 1, L_0x7fffdb0f42d0, L_0x7fffdb0f4990, C4<1>, C4<1>;
L_0x7fffdb0f4d40 .functor NOT 1, L_0x7fffdb0f4ca0, C4<0>, C4<0>, C4<0>;
L_0x7fffdb0f4f50 .functor AND 1, L_0x7fffdb0f4b90, L_0x7fffdb0f4d40, C4<1>, C4<1>;
L_0x7fffdb0f5600 .functor AND 1, L_0x7fffdb0f4f50, L_0x7fffdb0f5060, C4<1>, C4<1>;
L_0x7fffdb0f5910 .functor NOT 1, L_0x7fffdb0f5870, C4<0>, C4<0>, C4<0>;
L_0x7fffdb0f59d0 .functor AND 1, L_0x7fffdb0f5600, L_0x7fffdb0f5910, C4<1>, C4<1>;
L_0x7fffdb0f5df0 .functor AND 1, L_0x7fffdb0f59d0, L_0x7fffdb0f5c50, C4<1>, C4<1>;
L_0x7fffdb0f5fa0 .functor NOT 1, L_0x7fffdb0f5f00, C4<0>, C4<0>, C4<0>;
L_0x7fffdb0f6390 .functor NOT 1, L_0x7fffdb0f61e0, C4<0>, C4<0>, C4<0>;
L_0x7fffdb0f6450 .functor AND 1, L_0x7fffdb0f5fa0, L_0x7fffdb0f6390, C4<1>, C4<1>;
L_0x7fffdb0f6790 .functor NOT 1, L_0x7fffdb0f66f0, C4<0>, C4<0>, C4<0>;
L_0x7fffdb0f6850 .functor AND 1, L_0x7fffdb0f6450, L_0x7fffdb0f6790, C4<1>, C4<1>;
L_0x7fffdb0f6cc0 .functor NOT 1, L_0x7fffdb0f6b00, C4<0>, C4<0>, C4<0>;
L_0x7fffdb0f6d80 .functor AND 1, L_0x7fffdb0f6850, L_0x7fffdb0f6cc0, C4<1>, C4<1>;
L_0x7fffdb0f70e0 .functor AND 1, L_0x7fffdb0f6d80, L_0x7fffdb0f7040, C4<1>, C4<1>;
L_0x7fffdb0f6ba0 .functor NOT 1, L_0x7fffdb0f71f0, C4<0>, C4<0>, C4<0>;
L_0x7fffdb0f7580 .functor AND 1, L_0x7fffdb0f70e0, L_0x7fffdb0f6ba0, C4<1>, C4<1>;
L_0x7fffdb0f7690 .functor NOT 1, L_0x7fffdb0f75f0, C4<0>, C4<0>, C4<0>;
L_0x7fffdb0f7b00 .functor NOT 1, L_0x7fffdb0f7920, C4<0>, C4<0>, C4<0>;
L_0x7fffdb0f7bc0 .functor AND 1, L_0x7fffdb0f7690, L_0x7fffdb0f7b00, C4<1>, C4<1>;
L_0x7fffdb0f7f50 .functor AND 1, L_0x7fffdb0f7bc0, L_0x7fffdb0f7eb0, C4<1>, C4<1>;
L_0x7fffdb0f8250 .functor AND 1, L_0x7fffdb0f7f50, L_0x7fffdb0f8060, C4<1>, C4<1>;
L_0x7fffdb0f85f0 .functor NOT 1, L_0x7fffdb0f8550, C4<0>, C4<0>, C4<0>;
L_0x7fffdb0f86b0 .functor AND 1, L_0x7fffdb0f8250, L_0x7fffdb0f85f0, C4<1>, C4<1>;
L_0x7fffdb0f8bc0 .functor NOT 1, L_0x7fffdb0f89c0, C4<0>, C4<0>, C4<0>;
L_0x7fffdb0f8c80 .functor AND 1, L_0x7fffdb0f86b0, L_0x7fffdb0f8bc0, C4<1>, C4<1>;
L_0x7fffdb0f9040 .functor NOT 1, L_0x7fffdb0f8fa0, C4<0>, C4<0>, C4<0>;
L_0x7fffdb0f9310 .functor NOT 1, L_0x7fffdb0f9100, C4<0>, C4<0>, C4<0>;
L_0x7fffdb0f95f0 .functor AND 1, L_0x7fffdb0f9040, L_0x7fffdb0f9310, C4<1>, C4<1>;
L_0x7fffdb0f97a0 .functor AND 1, L_0x7fffdb0f95f0, L_0x7fffdb0f9700, C4<1>, C4<1>;
L_0x7fffdb0f9d00 .functor AND 1, L_0x7fffdb0f97a0, L_0x7fffdb0f9ae0, C4<1>, C4<1>;
L_0x7fffdb0f9eb0 .functor NOT 1, L_0x7fffdb0f9e10, C4<0>, C4<0>, C4<0>;
L_0x7fffdb0fa1b0 .functor AND 1, L_0x7fffdb0f9d00, L_0x7fffdb0f9eb0, C4<1>, C4<1>;
L_0x7fffdb0fa4f0 .functor AND 1, L_0x7fffdb0fa1b0, L_0x7fffdb0fa2c0, C4<1>, C4<1>;
L_0x7fffdb0fa8f0 .functor NOT 1, L_0x7fffdb0fa850, C4<0>, C4<0>, C4<0>;
L_0x7fffdb0fabf0 .functor NOT 1, L_0x7fffdb0fa9b0, C4<0>, C4<0>, C4<0>;
L_0x7fffdb0faf10 .functor AND 1, L_0x7fffdb0fa8f0, L_0x7fffdb0fabf0, C4<1>, C4<1>;
L_0x7fffdb0fb0c0 .functor AND 1, L_0x7fffdb0faf10, L_0x7fffdb0fb020, C4<1>, C4<1>;
L_0x7fffdb0fb690 .functor NOT 1, L_0x7fffdb0fb440, C4<0>, C4<0>, C4<0>;
L_0x7fffdb0fb750 .functor AND 1, L_0x7fffdb0fb0c0, L_0x7fffdb0fb690, C4<1>, C4<1>;
L_0x7fffdb0fbb80 .functor NOT 1, L_0x7fffdb0fbae0, C4<0>, C4<0>, C4<0>;
L_0x7fffdb0fbc40 .functor AND 1, L_0x7fffdb0fb750, L_0x7fffdb0fbb80, C4<1>, C4<1>;
L_0x7fffdb0fc240 .functor NOT 1, L_0x7fffdb0fbfe0, C4<0>, C4<0>, C4<0>;
L_0x7fffdb0fc300 .functor AND 1, L_0x7fffdb0fbc40, L_0x7fffdb0fc240, C4<1>, C4<1>;
L_0x7fffdb0fc6b0 .functor OR 1, L_0x7fffdb0f8c80, L_0x7fffdb0fa4f0, C4<0>, C4<0>;
L_0x7fffdb0fc720 .functor OR 1, L_0x7fffdb0fc6b0, L_0x7fffdb0fc300, C4<0>, C4<0>;
L_0x7fffdb0fcad0 .functor BUFZ 1, L_0x7fffdb0f1720, C4<0>, C4<0>, C4<0>;
L_0x7fffdb0fcb40 .functor OR 1, L_0x7fffdb0f24a0, L_0x7fffdb0f3210, C4<0>, C4<0>;
L_0x7fffdb0fcf10 .functor OR 1, L_0x7fffdb0fcb40, L_0x7fffdb0fc720, C4<0>, C4<0>;
L_0x7fffdb0fcfd0 .functor BUFZ 1, L_0x7fffdb0f24a0, C4<0>, C4<0>, C4<0>;
L_0x7fffdb0fd310 .functor OR 1, L_0x7fffdb0f1720, L_0x7fffdb0f24a0, C4<0>, C4<0>;
L_0x7fffdb0fd410 .functor OR 1, L_0x7fffdb0fd310, L_0x7fffdb0fc720, C4<0>, C4<0>;
L_0x7fffdb0fd7f0 .functor BUFZ 1, L_0x7fffdb0f24a0, C4<0>, C4<0>, C4<0>;
L_0x7fffdb0fd860 .functor BUFZ 1, L_0x7fffdb0f3210, C4<0>, C4<0>, C4<0>;
L_0x7fffdb0fdbc0 .functor BUFZ 1, L_0x7fffdb0f4580, C4<0>, C4<0>, C4<0>;
L_0x7fffdb0fdc30 .functor BUFZ 1, L_0x7fffdb0fcad0, C4<0>, C4<0>, C4<0>;
L_0x7fffdb0fdff0 .functor BUFZ 1, L_0x7fffdb0fcf10, C4<0>, C4<0>, C4<0>;
L_0x7fffdb0fe0b0 .functor BUFZ 1, L_0x7fffdb0f1720, C4<0>, C4<0>, C4<0>;
L_0x7fffdb0fe600 .functor BUFZ 1, L_0x7fffdb0f4580, C4<0>, C4<0>, C4<0>;
L_0x7fffdb0fe6c0 .functor BUFZ 1, L_0x7fffdb0fdbc0, C4<0>, C4<0>, C4<0>;
L_0x7fffdb0feaa0 .functor BUFZ 1, L_0x7fffdb0fd7f0, C4<0>, C4<0>, C4<0>;
L_0x7fffdb0fee70 .functor BUFZ 1, L_0x7fffdb0fd860, C4<0>, C4<0>, C4<0>;
L_0x7fffdb0ff2b0 .functor BUFZ 1, L_0x7fffdb0fcfd0, C4<0>, C4<0>, C4<0>;
L_0x7fffdb0ff460 .functor BUFZ 1, L_0x7fffdb0fd410, C4<0>, C4<0>, C4<0>;
L_0x7fffdb0ff8b0 .functor BUFZ 2, L_0x7fffdb0ff370, C4<00>, C4<00>, C4<00>;
L_0x7fffdb0ff970 .functor BUFZ 3, L_0x7fffdb0feb60, C4<000>, C4<000>, C4<000>;
L_0x7fffdb1000a0 .functor BUFZ 4, L_0x7fffdb0fe4c0, C4<0000>, C4<0000>, C4<0000>;
v0x7fffdb09b960_0 .net "EXE", 3 0, L_0x7fffdb0fe4c0;  1 drivers
v0x7fffdb09ba60_0 .net "M", 2 0, L_0x7fffdb0feb60;  1 drivers
v0x7fffdb0a4e50_0 .net "Op", 5 0, L_0x7fffdb110b60;  alias, 1 drivers
v0x7fffdb0a4f20_0 .net "Out", 8 0, L_0x7fffdb0ffd80;  alias, 1 drivers
v0x7fffdb0a1370_0 .net "WB", 1 0, L_0x7fffdb0ff370;  1 drivers
v0x7fffdb0a1410_0 .net *"_s1", 0 0, L_0x7fffdb0f0860;  1 drivers
v0x7fffdb0a3180_0 .net *"_s100", 0 0, L_0x7fffdb0f3970;  1 drivers
v0x7fffdb0d2000_0 .net *"_s102", 0 0, L_0x7fffdb0f3b30;  1 drivers
v0x7fffdb0d20e0_0 .net *"_s105", 0 0, L_0x7fffdb0f3c40;  1 drivers
v0x7fffdb0d21c0_0 .net *"_s106", 0 0, L_0x7fffdb0f3da0;  1 drivers
v0x7fffdb0d22a0_0 .net *"_s109", 0 0, L_0x7fffdb0f3fc0;  1 drivers
v0x7fffdb0d2380_0 .net *"_s11", 0 0, L_0x7fffdb0f0c30;  1 drivers
v0x7fffdb0d2460_0 .net *"_s110", 0 0, L_0x7fffdb0f4060;  1 drivers
v0x7fffdb0d2540_0 .net *"_s112", 0 0, L_0x7fffdb0f4120;  1 drivers
v0x7fffdb0d2620_0 .net *"_s115", 0 0, L_0x7fffdb0f4350;  1 drivers
v0x7fffdb0d2700_0 .net *"_s116", 0 0, L_0x7fffdb0f44c0;  1 drivers
v0x7fffdb0d27e0_0 .net *"_s12", 0 0, L_0x7fffdb0f0cd0;  1 drivers
v0x7fffdb0d28c0_0 .net *"_s121", 0 0, L_0x7fffdb0f4230;  1 drivers
v0x7fffdb0d29a0_0 .net *"_s122", 0 0, L_0x7fffdb0f42d0;  1 drivers
v0x7fffdb0d2a80_0 .net *"_s125", 0 0, L_0x7fffdb0f4810;  1 drivers
v0x7fffdb0d2b60_0 .net *"_s126", 0 0, L_0x7fffdb0f4990;  1 drivers
v0x7fffdb0d2c40_0 .net *"_s128", 0 0, L_0x7fffdb0f4b90;  1 drivers
v0x7fffdb0d2d20_0 .net *"_s131", 0 0, L_0x7fffdb0f4ca0;  1 drivers
v0x7fffdb0d2e00_0 .net *"_s132", 0 0, L_0x7fffdb0f4d40;  1 drivers
v0x7fffdb0d2ee0_0 .net *"_s134", 0 0, L_0x7fffdb0f4f50;  1 drivers
v0x7fffdb0d2fc0_0 .net *"_s137", 0 0, L_0x7fffdb0f5060;  1 drivers
v0x7fffdb0d30a0_0 .net *"_s138", 0 0, L_0x7fffdb0f5600;  1 drivers
v0x7fffdb0d3180_0 .net *"_s14", 0 0, L_0x7fffdb0f0d90;  1 drivers
v0x7fffdb0d3260_0 .net *"_s141", 0 0, L_0x7fffdb0f5870;  1 drivers
v0x7fffdb0d3340_0 .net *"_s142", 0 0, L_0x7fffdb0f5910;  1 drivers
v0x7fffdb0d3420_0 .net *"_s144", 0 0, L_0x7fffdb0f59d0;  1 drivers
v0x7fffdb0d3500_0 .net *"_s147", 0 0, L_0x7fffdb0f5c50;  1 drivers
v0x7fffdb0d35e0_0 .net *"_s151", 0 0, L_0x7fffdb0f5f00;  1 drivers
v0x7fffdb0d38d0_0 .net *"_s152", 0 0, L_0x7fffdb0f5fa0;  1 drivers
v0x7fffdb0d39b0_0 .net *"_s155", 0 0, L_0x7fffdb0f61e0;  1 drivers
v0x7fffdb0d3a90_0 .net *"_s156", 0 0, L_0x7fffdb0f6390;  1 drivers
v0x7fffdb0d3b70_0 .net *"_s158", 0 0, L_0x7fffdb0f6450;  1 drivers
v0x7fffdb0d3c50_0 .net *"_s161", 0 0, L_0x7fffdb0f66f0;  1 drivers
v0x7fffdb0d3d30_0 .net *"_s162", 0 0, L_0x7fffdb0f6790;  1 drivers
v0x7fffdb0d3e10_0 .net *"_s164", 0 0, L_0x7fffdb0f6850;  1 drivers
v0x7fffdb0d3ef0_0 .net *"_s167", 0 0, L_0x7fffdb0f6b00;  1 drivers
v0x7fffdb0d3fd0_0 .net *"_s168", 0 0, L_0x7fffdb0f6cc0;  1 drivers
v0x7fffdb0d40b0_0 .net *"_s17", 0 0, L_0x7fffdb0f0ea0;  1 drivers
v0x7fffdb0d4190_0 .net *"_s170", 0 0, L_0x7fffdb0f6d80;  1 drivers
v0x7fffdb0d4270_0 .net *"_s173", 0 0, L_0x7fffdb0f7040;  1 drivers
v0x7fffdb0d4350_0 .net *"_s174", 0 0, L_0x7fffdb0f70e0;  1 drivers
v0x7fffdb0d4430_0 .net *"_s177", 0 0, L_0x7fffdb0f71f0;  1 drivers
v0x7fffdb0d4510_0 .net *"_s178", 0 0, L_0x7fffdb0f6ba0;  1 drivers
v0x7fffdb0d45f0_0 .net *"_s18", 0 0, L_0x7fffdb0f1050;  1 drivers
v0x7fffdb0d46d0_0 .net *"_s183", 0 0, L_0x7fffdb0f75f0;  1 drivers
v0x7fffdb0d47b0_0 .net *"_s184", 0 0, L_0x7fffdb0f7690;  1 drivers
v0x7fffdb0d4890_0 .net *"_s187", 0 0, L_0x7fffdb0f7920;  1 drivers
v0x7fffdb0d4970_0 .net *"_s188", 0 0, L_0x7fffdb0f7b00;  1 drivers
v0x7fffdb0d4a50_0 .net *"_s190", 0 0, L_0x7fffdb0f7bc0;  1 drivers
v0x7fffdb0d4b30_0 .net *"_s193", 0 0, L_0x7fffdb0f7eb0;  1 drivers
v0x7fffdb0d4c10_0 .net *"_s194", 0 0, L_0x7fffdb0f7f50;  1 drivers
v0x7fffdb0d4cf0_0 .net *"_s197", 0 0, L_0x7fffdb0f8060;  1 drivers
v0x7fffdb0d4dd0_0 .net *"_s198", 0 0, L_0x7fffdb0f8250;  1 drivers
v0x7fffdb0d4eb0_0 .net *"_s2", 0 0, L_0x7fffdb0f0900;  1 drivers
v0x7fffdb0d4f90_0 .net *"_s20", 0 0, L_0x7fffdb0f1150;  1 drivers
v0x7fffdb0d5070_0 .net *"_s201", 0 0, L_0x7fffdb0f8550;  1 drivers
v0x7fffdb0d5150_0 .net *"_s202", 0 0, L_0x7fffdb0f85f0;  1 drivers
v0x7fffdb0d5230_0 .net *"_s204", 0 0, L_0x7fffdb0f86b0;  1 drivers
v0x7fffdb0d5310_0 .net *"_s207", 0 0, L_0x7fffdb0f89c0;  1 drivers
v0x7fffdb0d53f0_0 .net *"_s208", 0 0, L_0x7fffdb0f8bc0;  1 drivers
v0x7fffdb0d58e0_0 .net *"_s213", 0 0, L_0x7fffdb0f8fa0;  1 drivers
v0x7fffdb0d59c0_0 .net *"_s214", 0 0, L_0x7fffdb0f9040;  1 drivers
v0x7fffdb0d5aa0_0 .net *"_s217", 0 0, L_0x7fffdb0f9100;  1 drivers
v0x7fffdb0d5b80_0 .net *"_s218", 0 0, L_0x7fffdb0f9310;  1 drivers
v0x7fffdb0d5c60_0 .net *"_s220", 0 0, L_0x7fffdb0f95f0;  1 drivers
v0x7fffdb0d5d40_0 .net *"_s223", 0 0, L_0x7fffdb0f9700;  1 drivers
v0x7fffdb0d5e20_0 .net *"_s224", 0 0, L_0x7fffdb0f97a0;  1 drivers
v0x7fffdb0d5f00_0 .net *"_s227", 0 0, L_0x7fffdb0f9ae0;  1 drivers
v0x7fffdb0d5fe0_0 .net *"_s228", 0 0, L_0x7fffdb0f9d00;  1 drivers
v0x7fffdb0d60c0_0 .net *"_s23", 0 0, L_0x7fffdb0f1260;  1 drivers
v0x7fffdb0d61a0_0 .net *"_s231", 0 0, L_0x7fffdb0f9e10;  1 drivers
v0x7fffdb0d6280_0 .net *"_s232", 0 0, L_0x7fffdb0f9eb0;  1 drivers
v0x7fffdb0d6360_0 .net *"_s234", 0 0, L_0x7fffdb0fa1b0;  1 drivers
v0x7fffdb0d6440_0 .net *"_s237", 0 0, L_0x7fffdb0fa2c0;  1 drivers
v0x7fffdb0d6520_0 .net *"_s24", 0 0, L_0x7fffdb0f1300;  1 drivers
v0x7fffdb0d6600_0 .net *"_s241", 0 0, L_0x7fffdb0fa850;  1 drivers
v0x7fffdb0d66e0_0 .net *"_s242", 0 0, L_0x7fffdb0fa8f0;  1 drivers
v0x7fffdb0d67c0_0 .net *"_s245", 0 0, L_0x7fffdb0fa9b0;  1 drivers
v0x7fffdb0d68a0_0 .net *"_s246", 0 0, L_0x7fffdb0fabf0;  1 drivers
v0x7fffdb0d6980_0 .net *"_s248", 0 0, L_0x7fffdb0faf10;  1 drivers
v0x7fffdb0d6a60_0 .net *"_s251", 0 0, L_0x7fffdb0fb020;  1 drivers
v0x7fffdb0d6b40_0 .net *"_s252", 0 0, L_0x7fffdb0fb0c0;  1 drivers
v0x7fffdb0d6c20_0 .net *"_s255", 0 0, L_0x7fffdb0fb440;  1 drivers
v0x7fffdb0d6d00_0 .net *"_s256", 0 0, L_0x7fffdb0fb690;  1 drivers
v0x7fffdb0d6de0_0 .net *"_s258", 0 0, L_0x7fffdb0fb750;  1 drivers
v0x7fffdb0d6ec0_0 .net *"_s26", 0 0, L_0x7fffdb0f1410;  1 drivers
v0x7fffdb0d6fa0_0 .net *"_s261", 0 0, L_0x7fffdb0fbae0;  1 drivers
v0x7fffdb0d7080_0 .net *"_s262", 0 0, L_0x7fffdb0fbb80;  1 drivers
v0x7fffdb0d7160_0 .net *"_s264", 0 0, L_0x7fffdb0fbc40;  1 drivers
v0x7fffdb0d7240_0 .net *"_s267", 0 0, L_0x7fffdb0fbfe0;  1 drivers
v0x7fffdb0d7320_0 .net *"_s268", 0 0, L_0x7fffdb0fc240;  1 drivers
v0x7fffdb0d7400_0 .net *"_s272", 0 0, L_0x7fffdb0fc6b0;  1 drivers
v0x7fffdb0d74e0_0 .net *"_s278", 0 0, L_0x7fffdb0fcb40;  1 drivers
v0x7fffdb0d75c0_0 .net *"_s284", 0 0, L_0x7fffdb0fd310;  1 drivers
v0x7fffdb0d76a0_0 .net *"_s29", 0 0, L_0x7fffdb0f1520;  1 drivers
v0x7fffdb0d7780_0 .net *"_s297", 0 0, L_0x7fffdb0fdc30;  1 drivers
v0x7fffdb0d7860_0 .net *"_s30", 0 0, L_0x7fffdb0f1600;  1 drivers
v0x7fffdb0d7940_0 .net *"_s301", 0 0, L_0x7fffdb0fdff0;  1 drivers
v0x7fffdb0d7a20_0 .net *"_s305", 0 0, L_0x7fffdb0fe0b0;  1 drivers
v0x7fffdb0d7b00_0 .net *"_s310", 0 0, L_0x7fffdb0fe600;  1 drivers
v0x7fffdb0d7be0_0 .net *"_s314", 0 0, L_0x7fffdb0fe6c0;  1 drivers
v0x7fffdb0d7cc0_0 .net *"_s318", 0 0, L_0x7fffdb0feaa0;  1 drivers
v0x7fffdb0d7da0_0 .net *"_s323", 0 0, L_0x7fffdb0fee70;  1 drivers
v0x7fffdb0d7e80_0 .net *"_s327", 0 0, L_0x7fffdb0ff2b0;  1 drivers
v0x7fffdb0d7f60_0 .net *"_s332", 0 0, L_0x7fffdb0ff460;  1 drivers
v0x7fffdb0d8040_0 .net *"_s336", 1 0, L_0x7fffdb0ff8b0;  1 drivers
v0x7fffdb0d8120_0 .net *"_s340", 2 0, L_0x7fffdb0ff970;  1 drivers
v0x7fffdb0d8200_0 .net *"_s345", 3 0, L_0x7fffdb1000a0;  1 drivers
v0x7fffdb0d82e0_0 .net *"_s35", 0 0, L_0x7fffdb0f17e0;  1 drivers
v0x7fffdb0d83c0_0 .net *"_s37", 0 0, L_0x7fffdb0f1880;  1 drivers
v0x7fffdb0d84a0_0 .net *"_s38", 0 0, L_0x7fffdb0f1970;  1 drivers
v0x7fffdb0d8580_0 .net *"_s40", 0 0, L_0x7fffdb0f1aa0;  1 drivers
v0x7fffdb0d8660_0 .net *"_s43", 0 0, L_0x7fffdb0f1bb0;  1 drivers
v0x7fffdb0d8740_0 .net *"_s44", 0 0, L_0x7fffdb0f1c50;  1 drivers
v0x7fffdb0d8820_0 .net *"_s46", 0 0, L_0x7fffdb0f1a30;  1 drivers
v0x7fffdb0d8900_0 .net *"_s49", 0 0, L_0x7fffdb0f1e30;  1 drivers
v0x7fffdb0d89e0_0 .net *"_s5", 0 0, L_0x7fffdb0f09c0;  1 drivers
v0x7fffdb0d8ac0_0 .net *"_s50", 0 0, L_0x7fffdb0f1f30;  1 drivers
v0x7fffdb0d8ba0_0 .net *"_s52", 0 0, L_0x7fffdb0f2030;  1 drivers
v0x7fffdb0d8c80_0 .net *"_s55", 0 0, L_0x7fffdb0f2140;  1 drivers
v0x7fffdb0d8d60_0 .net *"_s56", 0 0, L_0x7fffdb0f21e0;  1 drivers
v0x7fffdb0d8e40_0 .net *"_s59", 0 0, L_0x7fffdb0f2390;  1 drivers
v0x7fffdb0d8f20_0 .net *"_s6", 0 0, L_0x7fffdb0f0a60;  1 drivers
v0x7fffdb0d9000_0 .net *"_s63", 0 0, L_0x7fffdb0f25b0;  1 drivers
v0x7fffdb0d98f0_0 .net *"_s65", 0 0, L_0x7fffdb0f2650;  1 drivers
v0x7fffdb0d99d0_0 .net *"_s66", 0 0, L_0x7fffdb0f2430;  1 drivers
v0x7fffdb0d9ab0_0 .net *"_s68", 0 0, L_0x7fffdb0f2870;  1 drivers
v0x7fffdb0d9b90_0 .net *"_s71", 0 0, L_0x7fffdb0f22f0;  1 drivers
v0x7fffdb0d9c70_0 .net *"_s72", 0 0, L_0x7fffdb0f2980;  1 drivers
v0x7fffdb0d9d50_0 .net *"_s75", 0 0, L_0x7fffdb0f2b50;  1 drivers
v0x7fffdb0d9e30_0 .net *"_s76", 0 0, L_0x7fffdb0f2c80;  1 drivers
v0x7fffdb0d9f10_0 .net *"_s78", 0 0, L_0x7fffdb0f2d40;  1 drivers
v0x7fffdb0d9ff0_0 .net *"_s8", 0 0, L_0x7fffdb0f0b20;  1 drivers
v0x7fffdb0da0d0_0 .net *"_s81", 0 0, L_0x7fffdb0f2f20;  1 drivers
v0x7fffdb0da1b0_0 .net *"_s82", 0 0, L_0x7fffdb0f2fc0;  1 drivers
v0x7fffdb0da290_0 .net *"_s85", 0 0, L_0x7fffdb0f30d0;  1 drivers
v0x7fffdb0da370_0 .net *"_s89", 0 0, L_0x7fffdb0f3400;  1 drivers
v0x7fffdb0da450_0 .net *"_s90", 0 0, L_0x7fffdb0f34a0;  1 drivers
v0x7fffdb0da530_0 .net *"_s93", 0 0, L_0x7fffdb0f3560;  1 drivers
v0x7fffdb0da610_0 .net *"_s94", 0 0, L_0x7fffdb0f36b0;  1 drivers
v0x7fffdb0da6f0_0 .net *"_s96", 0 0, L_0x7fffdb0f3860;  1 drivers
v0x7fffdb0da7d0_0 .net *"_s99", 0 0, L_0x7fffdb0f3170;  1 drivers
v0x7fffdb0da8b0_0 .net "addi", 0 0, L_0x7fffdb0fc300;  alias, 1 drivers
v0x7fffdb0da970_0 .net "alusrc", 0 0, L_0x7fffdb0fcf10;  1 drivers
v0x7fffdb0daa30_0 .net "andi", 0 0, L_0x7fffdb0f8c80;  alias, 1 drivers
v0x7fffdb0daaf0_0 .net "beq", 0 0, L_0x7fffdb0f4580;  1 drivers
v0x7fffdb0dabb0_0 .net "bne", 0 0, L_0x7fffdb0f5df0;  alias, 1 drivers
v0x7fffdb0dac70_0 .net "branch", 0 0, L_0x7fffdb0fdbc0;  1 drivers
v0x7fffdb0dad30_0 .net "imm", 0 0, L_0x7fffdb0fc720;  alias, 1 drivers
v0x7fffdb0dadf0_0 .net "j", 0 0, L_0x7fffdb0f7580;  alias, 1 drivers
v0x7fffdb0daeb0_0 .net "lw", 0 0, L_0x7fffdb0f24a0;  1 drivers
v0x7fffdb0daf70_0 .net "memread", 0 0, L_0x7fffdb0fd7f0;  1 drivers
v0x7fffdb0db030_0 .net "memtoreg", 0 0, L_0x7fffdb0fcfd0;  1 drivers
v0x7fffdb0db0f0_0 .net "memwrite", 0 0, L_0x7fffdb0fd860;  1 drivers
v0x7fffdb0db1b0_0 .net "ori", 0 0, L_0x7fffdb0fa4f0;  alias, 1 drivers
v0x7fffdb0db270_0 .net "r", 0 0, L_0x7fffdb0f1720;  1 drivers
v0x7fffdb0db330_0 .net "regdst", 0 0, L_0x7fffdb0fcad0;  1 drivers
v0x7fffdb0db3f0_0 .net "regwrite", 0 0, L_0x7fffdb0fd410;  1 drivers
v0x7fffdb0db4b0_0 .net "sw", 0 0, L_0x7fffdb0f3210;  1 drivers
L_0x7fffdb0f0860 .part L_0x7fffdb110b60, 5, 1;
L_0x7fffdb0f09c0 .part L_0x7fffdb110b60, 4, 1;
L_0x7fffdb0f0c30 .part L_0x7fffdb110b60, 3, 1;
L_0x7fffdb0f0ea0 .part L_0x7fffdb110b60, 2, 1;
L_0x7fffdb0f1260 .part L_0x7fffdb110b60, 1, 1;
L_0x7fffdb0f1520 .part L_0x7fffdb110b60, 0, 1;
L_0x7fffdb0f17e0 .part L_0x7fffdb110b60, 5, 1;
L_0x7fffdb0f1880 .part L_0x7fffdb110b60, 4, 1;
L_0x7fffdb0f1bb0 .part L_0x7fffdb110b60, 3, 1;
L_0x7fffdb0f1e30 .part L_0x7fffdb110b60, 2, 1;
L_0x7fffdb0f2140 .part L_0x7fffdb110b60, 1, 1;
L_0x7fffdb0f2390 .part L_0x7fffdb110b60, 0, 1;
L_0x7fffdb0f25b0 .part L_0x7fffdb110b60, 5, 1;
L_0x7fffdb0f2650 .part L_0x7fffdb110b60, 4, 1;
L_0x7fffdb0f22f0 .part L_0x7fffdb110b60, 3, 1;
L_0x7fffdb0f2b50 .part L_0x7fffdb110b60, 2, 1;
L_0x7fffdb0f2f20 .part L_0x7fffdb110b60, 1, 1;
L_0x7fffdb0f30d0 .part L_0x7fffdb110b60, 0, 1;
L_0x7fffdb0f3400 .part L_0x7fffdb110b60, 5, 1;
L_0x7fffdb0f3560 .part L_0x7fffdb110b60, 4, 1;
L_0x7fffdb0f3170 .part L_0x7fffdb110b60, 3, 1;
L_0x7fffdb0f3c40 .part L_0x7fffdb110b60, 2, 1;
L_0x7fffdb0f3fc0 .part L_0x7fffdb110b60, 1, 1;
L_0x7fffdb0f4350 .part L_0x7fffdb110b60, 0, 1;
L_0x7fffdb0f4230 .part L_0x7fffdb110b60, 5, 1;
L_0x7fffdb0f4810 .part L_0x7fffdb110b60, 4, 1;
L_0x7fffdb0f4ca0 .part L_0x7fffdb110b60, 3, 1;
L_0x7fffdb0f5060 .part L_0x7fffdb110b60, 2, 1;
L_0x7fffdb0f5870 .part L_0x7fffdb110b60, 1, 1;
L_0x7fffdb0f5c50 .part L_0x7fffdb110b60, 0, 1;
L_0x7fffdb0f5f00 .part L_0x7fffdb110b60, 5, 1;
L_0x7fffdb0f61e0 .part L_0x7fffdb110b60, 4, 1;
L_0x7fffdb0f66f0 .part L_0x7fffdb110b60, 3, 1;
L_0x7fffdb0f6b00 .part L_0x7fffdb110b60, 2, 1;
L_0x7fffdb0f7040 .part L_0x7fffdb110b60, 1, 1;
L_0x7fffdb0f71f0 .part L_0x7fffdb110b60, 0, 1;
L_0x7fffdb0f75f0 .part L_0x7fffdb110b60, 5, 1;
L_0x7fffdb0f7920 .part L_0x7fffdb110b60, 4, 1;
L_0x7fffdb0f7eb0 .part L_0x7fffdb110b60, 3, 1;
L_0x7fffdb0f8060 .part L_0x7fffdb110b60, 2, 1;
L_0x7fffdb0f8550 .part L_0x7fffdb110b60, 1, 1;
L_0x7fffdb0f89c0 .part L_0x7fffdb110b60, 0, 1;
L_0x7fffdb0f8fa0 .part L_0x7fffdb110b60, 5, 1;
L_0x7fffdb0f9100 .part L_0x7fffdb110b60, 4, 1;
L_0x7fffdb0f9700 .part L_0x7fffdb110b60, 3, 1;
L_0x7fffdb0f9ae0 .part L_0x7fffdb110b60, 2, 1;
L_0x7fffdb0f9e10 .part L_0x7fffdb110b60, 1, 1;
L_0x7fffdb0fa2c0 .part L_0x7fffdb110b60, 0, 1;
L_0x7fffdb0fa850 .part L_0x7fffdb110b60, 5, 1;
L_0x7fffdb0fa9b0 .part L_0x7fffdb110b60, 4, 1;
L_0x7fffdb0fb020 .part L_0x7fffdb110b60, 3, 1;
L_0x7fffdb0fb440 .part L_0x7fffdb110b60, 2, 1;
L_0x7fffdb0fbae0 .part L_0x7fffdb110b60, 1, 1;
L_0x7fffdb0fbfe0 .part L_0x7fffdb110b60, 0, 1;
L_0x7fffdb0fe4c0 .concat8 [ 1 1 1 1], L_0x7fffdb0fe600, L_0x7fffdb0fe0b0, L_0x7fffdb0fdff0, L_0x7fffdb0fdc30;
L_0x7fffdb0feb60 .concat8 [ 1 1 1 0], L_0x7fffdb0fee70, L_0x7fffdb0feaa0, L_0x7fffdb0fe6c0;
L_0x7fffdb0ff370 .concat8 [ 1 1 0 0], L_0x7fffdb0ff460, L_0x7fffdb0ff2b0;
L_0x7fffdb0ffd80 .concat8 [ 4 3 2 0], L_0x7fffdb1000a0, L_0x7fffdb0ff970, L_0x7fffdb0ff8b0;
S_0x7fffdb0db670 .scope module, "data_flow" "data_flow" 3 8, 5 1 0, S_0x7fffdb092660;
 .timescale 0 0;
    .port_info 0 /INPUT 1 "clk"
    .port_info 1 /INPUT 1 "rst"
    .port_info 2 /INPUT 9 "ConOut"
    .port_info 3 /INPUT 1 "jump"
    .port_info 4 /INPUT 1 "bne"
    .port_info 5 /INPUT 1 "imm_command"
    .port_info 6 /INPUT 1 "andi"
    .port_info 7 /INPUT 1 "ori"
    .port_info 8 /INPUT 1 "addi"
    .port_info 9 /OUTPUT 6 "OpCode"
L_0x7fffdb110610 .functor AND 1, L_0x7fffdb110480, L_0x7fffdb110520, C4<1>, C4<1>;
L_0x7fffdb1108e0 .functor AND 1, L_0x7fffdb110720, L_0x7fffdb0f5df0, C4<1>, C4<1>;
L_0x7fffdb1109e0 .functor OR 1, L_0x7fffdb110610, L_0x7fffdb1108e0, C4<0>, C4<0>;
L_0x7fffdb110aa0 .functor OR 1, L_0x7fffdb1109e0, L_0x7fffdb0f7580, C4<0>, C4<0>;
v0x7fffdb0eb7e0_0 .net "ALUSrc", 0 0, L_0x7fffdb1001b0;  1 drivers
v0x7fffdb0eb880_0 .net "ALUreg", 31 0, v0x7fffdb0dbd10_0;  1 drivers
v0x7fffdb0eb920_0 .net "ALUreg_mem_wb", 31 0, v0x7fffdb0e1b00_0;  1 drivers
v0x7fffdb0eba40_0 .net "CacheStall", 0 0, L_0x7fffdb112610;  1 drivers
v0x7fffdb0ebb30_0 .net "ConOut", 8 0, L_0x7fffdb0ffd80;  alias, 1 drivers
v0x7fffdb0ebc40_0 .net "DataAreg", 31 0, v0x7fffdb0df680_0;  1 drivers
v0x7fffdb0ebd30_0 .net "DataBreg", 31 0, v0x7fffdb0df840_0;  1 drivers
v0x7fffdb0ebe40_0 .net "EXMEMWrite", 0 0, v0x7fffdb0de8d0_0;  1 drivers
v0x7fffdb0ebf30_0 .net "EXreg", 3 0, v0x7fffdb0dfa30_0;  1 drivers
L_0x7fe7603d0018 .functor BUFT 1, C4<1>, C4<0>, C4<0>, C4<0>;
v0x7fffdb0ec080_0 .net "ExtSel", 0 0, L_0x7fe7603d0018;  1 drivers
v0x7fffdb0ec120_0 .net "ForwardA", 1 0, v0x7fffdb0dcd30_0;  1 drivers
v0x7fffdb0ec1c0_0 .net "ForwardB", 1 0, v0x7fffdb0dcdf0_0;  1 drivers
v0x7fffdb0ec2b0_0 .net "HazMuxCon", 0 0, v0x7fffdb0deb00_0;  1 drivers
v0x7fffdb0ec350_0 .net "IDEXWrite", 0 0, v0x7fffdb0debf0_0;  1 drivers
v0x7fffdb0ec440_0 .net "IDcontrol", 8 0, L_0x7fffdb110340;  1 drivers
v0x7fffdb0ec500_0 .net "IFFlush", 0 0, L_0x7fffdb110aa0;  1 drivers
v0x7fffdb0ec5a0_0 .net "IFIDWrite", 0 0, v0x7fffdb0dee20_0;  1 drivers
v0x7fffdb0ec7a0_0 .net "InstReg", 31 0, v0x7fffdb0e1170_0;  1 drivers
v0x7fffdb0ec890_0 .net "MEMWBWrite", 0 0, v0x7fffdb0deec0_0;  1 drivers
v0x7fffdb0ec980_0 .net "MUX3_forwardRD1_out", 31 0, v0x7fffdb0e28e0_0;  1 drivers
v0x7fffdb0eca90_0 .net "MUX3_forwardRD2_out", 31 0, v0x7fffdb0e3100_0;  1 drivers
v0x7fffdb0ecb50_0 .net "Memreg", 31 0, v0x7fffdb0e1d30_0;  1 drivers
v0x7fffdb0ecc60_0 .net "Mreg", 2 0, v0x7fffdb0dbf70_0;  1 drivers
v0x7fffdb0ecd20_0 .net "Mreg_idex", 2 0, v0x7fffdb0dfc70_0;  1 drivers
v0x7fffdb0ece10_0 .net "OpCode", 5 0, L_0x7fffdb110b60;  alias, 1 drivers
v0x7fffdb0eced0_0 .net "PCSrc", 0 0, L_0x7fffdb1109e0;  1 drivers
v0x7fffdb0ecf70_0 .net "PCWrite", 0 0, v0x7fffdb0def80_0;  1 drivers
v0x7fffdb0ed060_0 .net "PC_Plus4Reg", 31 0, v0x7fffdb0e1310_0;  1 drivers
v0x7fffdb0ed150_0 .net "RegOpCode", 5 0, v0x7fffdb0dfec0_0;  1 drivers
v0x7fffdb0ed260_0 .net "RegRDreg", 4 0, v0x7fffdb0dc180_0;  1 drivers
v0x7fffdb0ed320_0 .net "RegRDreg_mem_wb", 4 0, v0x7fffdb0e1f70_0;  1 drivers
v0x7fffdb0ed430_0 .net "RegRdreg", 4 0, v0x7fffdb0e0060_0;  1 drivers
v0x7fffdb0ed540_0 .net "RegRsreg", 4 0, v0x7fffdb0e0200_0;  1 drivers
v0x7fffdb0ed650_0 .net "RegRtreg", 4 0, v0x7fffdb0e03b0_0;  1 drivers
v0x7fffdb0ed710_0 .net "WBreg", 1 0, v0x7fffdb0dc340_0;  1 drivers
v0x7fffdb0ed7d0_0 .net "WBreg_idex", 1 0, v0x7fffdb0e06b0_0;  1 drivers
v0x7fffdb0ed8e0_0 .net "WBreg_mem_wb", 1 0, v0x7fffdb0e20d0_0;  1 drivers
v0x7fffdb0ed9a0_0 .net "WriteDataOut", 31 0, v0x7fffdb0dc500_0;  1 drivers
v0x7fffdb0eda40_0 .net *"_s11", 0 0, L_0x7fffdb110520;  1 drivers
v0x7fffdb0edb20_0 .net *"_s12", 0 0, L_0x7fffdb110610;  1 drivers
v0x7fffdb0edc00_0 .net *"_s14", 0 0, L_0x7fffdb110720;  1 drivers
v0x7fffdb0edcc0_0 .net *"_s16", 0 0, L_0x7fffdb1108e0;  1 drivers
L_0x7fe7603d0060 .functor BUFT 1, C4<000000000>, C4<0>, C4<0>, C4<0>;
v0x7fffdb0edda0_0 .net/2u *"_s4", 8 0, L_0x7fe7603d0060;  1 drivers
v0x7fffdb0ede80_0 .net *"_s8", 0 0, L_0x7fffdb110480;  1 drivers
v0x7fffdb0edf40_0 .net "addi", 0 0, L_0x7fffdb0fc300;  alias, 1 drivers
v0x7fffdb0edfe0_0 .net "address", 25 0, v0x7fffdb0e79c0_0;  1 drivers
v0x7fffdb0ee0d0_0 .net "alu_res", 31 0, v0x7fffdb0e4a30_0;  1 drivers
v0x7fffdb0ee1e0_0 .net "andi", 0 0, L_0x7fffdb0f8c80;  alias, 1 drivers
v0x7fffdb0ee280_0 .net "bne", 0 0, L_0x7fffdb0f5df0;  alias, 1 drivers
v0x7fffdb0ee320_0 .net "br", 31 0, L_0x7fffdb113250;  1 drivers
v0x7fffdb0ee410_0 .net "clk", 0 0, v0x7fffdb0f0720_0;  alias, 1 drivers
v0x7fffdb0ee4b0_0 .net "command", 31 0, v0x7fffdb0ea310_0;  1 drivers
v0x7fffdb0ee5a0_0 .net "counter", 2 0, v0x7fffdb0e8950_0;  1 drivers
v0x7fffdb0ee6b0_0 .net "ext", 31 0, L_0x7fffdb112860;  1 drivers
v0x7fffdb0ee770_0 .net "funct", 5 0, v0x7fffdb0e7b80_0;  1 drivers
v0x7fffdb0ee830_0 .net "hit", 0 0, L_0x7fffdb1124b0;  1 drivers
v0x7fffdb0ee920_0 .net "imm", 15 0, v0x7fffdb0e7c50_0;  1 drivers
v0x7fffdb0eea10_0 .net "imm_command", 0 0, o0x7fe760455478;  alias, 0 drivers
v0x7fffdb0eead0_0 .net "imm_valuereg", 31 0, v0x7fffdb0e0920_0;  1 drivers
v0x7fffdb0eebe0_0 .net "jabs", 31 0, L_0x7fffdb1132f0;  1 drivers
v0x7fffdb0eecf0_0 .net "jump", 0 0, L_0x7fffdb0f7580;  alias, 1 drivers
v0x7fffdb0eede0_0 .net "memory_word", 31 0, v0x7fffdb0e8d70_0;  1 drivers
v0x7fffdb0eeef0_0 .net "ori", 0 0, L_0x7fffdb0fa4f0;  alias, 1 drivers
v0x7fffdb0eef90_0 .net "pc_in", 31 0, L_0x7fffdb1134c0;  1 drivers
v0x7fffdb0ef080_0 .net "pc_out", 31 0, v0x7fffdb0ea930_0;  1 drivers
v0x7fffdb0ef140_0 .net "plus_4_out", 31 0, L_0x7fffdb112f60;  1 drivers
v0x7fffdb0ef200_0 .net "rd1", 31 0, L_0x7fffdb110de0;  1 drivers
v0x7fffdb0ef310_0 .net "rd2", 31 0, L_0x7fffdb111030;  1 drivers
v0x7fffdb0ef420_0 .net "rd2_imm_out", 31 0, L_0x7fffdb111a20;  1 drivers
v0x7fffdb0ef530_0 .net "rdata", 31 0, v0x7fffdb0e6450_0;  1 drivers
v0x7fffdb0ef640_0 .net "rs1", 4 0, v0x7fffdb0e7e90_0;  1 drivers
v0x7fffdb0ef700_0 .net "rs2", 4 0, v0x7fffdb0e7f50_0;  1 drivers
v0x7fffdb0ef850_0 .net "rs3", 4 0, v0x7fffdb0e80f0_0;  1 drivers
v0x7fffdb0ef910_0 .net "rst", 0 0, v0x7fffdb0f07c0_0;  alias, 1 drivers
v0x7fffdb0efac0_0 .net "shamt", 4 0, v0x7fffdb0e8010_0;  1 drivers
v0x7fffdb0efb80_0 .net "wd", 31 0, v0x7fffdb0e4370_0;  1 drivers
v0x7fffdb0efc20_0 .net "ws", 4 0, v0x7fffdb0e74d0_0;  1 drivers
L_0x7fffdb1001b0 .part L_0x7fffdb0ffd80, 2, 1;
L_0x7fffdb110340 .functor MUXZ 9, L_0x7fe7603d0060, L_0x7fffdb0ffd80, v0x7fffdb0deb00_0, C4<>;
L_0x7fffdb110480 .cmp/eq 32, L_0x7fffdb110de0, L_0x7fffdb111030;
L_0x7fffdb110520 .part L_0x7fffdb110340, 6, 1;
L_0x7fffdb110720 .cmp/ne 32, L_0x7fffdb110de0, L_0x7fffdb111030;
L_0x7fffdb1110f0 .part v0x7fffdb0e20d0_0, 0, 1;
L_0x7fffdb111660 .part L_0x7fffdb110340, 7, 2;
L_0x7fffdb111700 .part L_0x7fffdb110340, 4, 3;
L_0x7fffdb111880 .part L_0x7fffdb110340, 0, 4;
L_0x7fffdb111920 .part v0x7fffdb0dfa30_0, 3, 1;
L_0x7fffdb112680 .part v0x7fffdb0dbf70_0, 0, 1;
L_0x7fffdb112770 .part v0x7fffdb0dbf70_0, 1, 1;
L_0x7fffdb1128d0 .part v0x7fffdb0dbf70_0, 0, 1;
L_0x7fffdb112a00 .part v0x7fffdb0dbf70_0, 1, 1;
L_0x7fffdb112b20 .part v0x7fffdb0dc340_0, 0, 1;
L_0x7fffdb112bc0 .part v0x7fffdb0e20d0_0, 0, 1;
L_0x7fffdb112cf0 .part v0x7fffdb0dbf70_0, 1, 1;
L_0x7fffdb112d90 .part v0x7fffdb0e20d0_0, 1, 1;
S_0x7fffdb0db910 .scope module, "EXMEM" "EXMEM" 5 212, 6 1 0, S_0x7fffdb0db670;
 .timescale 0 0;
    .port_info 0 /INPUT 1 "clock"
    .port_info 1 /INPUT 1 "rst"
    .port_info 2 /INPUT 2 "WB"
    .port_info 3 /INPUT 3 "M"
    .port_info 4 /INPUT 32 "ALUOut"
    .port_info 5 /INPUT 5 "RegRD"
    .port_info 6 /INPUT 32 "WriteDataIn"
    .port_info 7 /OUTPUT 3 "Mreg"
    .port_info 8 /OUTPUT 2 "WBreg"
    .port_info 9 /OUTPUT 32 "ALUreg"
    .port_info 10 /OUTPUT 5 "RegRDreg"
    .port_info 11 /OUTPUT 32 "WriteDataOut"
    .port_info 12 /INPUT 1 "EXMEMWrite"
v0x7fffdb0dbc10_0 .net "ALUOut", 31 0, v0x7fffdb0e4a30_0;  alias, 1 drivers
v0x7fffdb0dbd10_0 .var "ALUreg", 31 0;
v0x7fffdb0dbdf0_0 .net "EXMEMWrite", 0 0, v0x7fffdb0de8d0_0;  alias, 1 drivers
v0x7fffdb0dbe90_0 .net "M", 2 0, v0x7fffdb0dfc70_0;  alias, 1 drivers
v0x7fffdb0dbf70_0 .var "Mreg", 2 0;
v0x7fffdb0dc0a0_0 .net "RegRD", 4 0, v0x7fffdb0e74d0_0;  alias, 1 drivers
v0x7fffdb0dc180_0 .var "RegRDreg", 4 0;
v0x7fffdb0dc260_0 .net "WB", 1 0, v0x7fffdb0e06b0_0;  alias, 1 drivers
v0x7fffdb0dc340_0 .var "WBreg", 1 0;
v0x7fffdb0dc420_0 .net "WriteDataIn", 31 0, v0x7fffdb0e3100_0;  alias, 1 drivers
v0x7fffdb0dc500_0 .var "WriteDataOut", 31 0;
v0x7fffdb0dc5e0_0 .net "clock", 0 0, v0x7fffdb0f0720_0;  alias, 1 drivers
v0x7fffdb0dc6a0_0 .net "rst", 0 0, v0x7fffdb0f07c0_0;  alias, 1 drivers
E_0x7fffdafc8690 .event posedge, v0x7fffdb0dc6a0_0, v0x7fffdb0dc5e0_0;
S_0x7fffdb0dc900 .scope module, "ForwardUnit" "ForwardUnit" 5 290, 7 1 0, S_0x7fffdb0db670;
 .timescale 0 0;
    .port_info 0 /INPUT 5 "MEMRegRd"
    .port_info 1 /INPUT 5 "WBRegRd"
    .port_info 2 /INPUT 5 "EXRegRs"
    .port_info 3 /INPUT 5 "EXRegRt"
    .port_info 4 /INPUT 1 "MEM_RegWrite"
    .port_info 5 /INPUT 1 "WB_RegWrite"
    .port_info 6 /OUTPUT 2 "ForwardA"
    .port_info 7 /OUTPUT 2 "ForwardB"
v0x7fffdb0dcb50_0 .net "EXRegRs", 4 0, v0x7fffdb0e0200_0;  alias, 1 drivers
v0x7fffdb0dcc50_0 .net "EXRegRt", 4 0, v0x7fffdb0e03b0_0;  alias, 1 drivers
v0x7fffdb0dcd30_0 .var "ForwardA", 1 0;
v0x7fffdb0dcdf0_0 .var "ForwardB", 1 0;
v0x7fffdb0dced0_0 .net "MEMRegRd", 4 0, v0x7fffdb0dc180_0;  alias, 1 drivers
v0x7fffdb0dcfe0_0 .net "MEM_RegWrite", 0 0, L_0x7fffdb112b20;  1 drivers
v0x7fffdb0dd080_0 .net "WBRegRd", 4 0, v0x7fffdb0e1f70_0;  alias, 1 drivers
v0x7fffdb0dd160_0 .net "WB_RegWrite", 0 0, L_0x7fffdb112bc0;  1 drivers
E_0x7fffdafc8fa0/0 .event edge, v0x7fffdb0dcfe0_0, v0x7fffdb0dc180_0, v0x7fffdb0dcc50_0, v0x7fffdb0dd080_0;
E_0x7fffdafc8fa0/1 .event edge, v0x7fffdb0dd160_0;
E_0x7fffdafc8fa0 .event/or E_0x7fffdafc8fa0/0, E_0x7fffdafc8fa0/1;
E_0x7fffdafc7b00/0 .event edge, v0x7fffdb0dd080_0, v0x7fffdb0dd160_0, v0x7fffdb0dcb50_0, v0x7fffdb0dc180_0;
E_0x7fffdafc7b00/1 .event edge, v0x7fffdb0dcfe0_0;
E_0x7fffdafc7b00 .event/or E_0x7fffdafc7b00/0, E_0x7fffdafc7b00/1;
S_0x7fffdb0dd370 .scope module, "GPRs" "GPRs" 5 94, 8 1 0, S_0x7fffdb0db670;
 .timescale 0 0;
    .port_info 0 /INPUT 1 "clk"
    .port_info 1 /INPUT 1 "rst"
    .port_info 2 /INPUT 5 "rs1"
    .port_info 3 /INPUT 5 "rs2"
    .port_info 4 /INPUT 5 "ws"
    .port_info 5 /INPUT 32 "wd"
    .port_info 6 /INPUT 1 "RegWrite"
    .port_info 7 /OUTPUT 32 "rd1"
    .port_info 8 /OUTPUT 32 "rd2"
L_0x7fffdb110de0 .functor BUFZ 32, L_0x7fffdb110c00, C4<00000000000000000000000000000000>, C4<00000000000000000000000000000000>, C4<00000000000000000000000000000000>;
L_0x7fffdb111030 .functor BUFZ 32, L_0x7fffdb110ea0, C4<00000000000000000000000000000000>, C4<00000000000000000000000000000000>, C4<00000000000000000000000000000000>;
v0x7fffdb0dd620_0 .net "RegWrite", 0 0, L_0x7fffdb1110f0;  1 drivers
v0x7fffdb0dd6e0_0 .net *"_s0", 31 0, L_0x7fffdb110c00;  1 drivers
v0x7fffdb0dd7c0_0 .net *"_s10", 6 0, L_0x7fffdb110f40;  1 drivers
L_0x7fe7603d00f0 .functor BUFT 1, C4<00>, C4<0>, C4<0>, C4<0>;
v0x7fffdb0dd880_0 .net *"_s13", 1 0, L_0x7fe7603d00f0;  1 drivers
v0x7fffdb0dd960_0 .net *"_s2", 6 0, L_0x7fffdb110ca0;  1 drivers
L_0x7fe7603d00a8 .functor BUFT 1, C4<00>, C4<0>, C4<0>, C4<0>;
v0x7fffdb0dda90_0 .net *"_s5", 1 0, L_0x7fe7603d00a8;  1 drivers
v0x7fffdb0ddb70_0 .net *"_s8", 31 0, L_0x7fffdb110ea0;  1 drivers
v0x7fffdb0ddc50_0 .net "clk", 0 0, v0x7fffdb0f0720_0;  alias, 1 drivers
v0x7fffdb0ddcf0_0 .var/i "i", 31 0;
v0x7fffdb0dddb0_0 .net "rd1", 31 0, L_0x7fffdb110de0;  alias, 1 drivers
v0x7fffdb0dde90_0 .net "rd2", 31 0, L_0x7fffdb111030;  alias, 1 drivers
v0x7fffdb0ddf70 .array "rf", 0 31, 31 0;
v0x7fffdb0de030_0 .net "rs1", 4 0, v0x7fffdb0e7e90_0;  alias, 1 drivers
v0x7fffdb0de110_0 .net "rs2", 4 0, v0x7fffdb0e7f50_0;  alias, 1 drivers
v0x7fffdb0de1f0_0 .net "rst", 0 0, v0x7fffdb0f07c0_0;  alias, 1 drivers
v0x7fffdb0de290_0 .net "wd", 31 0, v0x7fffdb0e4370_0;  alias, 1 drivers
v0x7fffdb0de350_0 .net "ws", 4 0, v0x7fffdb0e74d0_0;  alias, 1 drivers
L_0x7fffdb110c00 .array/port v0x7fffdb0ddf70, L_0x7fffdb110ca0;
L_0x7fffdb110ca0 .concat [ 5 2 0 0], v0x7fffdb0e7e90_0, L_0x7fe7603d00a8;
L_0x7fffdb110ea0 .array/port v0x7fffdb0ddf70, L_0x7fffdb110f40;
L_0x7fffdb110f40 .concat [ 5 2 0 0], v0x7fffdb0e7f50_0, L_0x7fe7603d00f0;
S_0x7fffdb0de510 .scope module, "HazardUnit" "HazardUnit" 5 304, 9 1 0, S_0x7fffdb0db670;
 .timescale 0 0;
    .port_info 0 /INPUT 5 "IDRegRs"
    .port_info 1 /INPUT 5 "IDRegRt"
    .port_info 2 /INPUT 5 "EXRegRt"
    .port_info 3 /INPUT 1 "EXMemRead"
    .port_info 4 /INPUT 1 "CacheStall"
    .port_info 5 /OUTPUT 1 "PCWrite"
    .port_info 6 /OUTPUT 1 "IFIDWrite"
    .port_info 7 /OUTPUT 1 "HazMuxCon"
    .port_info 8 /OUTPUT 1 "IDEXWrite"
    .port_info 9 /OUTPUT 1 "EXMEMWrite"
    .port_info 10 /OUTPUT 1 "MEMWBWrite"
v0x7fffdb0de7f0_0 .net "CacheStall", 0 0, L_0x7fffdb112610;  alias, 1 drivers
v0x7fffdb0de8d0_0 .var "EXMEMWrite", 0 0;
v0x7fffdb0de990_0 .net "EXMemRead", 0 0, L_0x7fffdb112cf0;  1 drivers
v0x7fffdb0dea30_0 .net "EXRegRt", 4 0, v0x7fffdb0e03b0_0;  alias, 1 drivers
v0x7fffdb0deb00_0 .var "HazMuxCon", 0 0;
v0x7fffdb0debf0_0 .var "IDEXWrite", 0 0;
v0x7fffdb0dec90_0 .net "IDRegRs", 4 0, v0x7fffdb0e7e90_0;  alias, 1 drivers
v0x7fffdb0ded50_0 .net "IDRegRt", 4 0, v0x7fffdb0e7f50_0;  alias, 1 drivers
v0x7fffdb0dee20_0 .var "IFIDWrite", 0 0;
v0x7fffdb0deec0_0 .var "MEMWBWrite", 0 0;
v0x7fffdb0def80_0 .var "PCWrite", 0 0;
E_0x7fffdafc7c10 .event edge, v0x7fffdb0de990_0, v0x7fffdb0dcc50_0, v0x7fffdb0de110_0, v0x7fffdb0de030_0;
S_0x7fffdb0df1a0 .scope module, "IDEX" "IDEX" 5 127, 10 1 0, S_0x7fffdb0db670;
 .timescale 0 0;
    .port_info 0 /INPUT 1 "clock"
    .port_info 1 /INPUT 1 "rst"
    .port_info 2 /INPUT 2 "WB"
    .port_info 3 /INPUT 3 "M"
    .port_info 4 /INPUT 4 "EX"
    .port_info 5 /INPUT 32 "DataA"
    .port_info 6 /INPUT 32 "DataB"
    .port_info 7 /INPUT 32 "imm_value"
    .port_info 8 /INPUT 5 "RegRs"
    .port_info 9 /INPUT 5 "RegRt"
    .port_info 10 /INPUT 5 "RegRd"
    .port_info 11 /INPUT 6 "OpCode"
    .port_info 12 /INPUT 1 "IDEXWrite"
    .port_info 13 /OUTPUT 2 "WBreg"
    .port_info 14 /OUTPUT 3 "Mreg"
    .port_info 15 /OUTPUT 4 "EXreg"
    .port_info 16 /OUTPUT 32 "DataAreg"
    .port_info 17 /OUTPUT 32 "DataBreg"
    .port_info 18 /OUTPUT 32 "imm_valuereg"
    .port_info 19 /OUTPUT 5 "RegRsreg"
    .port_info 20 /OUTPUT 5 "RegRtreg"
    .port_info 21 /OUTPUT 5 "RegRdreg"
    .port_info 22 /OUTPUT 6 "RegOpCode"
v0x7fffdb0df5a0_0 .net "DataA", 31 0, L_0x7fffdb110de0;  alias, 1 drivers
v0x7fffdb0df680_0 .var "DataAreg", 31 0;
v0x7fffdb0df740_0 .net "DataB", 31 0, L_0x7fffdb111030;  alias, 1 drivers
v0x7fffdb0df840_0 .var "DataBreg", 31 0;
v0x7fffdb0df900_0 .net "EX", 3 0, L_0x7fffdb111880;  1 drivers
v0x7fffdb0dfa30_0 .var "EXreg", 3 0;
v0x7fffdb0dfb10_0 .net "IDEXWrite", 0 0, v0x7fffdb0debf0_0;  alias, 1 drivers
v0x7fffdb0dfbb0_0 .net "M", 2 0, L_0x7fffdb111700;  1 drivers
v0x7fffdb0dfc70_0 .var "Mreg", 2 0;
v0x7fffdb0dfdf0_0 .net "OpCode", 5 0, L_0x7fffdb110b60;  alias, 1 drivers
v0x7fffdb0dfec0_0 .var "RegOpCode", 5 0;
v0x7fffdb0dff80_0 .net "RegRd", 4 0, v0x7fffdb0e80f0_0;  alias, 1 drivers
v0x7fffdb0e0060_0 .var "RegRdreg", 4 0;
v0x7fffdb0e0140_0 .net "RegRs", 4 0, v0x7fffdb0e7e90_0;  alias, 1 drivers
v0x7fffdb0e0200_0 .var "RegRsreg", 4 0;
v0x7fffdb0e02c0_0 .net "RegRt", 4 0, v0x7fffdb0e7f50_0;  alias, 1 drivers
v0x7fffdb0e03b0_0 .var "RegRtreg", 4 0;
v0x7fffdb0e05d0_0 .net "WB", 1 0, L_0x7fffdb111660;  1 drivers
v0x7fffdb0e06b0_0 .var "WBreg", 1 0;
v0x7fffdb0e0770_0 .net "clock", 0 0, v0x7fffdb0f0720_0;  alias, 1 drivers
v0x7fffdb0e0860_0 .net "imm_value", 31 0, L_0x7fffdb112860;  alias, 1 drivers
v0x7fffdb0e0920_0 .var "imm_valuereg", 31 0;
v0x7fffdb0e0a00_0 .net "rst", 0 0, v0x7fffdb0f07c0_0;  alias, 1 drivers
S_0x7fffdb0e0dd0 .scope module, "IFID" "IFID" 5 60, 11 1 0, S_0x7fffdb0db670;
 .timescale 0 0;
    .port_info 0 /INPUT 1 "flush"
    .port_info 1 /INPUT 1 "clock"
    .port_info 2 /INPUT 1 "rst"
    .port_info 3 /INPUT 1 "IFIDWrite"
    .port_info 4 /INPUT 32 "PC_Plus4"
    .port_info 5 /INPUT 32 "Inst"
    .port_info 6 /OUTPUT 32 "InstReg"
    .port_info 7 /OUTPUT 32 "PC_Plus4Reg"
v0x7fffdb0e0ff0_0 .net "IFIDWrite", 0 0, v0x7fffdb0dee20_0;  alias, 1 drivers
v0x7fffdb0e10b0_0 .net "Inst", 31 0, v0x7fffdb0ea310_0;  alias, 1 drivers
v0x7fffdb0e1170_0 .var "InstReg", 31 0;
v0x7fffdb0e1230_0 .net "PC_Plus4", 31 0, L_0x7fffdb112f60;  alias, 1 drivers
v0x7fffdb0e1310_0 .var "PC_Plus4Reg", 31 0;
v0x7fffdb0e1440_0 .net "clock", 0 0, v0x7fffdb0f0720_0;  alias, 1 drivers
v0x7fffdb0e14e0_0 .net "flush", 0 0, L_0x7fffdb110aa0;  alias, 1 drivers
v0x7fffdb0e15a0_0 .net "rst", 0 0, v0x7fffdb0f07c0_0;  alias, 1 drivers
S_0x7fffdb0e1790 .scope module, "MEMWB" "MEMWB" 5 273, 12 1 0, S_0x7fffdb0db670;
 .timescale 0 0;
    .port_info 0 /INPUT 1 "clock"
    .port_info 1 /INPUT 1 "rst"
    .port_info 2 /INPUT 2 "WB"
    .port_info 3 /INPUT 32 "Memout"
    .port_info 4 /INPUT 32 "ALUOut"
    .port_info 5 /INPUT 5 "RegRD"
    .port_info 6 /OUTPUT 2 "WBreg"
    .port_info 7 /INPUT 1 "MEMWBWrite"
    .port_info 8 /OUTPUT 32 "Memreg"
    .port_info 9 /OUTPUT 32 "ALUreg"
    .port_info 10 /OUTPUT 5 "RegRDreg"
v0x7fffdb0e1a20_0 .net "ALUOut", 31 0, v0x7fffdb0dbd10_0;  alias, 1 drivers
v0x7fffdb0e1b00_0 .var "ALUreg", 31 0;
v0x7fffdb0e1bc0_0 .net "MEMWBWrite", 0 0, v0x7fffdb0deec0_0;  alias, 1 drivers
v0x7fffdb0e1c90_0 .net "Memout", 31 0, v0x7fffdb0e6450_0;  alias, 1 drivers
v0x7fffdb0e1d30_0 .var "Memreg", 31 0;
v0x7fffdb0e1e60_0 .net "RegRD", 4 0, v0x7fffdb0dc180_0;  alias, 1 drivers
v0x7fffdb0e1f70_0 .var "RegRDreg", 4 0;
v0x7fffdb0e2030_0 .net "WB", 1 0, v0x7fffdb0dc340_0;  alias, 1 drivers
v0x7fffdb0e20d0_0 .var "WBreg", 1 0;
v0x7fffdb0e2190_0 .net "clock", 0 0, v0x7fffdb0f0720_0;  alias, 1 drivers
v0x7fffdb0e22c0_0 .net "rst", 0 0, v0x7fffdb0f07c0_0;  alias, 1 drivers
S_0x7fffdb0e2550 .scope module, "MUX3_forwardRD1" "MUX3" 5 167, 13 1 0, S_0x7fffdb0db670;
 .timescale 0 0;
    .port_info 0 /INPUT 2 "A"
    .port_info 1 /INPUT 32 "X0"
    .port_info 2 /INPUT 32 "X1"
    .port_info 3 /INPUT 32 "X2"
    .port_info 4 /OUTPUT 32 "Out"
v0x7fffdb0e27d0_0 .net "A", 1 0, v0x7fffdb0dcd30_0;  alias, 1 drivers
v0x7fffdb0e28e0_0 .var "Out", 31 0;
v0x7fffdb0e29a0_0 .net "X0", 31 0, v0x7fffdb0df680_0;  alias, 1 drivers
v0x7fffdb0e2aa0_0 .net "X1", 31 0, v0x7fffdb0e4370_0;  alias, 1 drivers
v0x7fffdb0e2b70_0 .net "X2", 31 0, v0x7fffdb0dbd10_0;  alias, 1 drivers
E_0x7fffdb0c0740 .event edge, v0x7fffdb0df680_0, v0x7fffdb0de290_0, v0x7fffdb0dbd10_0, v0x7fffdb0dcd30_0;
S_0x7fffdb0e2cb0 .scope module, "MUX3_forwardRD2" "MUX3" 5 177, 13 1 0, S_0x7fffdb0db670;
 .timescale 0 0;
    .port_info 0 /INPUT 2 "A"
    .port_info 1 /INPUT 32 "X0"
    .port_info 2 /INPUT 32 "X1"
    .port_info 3 /INPUT 32 "X2"
    .port_info 4 /OUTPUT 32 "Out"
v0x7fffdb0e3020_0 .net "A", 1 0, v0x7fffdb0dcdf0_0;  alias, 1 drivers
v0x7fffdb0e3100_0 .var "Out", 31 0;
v0x7fffdb0e31d0_0 .net "X0", 31 0, v0x7fffdb0df840_0;  alias, 1 drivers
v0x7fffdb0e32d0_0 .net "X1", 31 0, v0x7fffdb0e4370_0;  alias, 1 drivers
v0x7fffdb0e3370_0 .net "X2", 31 0, v0x7fffdb0dbd10_0;  alias, 1 drivers
E_0x7fffdb0e2f90 .event edge, v0x7fffdb0df840_0, v0x7fffdb0de290_0, v0x7fffdb0dbd10_0, v0x7fffdb0dcdf0_0;
S_0x7fffdb0e3500 .scope module, "PCcontrol" "PCcontrol" 5 352, 14 1 0, S_0x7fffdb0db670;
 .timescale 0 0;
    .port_info 0 /INPUT 32 "br"
    .port_info 1 /INPUT 32 "jabs"
    .port_info 2 /INPUT 32 "pc_plus_4"
    .port_info 3 /INPUT 1 "PCSrc"
    .port_info 4 /INPUT 1 "jump"
    .port_info 5 /OUTPUT 32 "out"
v0x7fffdb0e37b0_0 .net "PCMuxOut", 31 0, L_0x7fffdb113390;  1 drivers
v0x7fffdb0e38b0_0 .net "PCSrc", 0 0, L_0x7fffdb1109e0;  alias, 1 drivers
v0x7fffdb0e3970_0 .net "br", 31 0, L_0x7fffdb113250;  alias, 1 drivers
v0x7fffdb0e3a30_0 .net "jabs", 31 0, L_0x7fffdb1132f0;  alias, 1 drivers
v0x7fffdb0e3b10_0 .net "jump", 0 0, L_0x7fffdb0f7580;  alias, 1 drivers
v0x7fffdb0e3c00_0 .net "out", 31 0, L_0x7fffdb1134c0;  alias, 1 drivers
v0x7fffdb0e3cc0_0 .net "pc_plus_4", 31 0, L_0x7fffdb112f60;  alias, 1 drivers
L_0x7fffdb113390 .functor MUXZ 32, L_0x7fffdb112f60, L_0x7fffdb1132f0, L_0x7fffdb0f7580, C4<>;
L_0x7fffdb1134c0 .functor MUXZ 32, L_0x7fffdb113390, L_0x7fffdb113250, L_0x7fffdb1109e0, C4<>;
S_0x7fffdb0e3e60 .scope module, "WRcontrol" "WRcontrol" 5 320, 15 1 0, S_0x7fffdb0db670;
 .timescale 0 0;
    .port_info 0 /INPUT 32 "data_memory_out"
    .port_info 1 /INPUT 32 "alu_out"
    .port_info 2 /INPUT 1 "WBSrc"
    .port_info 3 /OUTPUT 32 "out"
v0x7fffdb0e40a0_0 .net "WBSrc", 0 0, L_0x7fffdb112d90;  1 drivers
v0x7fffdb0e4180_0 .net "alu_out", 31 0, v0x7fffdb0e1b00_0;  alias, 1 drivers
v0x7fffdb0e4270_0 .net "data_memory_out", 31 0, v0x7fffdb0e1d30_0;  alias, 1 drivers
v0x7fffdb0e4370_0 .var "out", 31 0;
E_0x7fffdb0e36d0 .event edge, v0x7fffdb0e40a0_0, v0x7fffdb0e1b00_0, v0x7fffdb0e1d30_0;
S_0x7fffdb0e44a0 .scope module, "alu" "alu" 5 199, 16 1 0, S_0x7fffdb0db670;
 .timescale 0 0;
    .port_info 0 /INPUT 32 "in1"
    .port_info 1 /INPUT 32 "in2"
    .port_info 2 /INPUT 6 "op_code"
    .port_info 3 /OUTPUT 32 "out"
v0x7fffdb0e4760_0 .net "in1", 31 0, v0x7fffdb0e28e0_0;  alias, 1 drivers
v0x7fffdb0e4870_0 .net "in2", 31 0, L_0x7fffdb111a20;  alias, 1 drivers
v0x7fffdb0e4930_0 .net "op_code", 5 0, v0x7fffdb0dfec0_0;  alias, 1 drivers
v0x7fffdb0e4a30_0 .var "out", 31 0;
E_0x7fffdb0e46e0 .event edge, v0x7fffdb0dfec0_0, v0x7fffdb0e28e0_0, v0x7fffdb0e4870_0;
S_0x7fffdb0e4b90 .scope module, "cache_memory" "cache_memory" 5 236, 17 1 0, S_0x7fffdb0db670;
 .timescale 0 0;
    .port_info 0 /INPUT 1 "clk"
    .port_info 1 /INPUT 1 "rst"
    .port_info 2 /INPUT 32 "addr"
    .port_info 3 /INPUT 32 "wdata"
    .port_info 4 /INPUT 32 "memory_word"
    .port_info 5 /INPUT 3 "counter"
    .port_info 6 /INPUT 1 "MemWrite"
    .port_info 7 /INPUT 1 "MemRead"
    .port_info 8 /OUTPUT 155 "cache_data_index"
    .port_info 9 /OUTPUT 1 "IsStall"
    .port_info 10 /OUTPUT 1 "hit"
    .port_info 11 /OUTPUT 32 "rdata"
L_0x7fffdb1124b0 .functor AND 1, L_0x7fffdb111ec0, L_0x7fffdb112310, C4<1>, C4<1>;
L_0x7fffdb112610 .functor AND 1, L_0x7fffdb112770, L_0x7fffdb112570, C4<1>, C4<1>;
v0x7fffdb0e4fe0_0 .net "IsStall", 0 0, L_0x7fffdb112610;  alias, 1 drivers
v0x7fffdb0e50a0_0 .net "MemRead", 0 0, L_0x7fffdb112770;  1 drivers
v0x7fffdb0e5140_0 .net "MemWrite", 0 0, L_0x7fffdb112680;  1 drivers
L_0x7fe7603d0180 .functor BUFT 1, C4<00>, C4<0>, C4<0>, C4<0>;
v0x7fffdb0e5210_0 .net *"_s11", 1 0, L_0x7fe7603d0180;  1 drivers
v0x7fffdb0e52f0_0 .net *"_s14", 154 0, L_0x7fffdb111ff0;  1 drivers
v0x7fffdb0e5420_0 .net *"_s16", 3 0, L_0x7fffdb112090;  1 drivers
L_0x7fe7603d01c8 .functor BUFT 1, C4<00>, C4<0>, C4<0>, C4<0>;
v0x7fffdb0e5500_0 .net *"_s19", 1 0, L_0x7fe7603d01c8;  1 drivers
v0x7fffdb0e55e0_0 .net *"_s21", 25 0, L_0x7fffdb112220;  1 drivers
v0x7fffdb0e56c0_0 .net *"_s22", 0 0, L_0x7fffdb112310;  1 drivers
v0x7fffdb0e5810_0 .net *"_s27", 0 0, L_0x7fffdb112570;  1 drivers
v0x7fffdb0e58d0_0 .net *"_s6", 154 0, L_0x7fffdb111d30;  1 drivers
v0x7fffdb0e59b0_0 .net *"_s8", 3 0, L_0x7fffdb111dd0;  1 drivers
v0x7fffdb0e5a90_0 .net "addr", 31 0, v0x7fffdb0dbd10_0;  alias, 1 drivers
v0x7fffdb0e5be0 .array "cache_data", 0 3, 154 0;
v0x7fffdb0e5ca0_0 .var "cache_data_index", 154 0;
v0x7fffdb0e5d80_0 .net "clk", 0 0, v0x7fffdb0f0720_0;  alias, 1 drivers
v0x7fffdb0e5e20_0 .net "counter", 2 0, v0x7fffdb0e8950_0;  alias, 1 drivers
v0x7fffdb0e6010_0 .net "hit", 0 0, L_0x7fffdb1124b0;  alias, 1 drivers
v0x7fffdb0e60d0_0 .var/i "i", 31 0;
v0x7fffdb0e61b0_0 .net "index", 1 0, L_0x7fffdb111b50;  1 drivers
v0x7fffdb0e6290_0 .net "memory_word", 31 0, v0x7fffdb0e8d70_0;  alias, 1 drivers
v0x7fffdb0e6370_0 .net "offset", 1 0, L_0x7fffdb111c90;  1 drivers
v0x7fffdb0e6450_0 .var "rdata", 31 0;
v0x7fffdb0e6510_0 .net "rst", 0 0, v0x7fffdb0f07c0_0;  alias, 1 drivers
v0x7fffdb0e65b0_0 .net "tag", 25 0, L_0x7fffdb111bf0;  1 drivers
v0x7fffdb0e6670_0 .net "v", 0 0, L_0x7fffdb111ec0;  1 drivers
v0x7fffdb0e6730_0 .net "wdata", 31 0, v0x7fffdb0dc500_0;  alias, 1 drivers
E_0x7fffdb0e4f00 .event posedge, v0x7fffdb0dc5e0_0;
E_0x7fffdb0e4f80 .event posedge, v0x7fffdb0dc6a0_0;
L_0x7fffdb111b50 .part v0x7fffdb0dbd10_0, 4, 2;
L_0x7fffdb111bf0 .part v0x7fffdb0dbd10_0, 6, 26;
L_0x7fffdb111c90 .part v0x7fffdb0dbd10_0, 2, 2;
L_0x7fffdb111d30 .array/port v0x7fffdb0e5be0, L_0x7fffdb111dd0;
L_0x7fffdb111dd0 .concat [ 2 2 0 0], L_0x7fffdb111b50, L_0x7fe7603d0180;
L_0x7fffdb111ec0 .part L_0x7fffdb111d30, 154, 1;
L_0x7fffdb111ff0 .array/port v0x7fffdb0e5be0, L_0x7fffdb112090;
L_0x7fffdb112090 .concat [ 2 2 0 0], L_0x7fffdb111b50, L_0x7fe7603d01c8;
L_0x7fffdb112220 .part L_0x7fffdb111ff0, 128, 26;
L_0x7fffdb112310 .cmp/eq 26, L_0x7fffdb111bf0, L_0x7fffdb112220;
L_0x7fffdb112570 .reduce/nor L_0x7fffdb1124b0;
S_0x7fffdb0e69f0 .scope module, "choose_rd2_imm" "choose_rd2_imm" 5 187, 18 1 0, S_0x7fffdb0db670;
 .timescale 0 0;
    .port_info 0 /INPUT 32 "rd2"
    .port_info 1 /INPUT 32 "imm"
    .port_info 2 /INPUT 1 "BSrc"
    .port_info 3 /OUTPUT 32 "out"
v0x7fffdb0e6ba0_0 .net "BSrc", 0 0, L_0x7fffdb1001b0;  alias, 1 drivers
v0x7fffdb0e6c80_0 .net "imm", 31 0, v0x7fffdb0e0920_0;  alias, 1 drivers
v0x7fffdb0e6d70_0 .net "out", 31 0, L_0x7fffdb111a20;  alias, 1 drivers
v0x7fffdb0e6e70_0 .net "rd2", 31 0, v0x7fffdb0e3100_0;  alias, 1 drivers
L_0x7fffdb111a20 .functor MUXZ 32, v0x7fffdb0e3100_0, v0x7fffdb0e0920_0, L_0x7fffdb1001b0, C4<>;
S_0x7fffdb0e6f70 .scope module, "choose_write_reg" "choose_write_reg" 5 154, 19 1 0, S_0x7fffdb0db670;
 .timescale 0 0;
    .port_info 0 /INPUT 5 "rs2"
    .port_info 1 /INPUT 5 "rs3"
    .port_info 2 /INPUT 1 "RegDst"
    .port_info 3 /OUTPUT 5 "ws"
v0x7fffdb0e7230_0 .net "RegDst", 0 0, L_0x7fffdb111920;  1 drivers
v0x7fffdb0e7310_0 .net "rs2", 4 0, v0x7fffdb0e03b0_0;  alias, 1 drivers
v0x7fffdb0e73d0_0 .net "rs3", 4 0, v0x7fffdb0e0060_0;  alias, 1 drivers
v0x7fffdb0e74d0_0 .var "ws", 4 0;
E_0x7fffdb0e71b0 .event edge, v0x7fffdb0e7230_0, v0x7fffdb0dcc50_0, v0x7fffdb0e0060_0;
S_0x7fffdb0e7640 .scope module, "comand_parser" "comand_parser" 5 81, 20 1 0, S_0x7fffdb0db670;
 .timescale 0 0;
    .port_info 0 /INPUT 32 "command"
    .port_info 1 /OUTPUT 6 "op_code"
    .port_info 2 /OUTPUT 5 "rs1"
    .port_info 3 /OUTPUT 5 "rs2"
    .port_info 4 /OUTPUT 5 "ws"
    .port_info 5 /OUTPUT 16 "imm"
    .port_info 6 /OUTPUT 5 "shamt"
    .port_info 7 /OUTPUT 6 "funct"
    .port_info 8 /OUTPUT 26 "address"
v0x7fffdb0e79c0_0 .var "address", 25 0;
v0x7fffdb0e7ac0_0 .net "command", 31 0, v0x7fffdb0e1170_0;  alias, 1 drivers
v0x7fffdb0e7b80_0 .var "funct", 5 0;
v0x7fffdb0e7c50_0 .var "imm", 15 0;
v0x7fffdb0e7d30_0 .net "op_code", 5 0, L_0x7fffdb110b60;  alias, 1 drivers
v0x7fffdb0e7e90_0 .var "rs1", 4 0;
v0x7fffdb0e7f50_0 .var "rs2", 4 0;
v0x7fffdb0e8010_0 .var "shamt", 4 0;
v0x7fffdb0e80f0_0 .var "ws", 4 0;
E_0x7fffdb0e7940 .event edge, v0x7fffdb0a4e50_0, v0x7fffdb0e1170_0;
L_0x7fffdb110b60 .part v0x7fffdb0e1170_0, 26, 6;
S_0x7fffdb0e82b0 .scope module, "data_memory" "data_memory" 5 251, 21 1 0, S_0x7fffdb0db670;
 .timescale 0 0;
    .port_info 0 /INPUT 1 "clk"
    .port_info 1 /INPUT 1 "rst"
    .port_info 2 /INPUT 1 "hit"
    .port_info 3 /INPUT 32 "addr"
    .port_info 4 /INPUT 32 "wdata"
    .port_info 5 /INPUT 1 "MemWrite"
    .port_info 6 /INPUT 1 "MemRead"
    .port_info 7 /OUTPUT 3 "counter"
    .port_info 8 /OUTPUT 32 "rdata"
v0x7fffdb0e8670_0 .net "MemRead", 0 0, L_0x7fffdb112a00;  1 drivers
v0x7fffdb0e8750_0 .net "MemWrite", 0 0, L_0x7fffdb1128d0;  1 drivers
v0x7fffdb0e8810_0 .net "addr", 31 0, v0x7fffdb0dbd10_0;  alias, 1 drivers
v0x7fffdb0e88b0_0 .net "clk", 0 0, v0x7fffdb0f0720_0;  alias, 1 drivers
v0x7fffdb0e8950_0 .var "counter", 2 0;
v0x7fffdb0e8a60 .array "data", 0 31, 31 0;
v0x7fffdb0e8b00_0 .net "hit", 0 0, L_0x7fffdb1124b0;  alias, 1 drivers
v0x7fffdb0e8bd0_0 .var/i "i", 31 0;
L_0x7fe7603d0210 .functor BUFT 1, C4<11111111111111111111111111110000>, C4<0>, C4<0>, C4<0>;
v0x7fffdb0e8c90_0 .net "mask", 31 0, L_0x7fe7603d0210;  1 drivers
v0x7fffdb0e8d70_0 .var "rdata", 31 0;
v0x7fffdb0e8e60_0 .net "rst", 0 0, v0x7fffdb0f07c0_0;  alias, 1 drivers
v0x7fffdb0e8f00_0 .net "wdata", 31 0, v0x7fffdb0dc500_0;  alias, 1 drivers
S_0x7fffdb0e9110 .scope module, "extend" "extend" 5 347, 22 1 0, S_0x7fffdb0db670;
 .timescale 0 0;
    .port_info 0 /INPUT 26 "in"
    .port_info 1 /OUTPUT 32 "out"
L_0x7fe7603d02e8 .functor BUFT 1, C4<000000>, C4<0>, C4<0>, C4<0>;
v0x7fffdb0e92f0_0 .net/2u *"_s0", 5 0, L_0x7fe7603d02e8;  1 drivers
v0x7fffdb0e93f0_0 .net "in", 25 0, v0x7fffdb0e79c0_0;  alias, 1 drivers
v0x7fffdb0e94b0_0 .net "out", 31 0, L_0x7fffdb1132f0;  alias, 1 drivers
L_0x7fffdb1132f0 .concat [ 26 6 0 0], v0x7fffdb0e79c0_0, L_0x7fe7603d02e8;
S_0x7fffdb0e95d0 .scope module, "imm_ext" "imm_ext" 5 109, 23 1 0, S_0x7fffdb0db670;
 .timescale 0 0;
    .port_info 0 /INPUT 16 "imm"
    .port_info 1 /INPUT 1 "ExtSel"
    .port_info 2 /OUTPUT 32 "ext"
L_0x7fffdb112860 .functor BUFT 32, L_0x7fffdb1114d0, C4<00000000000000000000000000000000>, C4<00000000000000000000000000000000>, C4<00000000000000000000000000000000>;
v0x7fffdb0e97f0_0 .net "ExtSel", 0 0, L_0x7fe7603d0018;  alias, 1 drivers
v0x7fffdb0e98d0_0 .net *"_s1", 0 0, L_0x7fffdb111220;  1 drivers
v0x7fffdb0e99b0_0 .net *"_s2", 15 0, L_0x7fffdb1112c0;  1 drivers
v0x7fffdb0e9aa0_0 .net *"_s4", 31 0, L_0x7fffdb1114d0;  1 drivers
L_0x7fe7603d0138 .functor BUFT 1, C4<0000000000000000>, C4<0>, C4<0>, C4<0>;
v0x7fffdb0e9b80_0 .net/2u *"_s6", 15 0, L_0x7fe7603d0138;  1 drivers
v0x7fffdb0e9cb0_0 .net *"_s8", 31 0, L_0x7fffdb111570;  1 drivers
v0x7fffdb0e9d90_0 .net "ext", 31 0, L_0x7fffdb112860;  alias, 1 drivers
v0x7fffdb0e9e50_0 .net "imm", 15 0, v0x7fffdb0e7c50_0;  alias, 1 drivers
L_0x7fffdb111220 .part v0x7fffdb0e7c50_0, 15, 1;
LS_0x7fffdb1112c0_0_0 .concat [ 1 1 1 1], L_0x7fffdb111220, L_0x7fffdb111220, L_0x7fffdb111220, L_0x7fffdb111220;
LS_0x7fffdb1112c0_0_4 .concat [ 1 1 1 1], L_0x7fffdb111220, L_0x7fffdb111220, L_0x7fffdb111220, L_0x7fffdb111220;
LS_0x7fffdb1112c0_0_8 .concat [ 1 1 1 1], L_0x7fffdb111220, L_0x7fffdb111220, L_0x7fffdb111220, L_0x7fffdb111220;
LS_0x7fffdb1112c0_0_12 .concat [ 1 1 1 1], L_0x7fffdb111220, L_0x7fffdb111220, L_0x7fffdb111220, L_0x7fffdb111220;
L_0x7fffdb1112c0 .concat [ 4 4 4 4], LS_0x7fffdb1112c0_0_0, LS_0x7fffdb1112c0_0_4, LS_0x7fffdb1112c0_0_8, LS_0x7fffdb1112c0_0_12;
L_0x7fffdb1114d0 .concat [ 16 16 0 0], v0x7fffdb0e7c50_0, L_0x7fffdb1112c0;
L_0x7fffdb111570 .concat [ 16 16 0 0], v0x7fffdb0e7c50_0, L_0x7fe7603d0138;
S_0x7fffdb0e9f80 .scope module, "inst_memory" "inst_memory" 5 46, 24 1 0, S_0x7fffdb0db670;
 .timescale 0 0;
    .port_info 0 /INPUT 32 "addr"
    .port_info 1 /OUTPUT 32 "inst"
v0x7fffdb0ea210_0 .net "addr", 31 0, v0x7fffdb0ea930_0;  alias, 1 drivers
v0x7fffdb0ea310_0 .var "inst", 31 0;
E_0x7fffdb0ea190 .event edge, v0x7fffdb0ea210_0;
S_0x7fffdb0ea440 .scope module, "pc" "pc" 5 36, 25 1 0, S_0x7fffdb0db670;
 .timescale 0 0;
    .port_info 0 /INPUT 1 "clk"
    .port_info 1 /INPUT 1 "rst"
    .port_info 2 /INPUT 1 "PCWrite"
    .port_info 3 /INPUT 32 "in"
    .port_info 4 /OUTPUT 32 "out"
v0x7fffdb0ea6c0_0 .net "PCWrite", 0 0, v0x7fffdb0def80_0;  alias, 1 drivers
v0x7fffdb0ea790_0 .net "clk", 0 0, v0x7fffdb0f0720_0;  alias, 1 drivers
v0x7fffdb0ea830_0 .net "in", 31 0, L_0x7fffdb1134c0;  alias, 1 drivers
v0x7fffdb0ea930_0 .var "out", 31 0;
v0x7fffdb0eaa00_0 .net "rst", 0 0, v0x7fffdb0f07c0_0;  alias, 1 drivers
S_0x7fffdb0eab50 .scope module, "plus_4" "plus_4" 5 329, 26 1 0, S_0x7fffdb0db670;
 .timescale 0 0;
    .port_info 0 /INPUT 32 "in"
    .port_info 1 /OUTPUT 32 "out"
L_0x7fe7603d0258 .functor BUFT 1, C4<00000000000000000000000000000100>, C4<0>, C4<0>, C4<0>;
v0x7fffdb0ead80_0 .net/2u *"_s0", 31 0, L_0x7fe7603d0258;  1 drivers
v0x7fffdb0eae80_0 .net "in", 31 0, v0x7fffdb0ea930_0;  alias, 1 drivers
v0x7fffdb0eaf90_0 .net "out", 31 0, L_0x7fffdb112f60;  alias, 1 drivers
L_0x7fffdb112f60 .arith/sum 32, v0x7fffdb0ea930_0, L_0x7fe7603d0258;
S_0x7fffdb0eb0e0 .scope module, "two_in_sum" "two_in_sum" 5 338, 27 1 0, S_0x7fffdb0db670;
 .timescale 0 0;
    .port_info 0 /INPUT 32 "in1"
    .port_info 1 /INPUT 32 "imm"
    .port_info 2 /OUTPUT 32 "out"
L_0x7fe7603d02a0 .functor BUFT 1, C4<00000000000000000000000000000100>, C4<0>, C4<0>, C4<0>;
v0x7fffdb0eb300_0 .net/2u *"_s0", 31 0, L_0x7fe7603d02a0;  1 drivers
v0x7fffdb0eb400_0 .net *"_s3", 31 0, L_0x7fffdb113120;  1 drivers
v0x7fffdb0eb4e0_0 .net "imm", 31 0, L_0x7fffdb112860;  alias, 1 drivers
v0x7fffdb0eb5d0_0 .net "in1", 31 0, v0x7fffdb0e1310_0;  alias, 1 drivers
v0x7fffdb0eb690_0 .net "out", 31 0, L_0x7fffdb113250;  alias, 1 drivers
L_0x7fffdb113120 .arith/mult 32, L_0x7fffdb112860, L_0x7fe7603d02a0;
L_0x7fffdb113250 .arith/sum 32, v0x7fffdb0e1310_0, L_0x7fffdb113120;
    .scope S_0x7fffdb0ea440;
T_0 ;
    %wait E_0x7fffdafc8690;
    %load/vec4 v0x7fffdb0eaa00_0;
    %flag_set/vec4 8;
    %jmp/0xz  T_0.0, 8;
    %pushi/vec4 0, 0, 32;
    %assign/vec4 v0x7fffdb0ea930_0, 0;
    %jmp T_0.1;
T_0.0 ;
    %load/vec4 v0x7fffdb0ea6c0_0;
    %flag_set/vec4 8;
    %jmp/0xz  T_0.2, 8;
    %load/vec4 v0x7fffdb0ea830_0;
    %assign/vec4 v0x7fffdb0ea930_0, 0;
T_0.2 ;
T_0.1 ;
    %jmp T_0;
    .thread T_0;
    .scope S_0x7fffdb0e9f80;
T_1 ;
    %wait E_0x7fffdb0ea190;
    %load/vec4 v0x7fffdb0ea210_0;
    %dup/vec4;
    %pushi/vec4 0, 0, 32;
    %cmp/u;
    %jmp/1 T_1.0, 6;
    %dup/vec4;
    %pushi/vec4 4, 0, 32;
    %cmp/u;
    %jmp/1 T_1.1, 6;
    %dup/vec4;
    %pushi/vec4 8, 0, 32;
    %cmp/u;
    %jmp/1 T_1.2, 6;
    %dup/vec4;
    %pushi/vec4 40, 0, 32;
    %cmp/u;
    %jmp/1 T_1.3, 6;
    %dup/vec4;
    %pushi/vec4 24, 0, 32;
    %cmp/u;
    %jmp/1 T_1.4, 6;
    %dup/vec4;
    %pushi/vec4 28, 0, 32;
    %cmp/u;
    %jmp/1 T_1.5, 6;
    %pushi/vec4 0, 0, 32;
    %assign/vec4 v0x7fffdb0ea310_0, 0;
    %jmp T_1.7;
T_1.0 ;
    %pushi/vec4 2348875777, 0, 32;
    %store/vec4 v0x7fffdb0ea310_0, 0, 32;
    %jmp T_1.7;
T_1.1 ;
    %pushi/vec4 604045317, 0, 32;
    %store/vec4 v0x7fffdb0ea310_0, 0, 32;
    %jmp T_1.7;
T_1.2 ;
    %pushi/vec4 270598151, 0, 32;
    %store/vec4 v0x7fffdb0ea310_0, 0, 32;
    %jmp T_1.7;
T_1.3 ;
    %pushi/vec4 134217752, 0, 32;
    %store/vec4 v0x7fffdb0ea310_0, 0, 32;
    %jmp T_1.7;
T_1.4 ;
    %pushi/vec4 69665, 0, 32;
    %store/vec4 v0x7fffdb0ea310_0, 0, 32;
    %jmp T_1.7;
T_1.5 ;
    %pushi/vec4 2892103681, 0, 32;
    %store/vec4 v0x7fffdb0ea310_0, 0, 32;
    %jmp T_1.7;
T_1.7 ;
    %pop/vec4 1;
    %jmp T_1;
    .thread T_1, $push;
    .scope S_0x7fffdb0e0dd0;
T_2 ;
    %wait E_0x7fffdafc8690;
    %load/vec4 v0x7fffdb0e15a0_0;
    %flag_set/vec4 8;
    %jmp/0xz  T_2.0, 8;
    %pushi/vec4 0, 0, 32;
    %store/vec4 v0x7fffdb0e1170_0, 0, 32;
    %pushi/vec4 0, 0, 32;
    %store/vec4 v0x7fffdb0e1310_0, 0, 32;
T_2.0 ;
    %load/vec4 v0x7fffdb0e14e0_0;
    %flag_set/vec4 8;
    %jmp/0xz  T_2.2, 8;
    %pushi/vec4 0, 0, 32;
    %assign/vec4 v0x7fffdb0e1170_0, 0;
    %pushi/vec4 0, 0, 32;
    %assign/vec4 v0x7fffdb0e1310_0, 0;
    %jmp T_2.3;
T_2.2 ;
    %load/vec4 v0x7fffdb0e0ff0_0;
    %flag_set/vec4 8;
    %jmp/0xz  T_2.4, 8;
    %load/vec4 v0x7fffdb0e10b0_0;
    %assign/vec4 v0x7fffdb0e1170_0, 0;
    %load/vec4 v0x7fffdb0e1230_0;
    %assign/vec4 v0x7fffdb0e1310_0, 0;
T_2.4 ;
T_2.3 ;
    %jmp T_2;
    .thread T_2;
    .scope S_0x7fffdb0e7640;
T_3 ;
    %wait E_0x7fffdb0e7940;
    %load/vec4 v0x7fffdb0e7d30_0;
    %dup/vec4;
    %pushi/vec4 0, 0, 6;
    %cmp/u;
    %jmp/1 T_3.0, 6;
    %dup/vec4;
    %pushi/vec4 16, 0, 6;
    %cmp/u;
    %jmp/1 T_3.1, 6;
    %dup/vec4;
    %pushi/vec4 2, 0, 6;
    %cmp/u;
    %jmp/1 T_3.2, 6;
    %dup/vec4;
    %pushi/vec4 19, 0, 6;
    %cmp/u;
    %jmp/1 T_3.3, 6;
    %load/vec4 v0x7fffdb0e7ac0_0;
    %parti/s 5, 21, 6;
    %store/vec4 v0x7fffdb0e7e90_0, 0, 5;
    %load/vec4 v0x7fffdb0e7ac0_0;
    %parti/s 5, 16, 6;
    %store/vec4 v0x7fffdb0e7f50_0, 0, 5;
    %pushi/vec4 0, 0, 5;
    %store/vec4 v0x7fffdb0e80f0_0, 0, 5;
    %pushi/vec4 0, 0, 5;
    %store/vec4 v0x7fffdb0e8010_0, 0, 5;
    %pushi/vec4 0, 0, 6;
    %store/vec4 v0x7fffdb0e7b80_0, 0, 6;
    %load/vec4 v0x7fffdb0e7ac0_0;
    %parti/s 16, 0, 2;
    %store/vec4 v0x7fffdb0e7c50_0, 0, 16;
    %pushi/vec4 0, 0, 26;
    %store/vec4 v0x7fffdb0e79c0_0, 0, 26;
    %jmp T_3.5;
T_3.0 ;
    %load/vec4 v0x7fffdb0e7ac0_0;
    %parti/s 5, 21, 6;
    %store/vec4 v0x7fffdb0e7e90_0, 0, 5;
    %load/vec4 v0x7fffdb0e7ac0_0;
    %parti/s 5, 16, 6;
    %store/vec4 v0x7fffdb0e7f50_0, 0, 5;
    %load/vec4 v0x7fffdb0e7ac0_0;
    %parti/s 5, 11, 5;
    %store/vec4 v0x7fffdb0e80f0_0, 0, 5;
    %load/vec4 v0x7fffdb0e7ac0_0;
    %parti/s 5, 6, 4;
    %store/vec4 v0x7fffdb0e8010_0, 0, 5;
    %load/vec4 v0x7fffdb0e7ac0_0;
    %parti/s 6, 0, 2;
    %store/vec4 v0x7fffdb0e7b80_0, 0, 6;
    %jmp T_3.5;
T_3.1 ;
    %load/vec4 v0x7fffdb0e7ac0_0;
    %parti/s 5, 21, 6;
    %store/vec4 v0x7fffdb0e7e90_0, 0, 5;
    %load/vec4 v0x7fffdb0e7ac0_0;
    %parti/s 5, 16, 6;
    %store/vec4 v0x7fffdb0e7f50_0, 0, 5;
    %load/vec4 v0x7fffdb0e7ac0_0;
    %parti/s 5, 11, 5;
    %store/vec4 v0x7fffdb0e80f0_0, 0, 5;
    %load/vec4 v0x7fffdb0e7ac0_0;
    %parti/s 5, 6, 4;
    %store/vec4 v0x7fffdb0e8010_0, 0, 5;
    %load/vec4 v0x7fffdb0e7ac0_0;
    %parti/s 6, 0, 2;
    %store/vec4 v0x7fffdb0e7b80_0, 0, 6;
    %jmp T_3.5;
T_3.2 ;
    %load/vec4 v0x7fffdb0e7ac0_0;
    %parti/s 26, 0, 2;
    %store/vec4 v0x7fffdb0e79c0_0, 0, 26;
    %jmp T_3.5;
T_3.3 ;
    %load/vec4 v0x7fffdb0e7ac0_0;
    %parti/s 26, 0, 2;
    %store/vec4 v0x7fffdb0e79c0_0, 0, 26;
    %jmp T_3.5;
T_3.5 ;
    %pop/vec4 1;
    %jmp T_3;
    .thread T_3, $push;
    .scope S_0x7fffdb0dd370;
T_4 ;
    %wait E_0x7fffdafc8690;
    %load/vec4 v0x7fffdb0de1f0_0;
    %flag_set/vec4 8;
    %jmp/0xz  T_4.0, 8;
    %pushi/vec4 0, 0, 32;
    %store/vec4 v0x7fffdb0ddcf0_0, 0, 32;
T_4.2 ;
    %load/vec4 v0x7fffdb0ddcf0_0;
    %cmpi/s 32, 0, 32;
    %jmp/0xz T_4.3, 5;
    %pushi/vec4 2, 0, 32;
    %ix/getv/s 3, v0x7fffdb0ddcf0_0;
    %ix/load 4, 0, 0; Constant delay
    %assign/vec4/a/d v0x7fffdb0ddf70, 0, 4;
    %load/vec4 v0x7fffdb0ddcf0_0;
    %addi 1, 0, 32;
    %store/vec4 v0x7fffdb0ddcf0_0, 0, 32;
    %jmp T_4.2;
T_4.3 ;
    %jmp T_4.1;
T_4.0 ;
    %load/vec4 v0x7fffdb0dd620_0;
    %flag_set/vec4 8;
    %jmp/0xz  T_4.4, 8;
    %load/vec4 v0x7fffdb0de290_0;
    %load/vec4 v0x7fffdb0de350_0;
    %pad/u 7;
    %ix/vec4 3;
    %ix/load 4, 0, 0; Constant delay
    %assign/vec4/a/d v0x7fffdb0ddf70, 0, 4;
T_4.4 ;
T_4.1 ;
    %jmp T_4;
    .thread T_4;
    .scope S_0x7fffdb0df1a0;
T_5 ;
    %wait E_0x7fffdafc8690;
    %load/vec4 v0x7fffdb0e0a00_0;
    %flag_set/vec4 8;
    %jmp/0xz  T_5.0, 8;
    %pushi/vec4 0, 0, 2;
    %store/vec4 v0x7fffdb0e06b0_0, 0, 2;
    %pushi/vec4 0, 0, 3;
    %store/vec4 v0x7fffdb0dfc70_0, 0, 3;
    %pushi/vec4 0, 0, 4;
    %store/vec4 v0x7fffdb0dfa30_0, 0, 4;
    %pushi/vec4 0, 0, 32;
    %store/vec4 v0x7fffdb0df680_0, 0, 32;
    %pushi/vec4 0, 0, 32;
    %store/vec4 v0x7fffdb0df840_0, 0, 32;
    %pushi/vec4 0, 0, 32;
    %store/vec4 v0x7fffdb0e0920_0, 0, 32;
    %pushi/vec4 0, 0, 5;
    %store/vec4 v0x7fffdb0e0200_0, 0, 5;
    %pushi/vec4 0, 0, 5;
    %store/vec4 v0x7fffdb0e03b0_0, 0, 5;
    %pushi/vec4 0, 0, 5;
    %store/vec4 v0x7fffdb0e0060_0, 0, 5;
    %pushi/vec4 0, 0, 6;
    %store/vec4 v0x7fffdb0dfec0_0, 0, 6;
    %jmp T_5.1;
T_5.0 ;
    %load/vec4 v0x7fffdb0dfb10_0;
    %flag_set/vec4 8;
    %jmp/0xz  T_5.2, 8;
    %load/vec4 v0x7fffdb0e05d0_0;
    %assign/vec4 v0x7fffdb0e06b0_0, 0;
    %load/vec4 v0x7fffdb0dfbb0_0;
    %assign/vec4 v0x7fffdb0dfc70_0, 0;
    %load/vec4 v0x7fffdb0df900_0;
    %assign/vec4 v0x7fffdb0dfa30_0, 0;
    %load/vec4 v0x7fffdb0df5a0_0;
    %assign/vec4 v0x7fffdb0df680_0, 0;
    %load/vec4 v0x7fffdb0df740_0;
    %assign/vec4 v0x7fffdb0df840_0, 0;
    %load/vec4 v0x7fffdb0e0860_0;
    %assign/vec4 v0x7fffdb0e0920_0, 0;
    %load/vec4 v0x7fffdb0e0140_0;
    %assign/vec4 v0x7fffdb0e0200_0, 0;
    %load/vec4 v0x7fffdb0e02c0_0;
    %assign/vec4 v0x7fffdb0e03b0_0, 0;
    %load/vec4 v0x7fffdb0dff80_0;
    %assign/vec4 v0x7fffdb0e0060_0, 0;
    %load/vec4 v0x7fffdb0dfdf0_0;
    %assign/vec4 v0x7fffdb0dfec0_0, 0;
T_5.2 ;
T_5.1 ;
    %jmp T_5;
    .thread T_5;
    .scope S_0x7fffdb0e6f70;
T_6 ;
    %wait E_0x7fffdb0e71b0;
    %load/vec4 v0x7fffdb0e7230_0;
    %dup/vec4;
    %pushi/vec4 0, 0, 1;
    %cmp/u;
    %jmp/1 T_6.0, 6;
    %dup/vec4;
    %pushi/vec4 1, 0, 1;
    %cmp/u;
    %jmp/1 T_6.1, 6;
    %jmp T_6.2;
T_6.0 ;
    %load/vec4 v0x7fffdb0e7310_0;
    %store/vec4 v0x7fffdb0e74d0_0, 0, 5;
    %jmp T_6.2;
T_6.1 ;
    %load/vec4 v0x7fffdb0e73d0_0;
    %store/vec4 v0x7fffdb0e74d0_0, 0, 5;
    %jmp T_6.2;
T_6.2 ;
    %pop/vec4 1;
    %jmp T_6;
    .thread T_6, $push;
    .scope S_0x7fffdb0e2550;
T_7 ;
    %wait E_0x7fffdb0c0740;
    %load/vec4 v0x7fffdb0e27d0_0;
    %dup/vec4;
    %pushi/vec4 0, 0, 2;
    %cmp/u;
    %jmp/1 T_7.0, 6;
    %dup/vec4;
    %pushi/vec4 1, 0, 2;
    %cmp/u;
    %jmp/1 T_7.1, 6;
    %dup/vec4;
    %pushi/vec4 2, 0, 2;
    %cmp/u;
    %jmp/1 T_7.2, 6;
    %jmp T_7.3;
T_7.0 ;
    %load/vec4 v0x7fffdb0e29a0_0;
    %assign/vec4 v0x7fffdb0e28e0_0, 0;
    %jmp T_7.3;
T_7.1 ;
    %load/vec4 v0x7fffdb0e2aa0_0;
    %assign/vec4 v0x7fffdb0e28e0_0, 0;
    %jmp T_7.3;
T_7.2 ;
    %load/vec4 v0x7fffdb0e2b70_0;
    %assign/vec4 v0x7fffdb0e28e0_0, 0;
    %jmp T_7.3;
T_7.3 ;
    %pop/vec4 1;
    %jmp T_7;
    .thread T_7, $push;
    .scope S_0x7fffdb0e2cb0;
T_8 ;
    %wait E_0x7fffdb0e2f90;
    %load/vec4 v0x7fffdb0e3020_0;
    %dup/vec4;
    %pushi/vec4 0, 0, 2;
    %cmp/u;
    %jmp/1 T_8.0, 6;
    %dup/vec4;
    %pushi/vec4 1, 0, 2;
    %cmp/u;
    %jmp/1 T_8.1, 6;
    %dup/vec4;
    %pushi/vec4 2, 0, 2;
    %cmp/u;
    %jmp/1 T_8.2, 6;
    %jmp T_8.3;
T_8.0 ;
    %load/vec4 v0x7fffdb0e31d0_0;
    %assign/vec4 v0x7fffdb0e3100_0, 0;
    %jmp T_8.3;
T_8.1 ;
    %load/vec4 v0x7fffdb0e32d0_0;
    %assign/vec4 v0x7fffdb0e3100_0, 0;
    %jmp T_8.3;
T_8.2 ;
    %load/vec4 v0x7fffdb0e3370_0;
    %assign/vec4 v0x7fffdb0e3100_0, 0;
    %jmp T_8.3;
T_8.3 ;
    %pop/vec4 1;
    %jmp T_8;
    .thread T_8, $push;
    .scope S_0x7fffdb0e44a0;
T_9 ;
    %wait E_0x7fffdb0e46e0;
    %load/vec4 v0x7fffdb0e4930_0;
    %dup/vec4;
    %pushi/vec4 0, 0, 6;
    %cmp/u;
    %jmp/1 T_9.0, 6;
    %dup/vec4;
    %pushi/vec4 9, 0, 6;
    %cmp/u;
    %jmp/1 T_9.1, 6;
    %dup/vec4;
    %pushi/vec4 35, 0, 6;
    %cmp/u;
    %jmp/1 T_9.2, 6;
    %dup/vec4;
    %pushi/vec4 43, 0, 6;
    %cmp/u;
    %jmp/1 T_9.3, 6;
    %dup/vec4;
    %pushi/vec4 4, 0, 6;
    %cmp/u;
    %jmp/1 T_9.4, 6;
    %pushi/vec4 0, 0, 32;
    %store/vec4 v0x7fffdb0e4a30_0, 0, 32;
    %jmp T_9.6;
T_9.0 ;
    %load/vec4 v0x7fffdb0e4760_0;
    %load/vec4 v0x7fffdb0e4870_0;
    %add;
    %store/vec4 v0x7fffdb0e4a30_0, 0, 32;
    %jmp T_9.6;
T_9.1 ;
    %load/vec4 v0x7fffdb0e4760_0;
    %load/vec4 v0x7fffdb0e4870_0;
    %add;
    %store/vec4 v0x7fffdb0e4a30_0, 0, 32;
    %jmp T_9.6;
T_9.2 ;
    %load/vec4 v0x7fffdb0e4760_0;
    %load/vec4 v0x7fffdb0e4870_0;
    %add;
    %store/vec4 v0x7fffdb0e4a30_0, 0, 32;
    %jmp T_9.6;
T_9.3 ;
    %load/vec4 v0x7fffdb0e4760_0;
    %load/vec4 v0x7fffdb0e4870_0;
    %add;
    %store/vec4 v0x7fffdb0e4a30_0, 0, 32;
    %jmp T_9.6;
T_9.4 ;
    %load/vec4 v0x7fffdb0e4760_0;
    %load/vec4 v0x7fffdb0e4870_0;
    %sub;
    %store/vec4 v0x7fffdb0e4a30_0, 0, 32;
    %jmp T_9.6;
T_9.6 ;
    %pop/vec4 1;
    %jmp T_9;
    .thread T_9, $push;
    .scope S_0x7fffdb0db910;
T_10 ;
    %wait E_0x7fffdafc8690;
    %load/vec4 v0x7fffdb0dc6a0_0;
    %flag_set/vec4 8;
    %jmp/0xz  T_10.0, 8;
    %pushi/vec4 0, 0, 2;
    %store/vec4 v0x7fffdb0dc340_0, 0, 2;
    %pushi/vec4 0, 0, 3;
    %store/vec4 v0x7fffdb0dbf70_0, 0, 3;
    %pushi/vec4 0, 0, 32;
    %store/vec4 v0x7fffdb0dbd10_0, 0, 32;
    %pushi/vec4 0, 0, 32;
    %store/vec4 v0x7fffdb0dc500_0, 0, 32;
    %pushi/vec4 0, 0, 5;
    %store/vec4 v0x7fffdb0dc180_0, 0, 5;
    %jmp T_10.1;
T_10.0 ;
    %load/vec4 v0x7fffdb0dbdf0_0;
    %flag_set/vec4 8;
    %jmp/0xz  T_10.2, 8;
    %load/vec4 v0x7fffdb0dc260_0;
    %assign/vec4 v0x7fffdb0dc340_0, 0;
    %load/vec4 v0x7fffdb0dbe90_0;
    %assign/vec4 v0x7fffdb0dbf70_0, 0;
    %load/vec4 v0x7fffdb0dbc10_0;
    %assign/vec4 v0x7fffdb0dbd10_0, 0;
    %load/vec4 v0x7fffdb0dc0a0_0;
    %assign/vec4 v0x7fffdb0dc180_0, 0;
    %load/vec4 v0x7fffdb0dc420_0;
    %assign/vec4 v0x7fffdb0dc500_0, 0;
T_10.2 ;
T_10.1 ;
    %jmp T_10;
    .thread T_10;
    .scope S_0x7fffdb0e4b90;
T_11 ;
    %end;
    .thread T_11;
    .scope S_0x7fffdb0e4b90;
T_12 ;
    %wait E_0x7fffdb0e4f80;
    %load/vec4 v0x7fffdb0e6510_0;
    %flag_set/vec4 8;
    %jmp/0xz  T_12.0, 8;
    %pushi/vec4 0, 0, 32;
    %store/vec4 v0x7fffdb0e60d0_0, 0, 32;
T_12.2 ;
    %load/vec4 v0x7fffdb0e60d0_0;
    %cmpi/s 4, 0, 32;
    %jmp/0xz T_12.3, 5;
    %pushi/vec4 0, 0, 155;
    %ix/getv/s 3, v0x7fffdb0e60d0_0;
    %ix/load 4, 0, 0; Constant delay
    %assign/vec4/a/d v0x7fffdb0e5be0, 0, 4;
    %load/vec4 v0x7fffdb0e60d0_0;
    %addi 1, 0, 32;
    %store/vec4 v0x7fffdb0e60d0_0, 0, 32;
    %jmp T_12.2;
T_12.3 ;
T_12.0 ;
    %jmp T_12;
    .thread T_12;
    .scope S_0x7fffdb0e4b90;
T_13 ;
    %wait E_0x7fffdb0e4f00;
    %load/vec4 v0x7fffdb0e5140_0;
    %flag_set/vec4 8;
    %jmp/0xz  T_13.0, 8;
    %load/vec4 v0x7fffdb0e6010_0;
    %flag_set/vec4 8;
    %jmp/0xz  T_13.2, 8;
    %load/vec4 v0x7fffdb0e6370_0;
    %dup/vec4;
    %pushi/vec4 0, 0, 2;
    %cmp/u;
    %jmp/1 T_13.4, 6;
    %dup/vec4;
    %pushi/vec4 1, 0, 2;
    %cmp/u;
    %jmp/1 T_13.5, 6;
    %dup/vec4;
    %pushi/vec4 2, 0, 2;
    %cmp/u;
    %jmp/1 T_13.6, 6;
    %dup/vec4;
    %pushi/vec4 3, 0, 2;
    %cmp/u;
    %jmp/1 T_13.7, 6;
    %jmp T_13.8;
T_13.4 ;
    %load/vec4 v0x7fffdb0e6730_0;
    %load/vec4 v0x7fffdb0e61b0_0;
    %pad/u 4;
    %ix/vec4 3;
    %ix/load 4, 96, 0; part off
    %ix/load 5, 0, 0; Constant delay
    %assign/vec4/a/d v0x7fffdb0e5be0, 4, 5;
    %jmp T_13.8;
T_13.5 ;
    %load/vec4 v0x7fffdb0e6730_0;
    %load/vec4 v0x7fffdb0e61b0_0;
    %pad/u 4;
    %ix/vec4 3;
    %ix/load 4, 64, 0; part off
    %ix/load 5, 0, 0; Constant delay
    %assign/vec4/a/d v0x7fffdb0e5be0, 4, 5;
    %jmp T_13.8;
T_13.6 ;
    %load/vec4 v0x7fffdb0e6730_0;
    %load/vec4 v0x7fffdb0e61b0_0;
    %pad/u 4;
    %ix/vec4 3;
    %ix/load 4, 32, 0; part off
    %ix/load 5, 0, 0; Constant delay
    %assign/vec4/a/d v0x7fffdb0e5be0, 4, 5;
    %jmp T_13.8;
T_13.7 ;
    %load/vec4 v0x7fffdb0e6730_0;
    %load/vec4 v0x7fffdb0e61b0_0;
    %pad/u 4;
    %ix/vec4 3;
    %ix/load 4, 0, 0; Constant delay
    %assign/vec4/a/d v0x7fffdb0e5be0, 0, 4;
    %jmp T_13.8;
T_13.8 ;
    %pop/vec4 1;
T_13.2 ;
T_13.0 ;
    %jmp T_13;
    .thread T_13;
    .scope S_0x7fffdb0e4b90;
T_14 ;
    %wait E_0x7fffdb0e4f00;
    %load/vec4 v0x7fffdb0e50a0_0;
    %flag_set/vec4 8;
    %jmp/0xz  T_14.0, 8;
    %load/vec4 v0x7fffdb0e6010_0;
    %flag_set/vec4 8;
    %jmp/0xz  T_14.2, 8;
    %load/vec4 v0x7fffdb0e61b0_0;
    %pad/u 4;
    %ix/vec4 4;
    %load/vec4a v0x7fffdb0e5be0, 4;
    %assign/vec4 v0x7fffdb0e5ca0_0, 0;
    %load/vec4 v0x7fffdb0e6370_0;
    %dup/vec4;
    %pushi/vec4 0, 0, 2;
    %cmp/u;
    %jmp/1 T_14.4, 6;
    %dup/vec4;
    %pushi/vec4 1, 0, 2;
    %cmp/u;
    %jmp/1 T_14.5, 6;
    %dup/vec4;
    %pushi/vec4 2, 0, 2;
    %cmp/u;
    %jmp/1 T_14.6, 6;
    %dup/vec4;
    %pushi/vec4 3, 0, 2;
    %cmp/u;
    %jmp/1 T_14.7, 6;
    %jmp T_14.8;
T_14.4 ;
    %load/vec4 v0x7fffdb0e61b0_0;
    %pad/u 4;
    %ix/vec4 4;
    %load/vec4a v0x7fffdb0e5be0, 4;
    %parti/s 32, 96, 8;
    %assign/vec4 v0x7fffdb0e6450_0, 0;
    %jmp T_14.8;
T_14.5 ;
    %load/vec4 v0x7fffdb0e61b0_0;
    %pad/u 4;
    %ix/vec4 4;
    %load/vec4a v0x7fffdb0e5be0, 4;
    %parti/s 32, 64, 8;
    %assign/vec4 v0x7fffdb0e6450_0, 0;
    %jmp T_14.8;
T_14.6 ;
    %load/vec4 v0x7fffdb0e61b0_0;
    %pad/u 4;
    %ix/vec4 4;
    %load/vec4a v0x7fffdb0e5be0, 4;
    %parti/s 32, 32, 7;
    %assign/vec4 v0x7fffdb0e6450_0, 0;
    %jmp T_14.8;
T_14.7 ;
    %load/vec4 v0x7fffdb0e61b0_0;
    %pad/u 4;
    %ix/vec4 4;
    %load/vec4a v0x7fffdb0e5be0, 4;
    %parti/s 32, 0, 2;
    %assign/vec4 v0x7fffdb0e6450_0, 0;
    %jmp T_14.8;
T_14.8 ;
    %pop/vec4 1;
    %jmp T_14.3;
T_14.2 ;
    %load/vec4 v0x7fffdb0e5e20_0;
    %pad/u 32;
    %cmpi/u 4, 0, 32;
    %jmp/0xz  T_14.9, 5;
    %load/vec4 v0x7fffdb0e61b0_0;
    %pad/u 4;
    %ix/vec4 4;
    %load/vec4a v0x7fffdb0e5be0, 4;
    %assign/vec4 v0x7fffdb0e5ca0_0, 0;
    %load/vec4 v0x7fffdb0e5e20_0;
    %dup/vec4;
    %pushi/vec4 0, 0, 3;
    %cmp/u;
    %jmp/1 T_14.11, 6;
    %dup/vec4;
    %pushi/vec4 1, 0, 3;
    %cmp/u;
    %jmp/1 T_14.12, 6;
    %dup/vec4;
    %pushi/vec4 2, 0, 3;
    %cmp/u;
    %jmp/1 T_14.13, 6;
    %dup/vec4;
    %pushi/vec4 3, 0, 3;
    %cmp/u;
    %jmp/1 T_14.14, 6;
    %jmp T_14.15;
T_14.11 ;
    %load/vec4 v0x7fffdb0e6290_0;
    %load/vec4 v0x7fffdb0e61b0_0;
    %pad/u 4;
    %ix/vec4 3;
    %ix/load 4, 96, 0; part off
    %ix/load 5, 0, 0; Constant delay
    %assign/vec4/a/d v0x7fffdb0e5be0, 4, 5;
    %jmp T_14.15;
T_14.12 ;
    %load/vec4 v0x7fffdb0e6290_0;
    %load/vec4 v0x7fffdb0e61b0_0;
    %pad/u 4;
    %ix/vec4 3;
    %ix/load 4, 64, 0; part off
    %ix/load 5, 0, 0; Constant delay
    %assign/vec4/a/d v0x7fffdb0e5be0, 4, 5;
    %jmp T_14.15;
T_14.13 ;
    %load/vec4 v0x7fffdb0e6290_0;
    %load/vec4 v0x7fffdb0e61b0_0;
    %pad/u 4;
    %ix/vec4 3;
    %ix/load 4, 32, 0; part off
    %ix/load 5, 0, 0; Constant delay
    %assign/vec4/a/d v0x7fffdb0e5be0, 4, 5;
    %jmp T_14.15;
T_14.14 ;
    %load/vec4 v0x7fffdb0e6290_0;
    %load/vec4 v0x7fffdb0e61b0_0;
    %pad/u 4;
    %ix/vec4 3;
    %ix/load 4, 0, 0; Constant delay
    %assign/vec4/a/d v0x7fffdb0e5be0, 0, 4;
    %jmp T_14.15;
T_14.15 ;
    %pop/vec4 1;
    %pushi/vec4 0, 0, 1;
    %load/vec4 v0x7fffdb0e61b0_0;
    %pad/u 4;
    %ix/vec4 3;
    %ix/load 4, 154, 0; part off
    %ix/load 5, 0, 0; Constant delay
    %assign/vec4/a/d v0x7fffdb0e5be0, 4, 5;
    %jmp T_14.10;
T_14.9 ;
    %load/vec4 v0x7fffdb0e61b0_0;
    %pad/u 4;
    %ix/vec4 4;
    %load/vec4a v0x7fffdb0e5be0, 4;
    %assign/vec4 v0x7fffdb0e5ca0_0, 0;
    %pushi/vec4 1, 0, 1;
    %load/vec4 v0x7fffdb0e61b0_0;
    %pad/u 4;
    %ix/vec4 3;
    %ix/load 4, 154, 0; part off
    %ix/load 5, 0, 0; Constant delay
    %assign/vec4/a/d v0x7fffdb0e5be0, 4, 5;
    %load/vec4 v0x7fffdb0e65b0_0;
    %load/vec4 v0x7fffdb0e61b0_0;
    %pad/u 4;
    %ix/vec4 3;
    %ix/load 4, 128, 0; part off
    %ix/load 5, 0, 0; Constant delay
    %assign/vec4/a/d v0x7fffdb0e5be0, 4, 5;
T_14.10 ;
T_14.3 ;
T_14.0 ;
    %jmp T_14;
    .thread T_14;
    .scope S_0x7fffdb0e82b0;
T_15 ;
    %wait E_0x7fffdb0e4f80;
    %load/vec4 v0x7fffdb0e8e60_0;
    %flag_set/vec4 8;
    %jmp/0xz  T_15.0, 8;
    %pushi/vec4 0, 0, 32;
    %store/vec4 v0x7fffdb0e8bd0_0, 0, 32;
T_15.2 ;
    %load/vec4 v0x7fffdb0e8bd0_0;
    %cmpi/s 32, 0, 32;
    %jmp/0xz T_15.3, 5;
    %load/vec4 v0x7fffdb0e8bd0_0;
    %ix/getv/s 3, v0x7fffdb0e8bd0_0;
    %ix/load 4, 0, 0; Constant delay
    %assign/vec4/a/d v0x7fffdb0e8a60, 0, 4;
    %load/vec4 v0x7fffdb0e8bd0_0;
    %addi 1, 0, 32;
    %store/vec4 v0x7fffdb0e8bd0_0, 0, 32;
    %jmp T_15.2;
T_15.3 ;
    %pushi/vec4 0, 0, 3;
    %assign/vec4 v0x7fffdb0e8950_0, 0;
T_15.0 ;
    %jmp T_15;
    .thread T_15;
    .scope S_0x7fffdb0e82b0;
T_16 ;
    %wait E_0x7fffdb0e4f00;
    %load/vec4 v0x7fffdb0e8750_0;
    %flag_set/vec4 8;
    %jmp/0xz  T_16.0, 8;
    %load/vec4 v0x7fffdb0e8f00_0;
    %ix/getv 3, v0x7fffdb0e8810_0;
    %ix/load 4, 0, 0; Constant delay
    %assign/vec4/a/d v0x7fffdb0e8a60, 0, 4;
T_16.0 ;
    %jmp T_16;
    .thread T_16;
    .scope S_0x7fffdb0e82b0;
T_17 ;
    %wait E_0x7fffdb0e4f00;
    %load/vec4 v0x7fffdb0e8670_0;
    %flag_set/vec4 8;
    %jmp/0xz  T_17.0, 8;
    %load/vec4 v0x7fffdb0e8b00_0;
    %nor/r;
    %flag_set/vec4 8;
    %jmp/0xz  T_17.2, 8;
    %load/vec4 v0x7fffdb0e8950_0;
    %pad/u 32;
    %cmpi/u 4, 0, 32;
    %jmp/0xz  T_17.4, 5;
    %load/vec4 v0x7fffdb0e8810_0;
    %pad/u 33;
    %load/vec4 v0x7fffdb0e8950_0;
    %pad/u 33;
    %add;
    %ix/vec4 4;
    %load/vec4a v0x7fffdb0e8a60, 4;
    %assign/vec4 v0x7fffdb0e8d70_0, 0;
    %load/vec4 v0x7fffdb0e8950_0;
    %addi 1, 0, 3;
    %store/vec4 v0x7fffdb0e8950_0, 0, 3;
T_17.4 ;
T_17.2 ;
T_17.0 ;
    %jmp T_17;
    .thread T_17;
    .scope S_0x7fffdb0e1790;
T_18 ;
    %wait E_0x7fffdafc8690;
    %load/vec4 v0x7fffdb0e22c0_0;
    %flag_set/vec4 8;
    %jmp/0xz  T_18.0, 8;
    %pushi/vec4 0, 0, 2;
    %store/vec4 v0x7fffdb0e20d0_0, 0, 2;
    %pushi/vec4 0, 0, 32;
    %store/vec4 v0x7fffdb0e1d30_0, 0, 32;
    %pushi/vec4 0, 0, 32;
    %store/vec4 v0x7fffdb0e1b00_0, 0, 32;
    %pushi/vec4 0, 0, 5;
    %store/vec4 v0x7fffdb0e1f70_0, 0, 5;
    %jmp T_18.1;
T_18.0 ;
    %load/vec4 v0x7fffdb0e1bc0_0;
    %flag_set/vec4 8;
    %jmp/0xz  T_18.2, 8;
    %load/vec4 v0x7fffdb0e2030_0;
    %assign/vec4 v0x7fffdb0e20d0_0, 0;
    %load/vec4 v0x7fffdb0e1c90_0;
    %assign/vec4 v0x7fffdb0e1d30_0, 0;
    %load/vec4 v0x7fffdb0e1a20_0;
    %assign/vec4 v0x7fffdb0e1b00_0, 0;
    %load/vec4 v0x7fffdb0e1e60_0;
    %assign/vec4 v0x7fffdb0e1f70_0, 0;
T_18.2 ;
T_18.1 ;
    %jmp T_18;
    .thread T_18;
    .scope S_0x7fffdb0dc900;
T_19 ;
    %wait E_0x7fffdafc7b00;
    %load/vec4 v0x7fffdb0dcfe0_0;
    %load/vec4 v0x7fffdb0dced0_0;
    %pad/u 32;
    %pushi/vec4 0, 0, 32;
    %cmp/e;
    %flag_get/vec4 4;
    %inv;
    %and;
    %load/vec4 v0x7fffdb0dced0_0;
    %load/vec4 v0x7fffdb0dcb50_0;
    %cmp/e;
    %flag_get/vec4 4;
    %and;
    %flag_set/vec4 8;
    %jmp/0xz  T_19.0, 8;
    %pushi/vec4 2, 0, 2;
    %store/vec4 v0x7fffdb0dcd30_0, 0, 2;
    %jmp T_19.1;
T_19.0 ;
    %load/vec4 v0x7fffdb0dd160_0;
    %load/vec4 v0x7fffdb0dd080_0;
    %pad/u 32;
    %pushi/vec4 0, 0, 32;
    %cmp/e;
    %flag_get/vec4 4;
    %inv;
    %and;
    %load/vec4 v0x7fffdb0dd080_0;
    %load/vec4 v0x7fffdb0dcb50_0;
    %cmp/e;
    %flag_get/vec4 4;
    %and;
    %load/vec4 v0x7fffdb0dced0_0;
    %load/vec4 v0x7fffdb0dcb50_0;
    %cmp/e;
    %flag_get/vec4 4;
    %inv;
    %and;
    %flag_set/vec4 8;
    %jmp/0xz  T_19.2, 8;
    %pushi/vec4 1, 0, 2;
    %store/vec4 v0x7fffdb0dcd30_0, 0, 2;
    %jmp T_19.3;
T_19.2 ;
    %pushi/vec4 0, 0, 2;
    %store/vec4 v0x7fffdb0dcd30_0, 0, 2;
T_19.3 ;
T_19.1 ;
    %jmp T_19;
    .thread T_19, $push;
    .scope S_0x7fffdb0dc900;
T_20 ;
    %wait E_0x7fffdafc8fa0;
    %load/vec4 v0x7fffdb0dd160_0;
    %load/vec4 v0x7fffdb0dd080_0;
    %pad/u 32;
    %pushi/vec4 0, 0, 32;
    %cmp/e;
    %flag_get/vec4 4;
    %inv;
    %and;
    %load/vec4 v0x7fffdb0dd080_0;
    %load/vec4 v0x7fffdb0dcc50_0;
    %cmp/e;
    %flag_get/vec4 4;
    %and;
    %load/vec4 v0x7fffdb0dced0_0;
    %load/vec4 v0x7fffdb0dcc50_0;
    %cmp/e;
    %flag_get/vec4 4;
    %inv;
    %and;
    %flag_set/vec4 8;
    %jmp/0xz  T_20.0, 8;
    %pushi/vec4 1, 0, 2;
    %store/vec4 v0x7fffdb0dcdf0_0, 0, 2;
    %jmp T_20.1;
T_20.0 ;
    %load/vec4 v0x7fffdb0dcfe0_0;
    %load/vec4 v0x7fffdb0dced0_0;
    %pad/u 32;
    %pushi/vec4 0, 0, 32;
    %cmp/e;
    %flag_get/vec4 4;
    %inv;
    %and;
    %load/vec4 v0x7fffdb0dced0_0;
    %load/vec4 v0x7fffdb0dcc50_0;
    %cmp/e;
    %flag_get/vec4 4;
    %and;
    %flag_set/vec4 8;
    %jmp/0xz  T_20.2, 8;
    %pushi/vec4 2, 0, 2;
    %store/vec4 v0x7fffdb0dcdf0_0, 0, 2;
    %jmp T_20.3;
T_20.2 ;
    %pushi/vec4 0, 0, 2;
    %store/vec4 v0x7fffdb0dcdf0_0, 0, 2;
T_20.3 ;
T_20.1 ;
    %jmp T_20;
    .thread T_20, $push;
    .scope S_0x7fffdb0de510;
T_21 ;
    %wait E_0x7fffdafc7c10;
    %load/vec4 v0x7fffdb0de7f0_0;
    %flag_set/vec4 8;
    %jmp/0xz  T_21.0, 8;
    %pushi/vec4 0, 0, 1;
    %store/vec4 v0x7fffdb0def80_0, 0, 1;
    %pushi/vec4 0, 0, 1;
    %store/vec4 v0x7fffdb0dee20_0, 0, 1;
    %pushi/vec4 0, 0, 1;
    %store/vec4 v0x7fffdb0deb00_0, 0, 1;
    %pushi/vec4 0, 0, 1;
    %store/vec4 v0x7fffdb0debf0_0, 0, 1;
    %pushi/vec4 0, 0, 1;
    %store/vec4 v0x7fffdb0de8d0_0, 0, 1;
    %pushi/vec4 0, 0, 1;
    %store/vec4 v0x7fffdb0deec0_0, 0, 1;
    %jmp T_21.1;
T_21.0 ;
    %load/vec4 v0x7fffdb0de990_0;
    %load/vec4 v0x7fffdb0dea30_0;
    %load/vec4 v0x7fffdb0dec90_0;
    %cmp/e;
    %flag_get/vec4 4;
    %load/vec4 v0x7fffdb0dea30_0;
    %load/vec4 v0x7fffdb0ded50_0;
    %cmp/e;
    %flag_get/vec4 4;
    %or;
    %and;
    %flag_set/vec4 8;
    %jmp/0xz  T_21.2, 8;
    %pushi/vec4 0, 0, 1;
    %store/vec4 v0x7fffdb0def80_0, 0, 1;
    %pushi/vec4 0, 0, 1;
    %store/vec4 v0x7fffdb0dee20_0, 0, 1;
    %pushi/vec4 0, 0, 1;
    %store/vec4 v0x7fffdb0deb00_0, 0, 1;
    %pushi/vec4 1, 0, 1;
    %store/vec4 v0x7fffdb0debf0_0, 0, 1;
    %pushi/vec4 1, 0, 1;
    %store/vec4 v0x7fffdb0de8d0_0, 0, 1;
    %pushi/vec4 1, 0, 1;
    %store/vec4 v0x7fffdb0deec0_0, 0, 1;
    %jmp T_21.3;
T_21.2 ;
    %pushi/vec4 1, 0, 1;
    %store/vec4 v0x7fffdb0def80_0, 0, 1;
    %pushi/vec4 1, 0, 1;
    %store/vec4 v0x7fffdb0dee20_0, 0, 1;
    %pushi/vec4 1, 0, 1;
    %store/vec4 v0x7fffdb0deb00_0, 0, 1;
    %pushi/vec4 1, 0, 1;
    %store/vec4 v0x7fffdb0debf0_0, 0, 1;
    %pushi/vec4 1, 0, 1;
    %store/vec4 v0x7fffdb0de8d0_0, 0, 1;
    %pushi/vec4 1, 0, 1;
    %store/vec4 v0x7fffdb0deec0_0, 0, 1;
T_21.3 ;
T_21.1 ;
    %jmp T_21;
    .thread T_21, $push;
    .scope S_0x7fffdb0e3e60;
T_22 ;
    %wait E_0x7fffdb0e36d0;
    %load/vec4 v0x7fffdb0e40a0_0;
    %dup/vec4;
    %pushi/vec4 1, 0, 1;
    %cmp/u;
    %jmp/1 T_22.0, 6;
    %dup/vec4;
    %pushi/vec4 0, 0, 1;
    %cmp/u;
    %jmp/1 T_22.1, 6;
    %pushi/vec4 0, 0, 32;
    %store/vec4 v0x7fffdb0e4370_0, 0, 32;
    %jmp T_22.3;
T_22.0 ;
    %load/vec4 v0x7fffdb0e4180_0;
    %store/vec4 v0x7fffdb0e4370_0, 0, 32;
    %jmp T_22.3;
T_22.1 ;
    %load/vec4 v0x7fffdb0e4270_0;
    %store/vec4 v0x7fffdb0e4370_0, 0, 32;
    %jmp T_22.3;
T_22.3 ;
    %pop/vec4 1;
    %jmp T_22;
    .thread T_22, $push;
    .scope S_0x7fffdb0929e0;
T_23 ;
    %pushi/vec4 0, 0, 1;
    %store/vec4 v0x7fffdb0f0720_0, 0, 1;
    %end;
    .thread T_23;
    .scope S_0x7fffdb0929e0;
T_24 ;
    %pushi/vec4 1, 0, 1;
    %store/vec4 v0x7fffdb0f07c0_0, 0, 1;
    %end;
    .thread T_24;
    .scope S_0x7fffdb0929e0;
T_25 ;
    %delay 2, 0;
    %pushi/vec4 0, 0, 1;
    %store/vec4 v0x7fffdb0f07c0_0, 0, 1;
    %end;
    .thread T_25;
    .scope S_0x7fffdb0929e0;
T_26 ;
    %delay 50, 0;
    %vpi_call 2 8 "$finish" {0 0 0};
    %end;
    .thread T_26;
    .scope S_0x7fffdb0929e0;
T_27 ;
    %delay 1, 0;
    %load/vec4 v0x7fffdb0f0720_0;
    %nor/r;
    %store/vec4 v0x7fffdb0f0720_0, 0, 1;
    %jmp T_27;
    .thread T_27;
    .scope S_0x7fffdb0929e0;
T_28 ;
    %vpi_call 2 14 "$dumpfile", "test.vcd" {0 0 0};
    %vpi_call 2 15 "$dumpvars" {0 0 0};
    %end;
    .thread T_28;
# The file index is used to find the file name in the following table.
:file_names 28;
    "N/A";
    "<interactive>";
    "./testbanch.v";
    "./single_cpu.v";
    "./control_flow.v";
    "./data_flow.v";
    "./EXMEM.v";
    "./ForwardUnit.v";
    "./GPRs.v";
    "./HazardUnit.v";
    "./IDEX.v";
    "./IFID.v";
    "./MEMWB.v";
    "./MUX3.v";
    "./PCcontrol.v";
    "./WRcontrol.v";
    "./alu.v";
    "./cache_memory.v";
    "./choose_rd2_imm.v";
    "./choose_write_reg.v";
    "./comand_parser.v";
    "./data_memory.v";
    "./extend.v";
    "./imm_ext.v";
    "./inst_memory.v";
    "./pc.v";
    "./plus_4.v";
    "./two_in_sum.v";
